{"E:\\woowa\\open_mission\\open_mission\\src\\App.tsx": {"path":"E:\\woowa\\open_mission\\open_mission\\src\\App.tsx","statementMap":{"0":{"start":{"line":6,"column":20},"end":{"line":13,"column":2}},"1":{"start":{"line":16,"column":2},"end":{"line":24,"column":4}}},"fnMap":{"0":{"name":"App","decl":{"start":{"line":15,"column":9},"end":{"line":15,"column":12}},"loc":{"start":{"line":15,"column":12},"end":{"line":25,"column":1}}}},"branchMap":{},"s":{"0":0,"1":0},"f":{"0":0},"b":{}}
,"E:\\woowa\\open_mission\\open_mission\\src\\_mocks_\\mockPostDetail.ts": {"path":"E:\\woowa\\open_mission\\open_mission\\src\\_mocks_\\mockPostDetail.ts","statementMap":{"0":{"start":{"line":4,"column":42},"end":{"line":68,"column":2}},"1":{"start":{"line":71,"column":52},"end":{"line":97,"column":2}},"2":{"start":{"line":100,"column":56},"end":{"line":168,"column":2}},"3":{"start":{"line":171,"column":55},"end":{"line":225,"column":2}}},"fnMap":{},"branchMap":{},"s":{"0":0,"1":0,"2":0,"3":0},"f":{},"b":{}}
,"E:\\woowa\\open_mission\\open_mission\\src\\_mocks_\\mockUser.ts": {"path":"E:\\woowa\\open_mission\\open_mission\\src\\_mocks_\\mockUser.ts","statementMap":{"0":{"start":{"line":3,"column":24},"end":{"line":12,"column":2}}},"fnMap":{},"branchMap":{},"s":{"0":0},"f":{},"b":{}}
,"E:\\woowa\\open_mission\\open_mission\\src\\_mocks_\\mockposts.ts": {"path":"E:\\woowa\\open_mission\\open_mission\\src\\_mocks_\\mockposts.ts","statementMap":{"0":{"start":{"line":4,"column":24},"end":{"line":29,"column":2}},"1":{"start":{"line":31,"column":25},"end":{"line":61,"column":2}},"2":{"start":{"line":34,"column":16},"end":{"line":34,"column":26}},"3":{"start":{"line":36,"column":29},"end":{"line":36,"column":68}},"4":{"start":{"line":37,"column":22},"end":{"line":37,"column":90}},"5":{"start":{"line":39,"column":25},"end":{"line":39,"column":62}},"6":{"start":{"line":41,"column":21},"end":{"line":47,"column":7}},"7":{"start":{"line":41,"column":71},"end":{"line":47,"column":6}},"8":{"start":{"line":49,"column":4},"end":{"line":59,"column":6}}},"fnMap":{"0":{"name":"(anonymous_0)","decl":{"start":{"line":33,"column":32},"end":{"line":33,"column":33}},"loc":{"start":{"line":33,"column":41},"end":{"line":60,"column":3}}},"1":{"name":"(anonymous_1)","decl":{"start":{"line":41,"column":58},"end":{"line":41,"column":59}},"loc":{"start":{"line":41,"column":71},"end":{"line":47,"column":6}}}},"branchMap":{"0":{"loc":{"start":{"line":52,"column":15},"end":{"line":52,"column":88}},"type":"cond-expr","locations":[{"start":{"line":52,"column":37},"end":{"line":52,"column":60}},{"start":{"line":52,"column":63},"end":{"line":52,"column":88}}]},"1":{"loc":{"start":{"line":55,"column":13},"end":{"line":55,"column":106}},"type":"cond-expr","locations":[{"start":{"line":55,"column":35},"end":{"line":55,"column":94}},{"start":{"line":55,"column":97},"end":{"line":55,"column":106}}]}},"s":{"0":0,"1":0,"2":0,"3":0,"4":0,"5":0,"6":0,"7":0,"8":0},"f":{"0":0,"1":0},"b":{"0":[0,0],"1":[0,0]}}
,"E:\\woowa\\open_mission\\open_mission\\src\\api\\apiInstance.ts": {"path":"E:\\woowa\\open_mission\\open_mission\\src\\api\\apiInstance.ts","statementMap":{"0":{"start":{"line":1,"column":0},"end":{"line":1,"column":57}},"1":{"start":{"line":2,"column":0},"end":{"line":2,"column":62}},"2":{"start":{"line":5,"column":13},"end":{"line":10,"column":3}},"3":{"start":{"line":13,"column":23},"end":{"line":18,"column":1}},"4":{"start":{"line":14,"column":2},"end":{"line":16,"column":3}},"5":{"start":{"line":15,"column":4},"end":{"line":15,"column":16}},"6":{"start":{"line":17,"column":2},"end":{"line":17,"column":47}},"7":{"start":{"line":20,"column":31},"end":{"line":25,"column":1}},"8":{"start":{"line":21,"column":2},"end":{"line":23,"column":3}},"9":{"start":{"line":22,"column":4},"end":{"line":22,"column":16}},"10":{"start":{"line":24,"column":2},"end":{"line":24,"column":48}},"11":{"start":{"line":20,"column":13},"end":{"line":20,"column":31}},"12":{"start":{"line":27,"column":30},"end":{"line":36,"column":1}},"13":{"start":{"line":28,"column":2},"end":{"line":30,"column":3}},"14":{"start":{"line":29,"column":4},"end":{"line":29,"column":11}},"15":{"start":{"line":31,"column":2},"end":{"line":35,"column":3}},"16":{"start":{"line":32,"column":4},"end":{"line":32,"column":45}},"17":{"start":{"line":34,"column":4},"end":{"line":34,"column":49}},"18":{"start":{"line":27,"column":13},"end":{"line":27,"column":30}},"19":{"start":{"line":38,"column":31},"end":{"line":47,"column":1}},"20":{"start":{"line":39,"column":2},"end":{"line":41,"column":3}},"21":{"start":{"line":40,"column":4},"end":{"line":40,"column":11}},"22":{"start":{"line":42,"column":2},"end":{"line":46,"column":3}},"23":{"start":{"line":43,"column":4},"end":{"line":43,"column":46}},"24":{"start":{"line":45,"column":4},"end":{"line":45,"column":50}},"25":{"start":{"line":38,"column":13},"end":{"line":38,"column":31}},"26":{"start":{"line":50,"column":0},"end":{"line":58,"column":3}},"27":{"start":{"line":51,"column":22},"end":{"line":51,"column":38}},"28":{"start":{"line":53,"column":2},"end":{"line":55,"column":3}},"29":{"start":{"line":54,"column":4},"end":{"line":54,"column":59}},"30":{"start":{"line":57,"column":2},"end":{"line":57,"column":16}},"31":{"start":{"line":61,"column":0},"end":{"line":79,"column":2}},"32":{"start":{"line":64,"column":4},"end":{"line":66,"column":5}},"33":{"start":{"line":65,"column":6},"end":{"line":65,"column":22}},"34":{"start":{"line":69,"column":4},"end":{"line":75,"column":5}},"35":{"start":{"line":70,"column":6},"end":{"line":74,"column":9}},"36":{"start":{"line":76,"column":4},"end":{"line":76,"column":20}},"37":{"start":{"line":78,"column":11},"end":{"line":78,"column":32}},"38":{"start":{"line":82,"column":28},"end":{"line":89,"column":11}},"39":{"start":{"line":92,"column":23},"end":{"line":97,"column":1}},"40":{"start":{"line":93,"column":2},"end":{"line":95,"column":3}},"41":{"start":{"line":94,"column":4},"end":{"line":94,"column":17}},"42":{"start":{"line":96,"column":2},"end":{"line":96,"column":64}},"43":{"start":{"line":96,"column":42},"end":{"line":96,"column":62}},"44":{"start":{"line":100,"column":25},"end":{"line":157,"column":1}},"45":{"start":{"line":101,"column":14},"end":{"line":101,"column":39}},"46":{"start":{"line":104,"column":2},"end":{"line":106,"column":3}},"47":{"start":{"line":105,"column":4},"end":{"line":105,"column":41}},"48":{"start":{"line":108,"column":23},"end":{"line":108,"column":40}},"49":{"start":{"line":109,"column":2},"end":{"line":116,"column":3}},"50":{"start":{"line":110,"column":4},"end":{"line":110,"column":25}},"51":{"start":{"line":111,"column":4},"end":{"line":111,"column":26}},"52":{"start":{"line":112,"column":4},"end":{"line":114,"column":5}},"53":{"start":{"line":113,"column":6},"end":{"line":113,"column":33}},"54":{"start":{"line":115,"column":4},"end":{"line":115,"column":41}},"55":{"start":{"line":118,"column":2},"end":{"line":156,"column":3}},"56":{"start":{"line":119,"column":23},"end":{"line":131,"column":null}},"57":{"start":{"line":134,"column":59},"end":{"line":134,"column":86}},"58":{"start":{"line":136,"column":4},"end":{"line":138,"column":5}},"59":{"start":{"line":137,"column":6},"end":{"line":137,"column":66}},"60":{"start":{"line":140,"column":4},"end":{"line":140,"column":32}},"61":{"start":{"line":141,"column":4},"end":{"line":141,"column":37}},"62":{"start":{"line":144,"column":4},"end":{"line":146,"column":5}},"63":{"start":{"line":145,"column":6},"end":{"line":145,"column":84}},"64":{"start":{"line":148,"column":4},"end":{"line":148,"column":29}},"65":{"start":{"line":150,"column":4},"end":{"line":150,"column":25}},"66":{"start":{"line":151,"column":4},"end":{"line":151,"column":26}},"67":{"start":{"line":152,"column":4},"end":{"line":154,"column":5}},"68":{"start":{"line":153,"column":6},"end":{"line":153,"column":33}},"69":{"start":{"line":155,"column":4},"end":{"line":155,"column":33}},"70":{"start":{"line":160,"column":0},"end":{"line":173,"column":3}},"71":{"start":{"line":164,"column":16},"end":{"line":164,"column":33}},"72":{"start":{"line":165,"column":19},"end":{"line":165,"column":41}},"73":{"start":{"line":167,"column":4},"end":{"line":169,"column":5}},"74":{"start":{"line":168,"column":6},"end":{"line":168,"column":19}},"75":{"start":{"line":171,"column":4},"end":{"line":171,"column":26}}},"fnMap":{"0":{"name":"(anonymous_1)","decl":{"start":{"line":13,"column":23},"end":{"line":13,"column":41}},"loc":{"start":{"line":13,"column":43},"end":{"line":18,"column":1}}},"1":{"name":"(anonymous_2)","decl":{"start":{"line":20,"column":31},"end":{"line":20,"column":49}},"loc":{"start":{"line":20,"column":51},"end":{"line":25,"column":1}}},"2":{"name":"(anonymous_3)","decl":{"start":{"line":27,"column":30},"end":{"line":27,"column":31}},"loc":{"start":{"line":27,"column":61},"end":{"line":36,"column":1}}},"3":{"name":"(anonymous_4)","decl":{"start":{"line":38,"column":31},"end":{"line":38,"column":32}},"loc":{"start":{"line":38,"column":62},"end":{"line":47,"column":1}}},"4":{"name":"(anonymous_5)","decl":{"start":{"line":50,"column":39},"end":{"line":50,"column":45}},"loc":{"start":{"line":50,"column":48},"end":{"line":58,"column":1}}},"5":{"name":"(anonymous_6)","decl":{"start":{"line":62,"column":2},"end":{"line":62,"column":10}},"loc":{"start":{"line":62,"column":13},"end":{"line":77,"column":3}}},"6":{"name":"(anonymous_7)","decl":{"start":{"line":78,"column":2},"end":{"line":78,"column":7}},"loc":{"start":{"line":78,"column":11},"end":{"line":78,"column":32}}},"7":{"name":"(anonymous_8)","decl":{"start":{"line":92,"column":23},"end":{"line":92,"column":24}},"loc":{"start":{"line":92,"column":40},"end":{"line":97,"column":1}}},"8":{"name":"(anonymous_9)","decl":{"start":{"line":96,"column":34},"end":{"line":96,"column":38}},"loc":{"start":{"line":96,"column":42},"end":{"line":96,"column":62}}},"9":{"name":"(anonymous_10)","decl":{"start":{"line":100,"column":25},"end":{"line":100,"column":30}},"loc":{"start":{"line":100,"column":61},"end":{"line":157,"column":1}}},"10":{"name":"(anonymous_11)","decl":{"start":{"line":163,"column":17},"end":{"line":163,"column":18}},"loc":{"start":{"line":163,"column":39},"end":{"line":172,"column":3}}}},"branchMap":{"0":{"loc":{"start":{"line":14,"column":2},"end":{"line":16,"column":3}},"type":"if","locations":[{"start":{"line":14,"column":2},"end":{"line":16,"column":3}},{"start":{},"end":{}}]},"1":{"loc":{"start":{"line":21,"column":2},"end":{"line":23,"column":3}},"type":"if","locations":[{"start":{"line":21,"column":2},"end":{"line":23,"column":3}},{"start":{},"end":{}}]},"2":{"loc":{"start":{"line":28,"column":2},"end":{"line":30,"column":3}},"type":"if","locations":[{"start":{"line":28,"column":2},"end":{"line":30,"column":3}},{"start":{},"end":{}}]},"3":{"loc":{"start":{"line":31,"column":2},"end":{"line":35,"column":3}},"type":"if","locations":[{"start":{"line":31,"column":2},"end":{"line":35,"column":3}},{"start":{"line":33,"column":9},"end":{"line":35,"column":3}}]},"4":{"loc":{"start":{"line":39,"column":2},"end":{"line":41,"column":3}},"type":"if","locations":[{"start":{"line":39,"column":2},"end":{"line":41,"column":3}},{"start":{},"end":{}}]},"5":{"loc":{"start":{"line":42,"column":2},"end":{"line":46,"column":3}},"type":"if","locations":[{"start":{"line":42,"column":2},"end":{"line":46,"column":3}},{"start":{"line":44,"column":9},"end":{"line":46,"column":3}}]},"6":{"loc":{"start":{"line":53,"column":2},"end":{"line":55,"column":3}},"type":"if","locations":[{"start":{"line":53,"column":2},"end":{"line":55,"column":3}},{"start":{},"end":{}}]},"7":{"loc":{"start":{"line":64,"column":4},"end":{"line":66,"column":5}},"type":"if","locations":[{"start":{"line":64,"column":4},"end":{"line":66,"column":5}},{"start":{},"end":{}}]},"8":{"loc":{"start":{"line":69,"column":4},"end":{"line":75,"column":5}},"type":"if","locations":[{"start":{"line":69,"column":4},"end":{"line":75,"column":5}},{"start":{},"end":{}}]},"9":{"loc":{"start":{"line":69,"column":8},"end":{"line":69,"column":56}},"type":"binary-expr","locations":[{"start":{"line":69,"column":8},"end":{"line":69,"column":27}},{"start":{"line":69,"column":31},"end":{"line":69,"column":56}}]},"10":{"loc":{"start":{"line":72,"column":17},"end":{"line":72,"column":58}},"type":"binary-expr","locations":[{"start":{"line":72,"column":17},"end":{"line":72,"column":38}},{"start":{"line":72,"column":42},"end":{"line":72,"column":58}}]},"11":{"loc":{"start":{"line":93,"column":2},"end":{"line":95,"column":3}},"type":"if","locations":[{"start":{"line":93,"column":2},"end":{"line":95,"column":3}},{"start":{},"end":{}}]},"12":{"loc":{"start":{"line":104,"column":2},"end":{"line":106,"column":3}},"type":"if","locations":[{"start":{"line":104,"column":2},"end":{"line":106,"column":3}},{"start":{},"end":{}}]},"13":{"loc":{"start":{"line":109,"column":2},"end":{"line":116,"column":3}},"type":"if","locations":[{"start":{"line":109,"column":2},"end":{"line":116,"column":3}},{"start":{},"end":{}}]},"14":{"loc":{"start":{"line":112,"column":4},"end":{"line":114,"column":5}},"type":"if","locations":[{"start":{"line":112,"column":4},"end":{"line":114,"column":5}},{"start":{},"end":{}}]},"15":{"loc":{"start":{"line":134,"column":59},"end":{"line":134,"column":86}},"type":"binary-expr","locations":[{"start":{"line":134,"column":59},"end":{"line":134,"column":80}},{"start":{"line":134,"column":84},"end":{"line":134,"column":86}}]},"16":{"loc":{"start":{"line":136,"column":4},"end":{"line":138,"column":5}},"type":"if","locations":[{"start":{"line":136,"column":4},"end":{"line":138,"column":5}},{"start":{},"end":{}}]},"17":{"loc":{"start":{"line":136,"column":8},"end":{"line":136,"column":40}},"type":"binary-expr","locations":[{"start":{"line":136,"column":8},"end":{"line":136,"column":20}},{"start":{"line":136,"column":24},"end":{"line":136,"column":40}}]},"18":{"loc":{"start":{"line":144,"column":4},"end":{"line":146,"column":5}},"type":"if","locations":[{"start":{"line":144,"column":4},"end":{"line":146,"column":5}},{"start":{},"end":{}}]},"19":{"loc":{"start":{"line":152,"column":4},"end":{"line":154,"column":5}},"type":"if","locations":[{"start":{"line":152,"column":4},"end":{"line":154,"column":5}},{"start":{},"end":{}}]},"20":{"loc":{"start":{"line":167,"column":4},"end":{"line":169,"column":5}},"type":"if","locations":[{"start":{"line":167,"column":4},"end":{"line":169,"column":5}},{"start":{},"end":{}}]}},"s":{"0":5,"1":5,"2":5,"3":5,"4":0,"5":0,"6":0,"7":5,"8":0,"9":0,"10":0,"11":5,"12":5,"13":0,"14":0,"15":0,"16":0,"17":0,"18":5,"19":5,"20":0,"21":0,"22":0,"23":0,"24":0,"25":5,"26":5,"27":0,"28":0,"29":0,"30":0,"31":5,"32":0,"33":0,"34":0,"35":0,"36":0,"37":0,"38":5,"39":5,"40":0,"41":0,"42":0,"43":0,"44":5,"45":0,"46":0,"47":0,"48":0,"49":0,"50":0,"51":0,"52":0,"53":0,"54":0,"55":0,"56":0,"57":0,"58":0,"59":0,"60":0,"61":0,"62":0,"63":0,"64":0,"65":0,"66":0,"67":0,"68":0,"69":0,"70":5,"71":0,"72":0,"73":0,"74":0,"75":0},"f":{"0":0,"1":0,"2":0,"3":0,"4":0,"5":0,"6":0,"7":0,"8":0,"9":0,"10":0},"b":{"0":[0,0],"1":[0,0],"2":[0,0],"3":[0,0],"4":[0,0],"5":[0,0],"6":[0,0],"7":[0,0],"8":[0,0],"9":[0,0],"10":[0,0],"11":[0,0],"12":[0,0],"13":[0,0],"14":[0,0],"15":[0,0],"16":[0,0],"17":[0,0],"18":[0,0],"19":[0,0],"20":[0,0]}}
,"E:\\woowa\\open_mission\\open_mission\\src\\api\\auth\\authApi.ts": {"path":"E:\\woowa\\open_mission\\open_mission\\src\\api\\auth\\authApi.ts","statementMap":{"0":{"start":{"line":1,"column":0},"end":{"line":1,"column":80}},"1":{"start":{"line":6,"column":21},"end":{"line":13,"column":1}},"2":{"start":{"line":7,"column":19},"end":{"line":7,"column":103}},"3":{"start":{"line":9,"column":40},"end":{"line":9,"column":58}},"4":{"start":{"line":10,"column":2},"end":{"line":10,"column":30}},"5":{"start":{"line":11,"column":2},"end":{"line":11,"column":32}},"6":{"start":{"line":12,"column":2},"end":{"line":12,"column":23}},"7":{"start":{"line":6,"column":13},"end":{"line":6,"column":21}},"8":{"start":{"line":16,"column":24},"end":{"line":21,"column":1}},"9":{"start":{"line":19,"column":19},"end":{"line":19,"column":112}},"10":{"start":{"line":20,"column":2},"end":{"line":20,"column":23}},"11":{"start":{"line":16,"column":13},"end":{"line":16,"column":24}},"12":{"start":{"line":24,"column":29},"end":{"line":36,"column":1}},"13":{"start":{"line":27,"column":19},"end":{"line":29,"column":null}},"14":{"start":{"line":31,"column":40},"end":{"line":31,"column":58}},"15":{"start":{"line":32,"column":2},"end":{"line":32,"column":30}},"16":{"start":{"line":33,"column":2},"end":{"line":33,"column":32}},"17":{"start":{"line":35,"column":2},"end":{"line":35,"column":23}},"18":{"start":{"line":24,"column":13},"end":{"line":24,"column":29}},"19":{"start":{"line":39,"column":35},"end":{"line":42,"column":1}},"20":{"start":{"line":40,"column":19},"end":{"line":40,"column":99}},"21":{"start":{"line":41,"column":2},"end":{"line":41,"column":23}},"22":{"start":{"line":39,"column":13},"end":{"line":39,"column":35}},"23":{"start":{"line":45,"column":35},"end":{"line":52,"column":1}},"24":{"start":{"line":48,"column":19},"end":{"line":50,"column":4}},"25":{"start":{"line":51,"column":2},"end":{"line":51,"column":23}},"26":{"start":{"line":45,"column":13},"end":{"line":45,"column":35}},"27":{"start":{"line":55,"column":28},"end":{"line":66,"column":1}},"28":{"start":{"line":58,"column":19},"end":{"line":58,"column":109}},"29":{"start":{"line":60,"column":40},"end":{"line":60,"column":58}},"30":{"start":{"line":62,"column":2},"end":{"line":62,"column":30}},"31":{"start":{"line":63,"column":2},"end":{"line":63,"column":32}},"32":{"start":{"line":65,"column":2},"end":{"line":65,"column":23}},"33":{"start":{"line":55,"column":13},"end":{"line":55,"column":28}}},"fnMap":{"0":{"name":"(anonymous_0)","decl":{"start":{"line":6,"column":21},"end":{"line":6,"column":26}},"loc":{"start":{"line":6,"column":108},"end":{"line":13,"column":1}}},"1":{"name":"(anonymous_1)","decl":{"start":{"line":16,"column":24},"end":{"line":16,"column":29}},"loc":{"start":{"line":18,"column":50},"end":{"line":21,"column":1}}},"2":{"name":"(anonymous_2)","decl":{"start":{"line":24,"column":29},"end":{"line":24,"column":34}},"loc":{"start":{"line":26,"column":55},"end":{"line":36,"column":1}}},"3":{"name":"(anonymous_3)","decl":{"start":{"line":39,"column":35},"end":{"line":39,"column":40}},"loc":{"start":{"line":39,"column":97},"end":{"line":42,"column":1}}},"4":{"name":"(anonymous_4)","decl":{"start":{"line":45,"column":35},"end":{"line":45,"column":40}},"loc":{"start":{"line":47,"column":55},"end":{"line":52,"column":1}}},"5":{"name":"(anonymous_5)","decl":{"start":{"line":55,"column":28},"end":{"line":55,"column":33}},"loc":{"start":{"line":57,"column":49},"end":{"line":66,"column":1}}}},"branchMap":{},"s":{"0":4,"1":4,"2":2,"3":1,"4":1,"5":1,"6":1,"7":4,"8":4,"9":1,"10":1,"11":4,"12":4,"13":1,"14":1,"15":1,"16":1,"17":1,"18":4,"19":4,"20":1,"21":1,"22":4,"23":4,"24":0,"25":0,"26":4,"27":4,"28":1,"29":1,"30":1,"31":1,"32":1,"33":4},"f":{"0":2,"1":1,"2":1,"3":1,"4":0,"5":1},"b":{}}
,"E:\\woowa\\open_mission\\open_mission\\src\\api\\auth\\authQuery.ts": {"path":"E:\\woowa\\open_mission\\open_mission\\src\\api\\auth\\authQuery.ts","statementMap":{"0":{"start":{"line":1,"column":0},"end":{"line":1,"column":68}},"1":{"start":{"line":2,"column":0},"end":{"line":2,"column":94}},"2":{"start":{"line":6,"column":35},"end":{"line":15,"column":1}},"3":{"start":{"line":7,"column":22},"end":{"line":7,"column":38}},"4":{"start":{"line":9,"column":2},"end":{"line":14,"column":5}},"5":{"start":{"line":12,"column":6},"end":{"line":12,"column":64}},"6":{"start":{"line":6,"column":13},"end":{"line":6,"column":35}},"7":{"start":{"line":17,"column":40},"end":{"line":26,"column":1}},"8":{"start":{"line":18,"column":22},"end":{"line":18,"column":38}},"9":{"start":{"line":20,"column":2},"end":{"line":25,"column":5}},"10":{"start":{"line":23,"column":6},"end":{"line":23,"column":64}},"11":{"start":{"line":17,"column":13},"end":{"line":17,"column":40}},"12":{"start":{"line":28,"column":32},"end":{"line":37,"column":1}},"13":{"start":{"line":29,"column":22},"end":{"line":29,"column":38}},"14":{"start":{"line":31,"column":2},"end":{"line":36,"column":5}},"15":{"start":{"line":34,"column":6},"end":{"line":34,"column":64}},"16":{"start":{"line":28,"column":13},"end":{"line":28,"column":32}},"17":{"start":{"line":39,"column":39},"end":{"line":43,"column":1}},"18":{"start":{"line":40,"column":2},"end":{"line":42,"column":5}},"19":{"start":{"line":39,"column":13},"end":{"line":39,"column":39}},"20":{"start":{"line":45,"column":40},"end":{"line":53,"column":1}},"21":{"start":{"line":49,"column":2},"end":{"line":52,"column":5}},"22":{"start":{"line":45,"column":13},"end":{"line":45,"column":40}}},"fnMap":{"0":{"name":"(anonymous_0)","decl":{"start":{"line":6,"column":35},"end":{"line":6,"column":38}},"loc":{"start":{"line":6,"column":40},"end":{"line":15,"column":1}}},"1":{"name":"(anonymous_1)","decl":{"start":{"line":11,"column":15},"end":{"line":11,"column":18}},"loc":{"start":{"line":11,"column":20},"end":{"line":13,"column":5}}},"2":{"name":"(anonymous_2)","decl":{"start":{"line":17,"column":40},"end":{"line":17,"column":43}},"loc":{"start":{"line":17,"column":45},"end":{"line":26,"column":1}}},"3":{"name":"(anonymous_3)","decl":{"start":{"line":22,"column":15},"end":{"line":22,"column":18}},"loc":{"start":{"line":22,"column":20},"end":{"line":24,"column":5}}},"4":{"name":"(anonymous_4)","decl":{"start":{"line":28,"column":32},"end":{"line":28,"column":35}},"loc":{"start":{"line":28,"column":37},"end":{"line":37,"column":1}}},"5":{"name":"(anonymous_5)","decl":{"start":{"line":33,"column":15},"end":{"line":33,"column":18}},"loc":{"start":{"line":33,"column":20},"end":{"line":35,"column":5}}},"6":{"name":"(anonymous_6)","decl":{"start":{"line":39,"column":39},"end":{"line":39,"column":42}},"loc":{"start":{"line":39,"column":44},"end":{"line":43,"column":1}}},"7":{"name":"(anonymous_7)","decl":{"start":{"line":45,"column":40},"end":{"line":45,"column":41}},"loc":{"start":{"line":48,"column":5},"end":{"line":53,"column":1}}}},"branchMap":{},"s":{"0":4,"1":4,"2":4,"3":1,"4":1,"5":0,"6":4,"7":4,"8":1,"9":1,"10":0,"11":4,"12":4,"13":1,"14":1,"15":0,"16":4,"17":4,"18":1,"19":4,"20":4,"21":2,"22":4},"f":{"0":1,"1":0,"2":1,"3":0,"4":1,"5":0,"6":1,"7":2},"b":{}}
,"E:\\woowa\\open_mission\\open_mission\\src\\api\\blog\\blogApi.ts": {"path":"E:\\woowa\\open_mission\\open_mission\\src\\api\\blog\\blogApi.ts","statementMap":{"0":{"start":{"line":1,"column":0},"end":{"line":1,"column":47}},"1":{"start":{"line":6,"column":26},"end":{"line":9,"column":1}},"2":{"start":{"line":7,"column":19},"end":{"line":7,"column":80}},"3":{"start":{"line":8,"column":2},"end":{"line":8,"column":23}},"4":{"start":{"line":6,"column":13},"end":{"line":6,"column":26}},"5":{"start":{"line":12,"column":26},"end":{"line":17,"column":1}},"6":{"start":{"line":13,"column":19},"end":{"line":15,"column":4}},"7":{"start":{"line":16,"column":2},"end":{"line":16,"column":23}},"8":{"start":{"line":12,"column":13},"end":{"line":12,"column":26}},"9":{"start":{"line":20,"column":26},"end":{"line":25,"column":1}},"10":{"start":{"line":21,"column":19},"end":{"line":23,"column":4}},"11":{"start":{"line":24,"column":2},"end":{"line":24,"column":23}},"12":{"start":{"line":20,"column":13},"end":{"line":20,"column":26}},"13":{"start":{"line":28,"column":31},"end":{"line":37,"column":1}},"14":{"start":{"line":32,"column":19},"end":{"line":32,"column":57}},"15":{"start":{"line":33,"column":19},"end":{"line":35,"column":4}},"16":{"start":{"line":36,"column":2},"end":{"line":36,"column":23}},"17":{"start":{"line":28,"column":13},"end":{"line":28,"column":31}},"18":{"start":{"line":40,"column":26},"end":{"line":50,"column":1}},"19":{"start":{"line":45,"column":19},"end":{"line":45,"column":65}},"20":{"start":{"line":46,"column":19},"end":{"line":48,"column":4}},"21":{"start":{"line":49,"column":2},"end":{"line":49,"column":23}},"22":{"start":{"line":40,"column":13},"end":{"line":40,"column":26}}},"fnMap":{"0":{"name":"(anonymous_0)","decl":{"start":{"line":6,"column":26},"end":{"line":6,"column":31}},"loc":{"start":{"line":6,"column":100},"end":{"line":9,"column":1}}},"1":{"name":"(anonymous_1)","decl":{"start":{"line":12,"column":26},"end":{"line":12,"column":31}},"loc":{"start":{"line":12,"column":116},"end":{"line":17,"column":1}}},"2":{"name":"(anonymous_2)","decl":{"start":{"line":20,"column":26},"end":{"line":20,"column":31}},"loc":{"start":{"line":20,"column":77},"end":{"line":25,"column":1}}},"3":{"name":"(anonymous_3)","decl":{"start":{"line":28,"column":31},"end":{"line":28,"column":36}},"loc":{"start":{"line":31,"column":52},"end":{"line":37,"column":1}}},"4":{"name":"(anonymous_4)","decl":{"start":{"line":40,"column":26},"end":{"line":40,"column":31}},"loc":{"start":{"line":44,"column":54},"end":{"line":50,"column":1}}}},"branchMap":{"0":{"loc":{"start":{"line":32,"column":19},"end":{"line":32,"column":57}},"type":"cond-expr","locations":[{"start":{"line":32,"column":32},"end":{"line":32,"column":46}},{"start":{"line":32,"column":49},"end":{"line":32,"column":57}}]},"1":{"loc":{"start":{"line":41,"column":2},"end":{"line":41,"column":10}},"type":"default-arg","locations":[{"start":{"line":41,"column":9},"end":{"line":41,"column":10}}]},"2":{"loc":{"start":{"line":42,"column":2},"end":{"line":42,"column":11}},"type":"default-arg","locations":[{"start":{"line":42,"column":9},"end":{"line":42,"column":11}}]},"3":{"loc":{"start":{"line":45,"column":19},"end":{"line":45,"column":65}},"type":"cond-expr","locations":[{"start":{"line":45,"column":32},"end":{"line":45,"column":50}},{"start":{"line":45,"column":53},"end":{"line":45,"column":65}}]}},"s":{"0":6,"1":6,"2":2,"3":1,"4":6,"5":6,"6":1,"7":1,"8":6,"9":6,"10":1,"11":1,"12":6,"13":6,"14":2,"15":2,"16":2,"17":6,"18":6,"19":3,"20":3,"21":3,"22":6},"f":{"0":2,"1":1,"2":1,"3":2,"4":3},"b":{"0":[1,1],"1":[0],"2":[0],"3":[1,2]}}
,"E:\\woowa\\open_mission\\open_mission\\src\\api\\blog\\blogQuery.ts": {"path":"E:\\woowa\\open_mission\\open_mission\\src\\api\\blog\\blogQuery.ts","statementMap":{"0":{"start":{"line":1,"column":0},"end":{"line":1,"column":78}},"1":{"start":{"line":2,"column":0},"end":{"line":2,"column":92}},"2":{"start":{"line":6,"column":37},"end":{"line":15,"column":1}},"3":{"start":{"line":7,"column":22},"end":{"line":7,"column":38}},"4":{"start":{"line":9,"column":2},"end":{"line":14,"column":5}},"5":{"start":{"line":12,"column":6},"end":{"line":12,"column":61}},"6":{"start":{"line":6,"column":13},"end":{"line":6,"column":37}},"7":{"start":{"line":18,"column":37},"end":{"line":29,"column":1}},"8":{"start":{"line":19,"column":22},"end":{"line":19,"column":38}},"9":{"start":{"line":21,"column":2},"end":{"line":28,"column":5}},"10":{"start":{"line":23,"column":6},"end":{"line":23,"column":34}},"11":{"start":{"line":25,"column":6},"end":{"line":25,"column":61}},"12":{"start":{"line":26,"column":6},"end":{"line":26,"column":78}},"13":{"start":{"line":18,"column":13},"end":{"line":18,"column":37}},"14":{"start":{"line":32,"column":37},"end":{"line":41,"column":1}},"15":{"start":{"line":33,"column":22},"end":{"line":33,"column":38}},"16":{"start":{"line":35,"column":2},"end":{"line":40,"column":5}},"17":{"start":{"line":38,"column":6},"end":{"line":38,"column":61}},"18":{"start":{"line":32,"column":13},"end":{"line":32,"column":37}},"19":{"start":{"line":44,"column":34},"end":{"line":50,"column":1}},"20":{"start":{"line":45,"column":2},"end":{"line":49,"column":5}},"21":{"start":{"line":47,"column":19},"end":{"line":47,"column":55}},"22":{"start":{"line":44,"column":13},"end":{"line":44,"column":34}},"23":{"start":{"line":53,"column":29},"end":{"line":59,"column":1}},"24":{"start":{"line":54,"column":2},"end":{"line":58,"column":5}},"25":{"start":{"line":56,"column":19},"end":{"line":56,"column":53}},"26":{"start":{"line":53,"column":13},"end":{"line":53,"column":29}}},"fnMap":{"0":{"name":"(anonymous_0)","decl":{"start":{"line":6,"column":37},"end":{"line":6,"column":40}},"loc":{"start":{"line":6,"column":42},"end":{"line":15,"column":1}}},"1":{"name":"(anonymous_1)","decl":{"start":{"line":11,"column":15},"end":{"line":11,"column":18}},"loc":{"start":{"line":11,"column":20},"end":{"line":13,"column":5}}},"2":{"name":"(anonymous_2)","decl":{"start":{"line":18,"column":37},"end":{"line":18,"column":40}},"loc":{"start":{"line":18,"column":42},"end":{"line":29,"column":1}}},"3":{"name":"(anonymous_3)","decl":{"start":{"line":22,"column":16},"end":{"line":22,"column":17}},"loc":{"start":{"line":23,"column":6},"end":{"line":23,"column":34}}},"4":{"name":"(anonymous_4)","decl":{"start":{"line":24,"column":15},"end":{"line":24,"column":16}},"loc":{"start":{"line":24,"column":32},"end":{"line":27,"column":5}}},"5":{"name":"(anonymous_5)","decl":{"start":{"line":32,"column":37},"end":{"line":32,"column":40}},"loc":{"start":{"line":32,"column":42},"end":{"line":41,"column":1}}},"6":{"name":"(anonymous_6)","decl":{"start":{"line":37,"column":15},"end":{"line":37,"column":18}},"loc":{"start":{"line":37,"column":20},"end":{"line":39,"column":5}}},"7":{"name":"(anonymous_7)","decl":{"start":{"line":44,"column":34},"end":{"line":44,"column":35}},"loc":{"start":{"line":44,"column":102},"end":{"line":50,"column":1}}},"8":{"name":"(anonymous_8)","decl":{"start":{"line":47,"column":13},"end":{"line":47,"column":16}},"loc":{"start":{"line":47,"column":19},"end":{"line":47,"column":55}}},"9":{"name":"(anonymous_9)","decl":{"start":{"line":53,"column":29},"end":{"line":53,"column":30}},"loc":{"start":{"line":53,"column":90},"end":{"line":59,"column":1}}},"10":{"name":"(anonymous_10)","decl":{"start":{"line":56,"column":13},"end":{"line":56,"column":16}},"loc":{"start":{"line":56,"column":19},"end":{"line":56,"column":53}}}},"branchMap":{"0":{"loc":{"start":{"line":44,"column":84},"end":{"line":44,"column":98}},"type":"default-arg","locations":[{"start":{"line":44,"column":94},"end":{"line":44,"column":98}}]},"1":{"loc":{"start":{"line":48,"column":13},"end":{"line":48,"column":39}},"type":"binary-expr","locations":[{"start":{"line":48,"column":13},"end":{"line":48,"column":28}},{"start":{"line":48,"column":32},"end":{"line":48,"column":39}}]},"2":{"loc":{"start":{"line":53,"column":30},"end":{"line":53,"column":38}},"type":"default-arg","locations":[{"start":{"line":53,"column":37},"end":{"line":53,"column":38}}]},"3":{"loc":{"start":{"line":53,"column":40},"end":{"line":53,"column":49}},"type":"default-arg","locations":[{"start":{"line":53,"column":47},"end":{"line":53,"column":49}}]},"4":{"loc":{"start":{"line":53,"column":72},"end":{"line":53,"column":86}},"type":"default-arg","locations":[{"start":{"line":53,"column":82},"end":{"line":53,"column":86}}]}},"s":{"0":5,"1":5,"2":5,"3":1,"4":1,"5":0,"6":5,"7":5,"8":1,"9":1,"10":0,"11":0,"12":0,"13":5,"14":5,"15":1,"16":1,"17":0,"18":5,"19":5,"20":3,"21":1,"22":5,"23":5,"24":3,"25":1,"26":5},"f":{"0":1,"1":0,"2":1,"3":0,"4":0,"5":1,"6":0,"7":3,"8":1,"9":3,"10":1},"b":{"0":[1],"1":[3,2],"2":[0],"3":[0],"4":[0]}}
,"E:\\woowa\\open_mission\\open_mission\\src\\api\\comment\\commentApi.ts": {"path":"E:\\woowa\\open_mission\\open_mission\\src\\api\\comment\\commentApi.ts","statementMap":{"0":{"start":{"line":1,"column":0},"end":{"line":1,"column":47}},"1":{"start":{"line":6,"column":29},"end":{"line":14,"column":1}},"2":{"start":{"line":10,"column":19},"end":{"line":12,"column":4}},"3":{"start":{"line":13,"column":2},"end":{"line":13,"column":23}},"4":{"start":{"line":6,"column":13},"end":{"line":6,"column":29}},"5":{"start":{"line":17,"column":29},"end":{"line":22,"column":1}},"6":{"start":{"line":18,"column":19},"end":{"line":19,"column":null}},"7":{"start":{"line":21,"column":2},"end":{"line":21,"column":23}},"8":{"start":{"line":17,"column":13},"end":{"line":17,"column":29}}},"fnMap":{"0":{"name":"(anonymous_0)","decl":{"start":{"line":6,"column":29},"end":{"line":6,"column":34}},"loc":{"start":{"line":9,"column":62},"end":{"line":14,"column":1}}},"1":{"name":"(anonymous_1)","decl":{"start":{"line":17,"column":29},"end":{"line":17,"column":34}},"loc":{"start":{"line":17,"column":115},"end":{"line":22,"column":1}}}},"branchMap":{},"s":{"0":3,"1":3,"2":0,"3":0,"4":3,"5":3,"6":0,"7":0,"8":3},"f":{"0":0,"1":0},"b":{}}
,"E:\\woowa\\open_mission\\open_mission\\src\\api\\comment\\commentQuery.ts": {"path":"E:\\woowa\\open_mission\\open_mission\\src\\api\\comment\\commentQuery.ts","statementMap":{"0":{"start":{"line":1,"column":0},"end":{"line":1,"column":68}},"1":{"start":{"line":2,"column":0},"end":{"line":2,"column":60}},"2":{"start":{"line":5,"column":40},"end":{"line":14,"column":1}},"3":{"start":{"line":6,"column":22},"end":{"line":6,"column":38}},"4":{"start":{"line":8,"column":2},"end":{"line":13,"column":5}},"5":{"start":{"line":9,"column":37},"end":{"line":9,"column":67}},"6":{"start":{"line":11,"column":6},"end":{"line":11,"column":68}},"7":{"start":{"line":5,"column":13},"end":{"line":5,"column":40}},"8":{"start":{"line":17,"column":40},"end":{"line":26,"column":1}},"9":{"start":{"line":18,"column":22},"end":{"line":18,"column":38}},"10":{"start":{"line":20,"column":2},"end":{"line":25,"column":5}},"11":{"start":{"line":21,"column":39},"end":{"line":21,"column":63}},"12":{"start":{"line":23,"column":6},"end":{"line":23,"column":68}},"13":{"start":{"line":17,"column":13},"end":{"line":17,"column":40}}},"fnMap":{"0":{"name":"(anonymous_0)","decl":{"start":{"line":5,"column":40},"end":{"line":5,"column":41}},"loc":{"start":{"line":5,"column":59},"end":{"line":14,"column":1}}},"1":{"name":"(anonymous_1)","decl":{"start":{"line":9,"column":16},"end":{"line":9,"column":17}},"loc":{"start":{"line":9,"column":37},"end":{"line":9,"column":67}}},"2":{"name":"(anonymous_2)","decl":{"start":{"line":10,"column":15},"end":{"line":10,"column":18}},"loc":{"start":{"line":10,"column":20},"end":{"line":12,"column":5}}},"3":{"name":"(anonymous_3)","decl":{"start":{"line":17,"column":40},"end":{"line":17,"column":41}},"loc":{"start":{"line":17,"column":59},"end":{"line":26,"column":1}}},"4":{"name":"(anonymous_4)","decl":{"start":{"line":21,"column":16},"end":{"line":21,"column":17}},"loc":{"start":{"line":21,"column":39},"end":{"line":21,"column":63}}},"5":{"name":"(anonymous_5)","decl":{"start":{"line":22,"column":15},"end":{"line":22,"column":18}},"loc":{"start":{"line":22,"column":20},"end":{"line":24,"column":5}}}},"branchMap":{},"s":{"0":4,"1":4,"2":4,"3":1,"4":1,"5":0,"6":0,"7":4,"8":4,"9":1,"10":1,"11":0,"12":0,"13":4},"f":{"0":1,"1":0,"2":0,"3":1,"4":0,"5":0},"b":{}}
,"E:\\woowa\\open_mission\\open_mission\\src\\api\\image\\imageApi.ts": {"path":"E:\\woowa\\open_mission\\open_mission\\src\\api\\image\\imageApi.ts","statementMap":{"0":{"start":{"line":1,"column":0},"end":{"line":1,"column":47}},"1":{"start":{"line":6,"column":31},"end":{"line":11,"column":1}},"2":{"start":{"line":7,"column":19},"end":{"line":9,"column":4}},"3":{"start":{"line":10,"column":2},"end":{"line":10,"column":23}},"4":{"start":{"line":6,"column":13},"end":{"line":6,"column":31}},"5":{"start":{"line":14,"column":31},"end":{"line":26,"column":1}},"6":{"start":{"line":15,"column":19},"end":{"line":21,"column":4}},"7":{"start":{"line":23,"column":2},"end":{"line":25,"column":3}},"8":{"start":{"line":24,"column":4},"end":{"line":24,"column":60}},"9":{"start":{"line":14,"column":13},"end":{"line":14,"column":31}},"10":{"start":{"line":29,"column":27},"end":{"line":35,"column":1}},"11":{"start":{"line":30,"column":19},"end":{"line":30,"column":51}},"12":{"start":{"line":31,"column":23},"end":{"line":31,"column":36}},"13":{"start":{"line":32,"column":2},"end":{"line":32,"column":44}},"14":{"start":{"line":33,"column":19},"end":{"line":33,"column":45}},"15":{"start":{"line":34,"column":2},"end":{"line":34,"column":22}},"16":{"start":{"line":29,"column":13},"end":{"line":29,"column":27}}},"fnMap":{"0":{"name":"(anonymous_0)","decl":{"start":{"line":6,"column":31},"end":{"line":6,"column":36}},"loc":{"start":{"line":6,"column":109},"end":{"line":11,"column":1}}},"1":{"name":"(anonymous_1)","decl":{"start":{"line":14,"column":31},"end":{"line":14,"column":36}},"loc":{"start":{"line":14,"column":89},"end":{"line":26,"column":1}}},"2":{"name":"(anonymous_2)","decl":{"start":{"line":29,"column":27},"end":{"line":29,"column":32}},"loc":{"start":{"line":29,"column":87},"end":{"line":35,"column":1}}}},"branchMap":{"0":{"loc":{"start":{"line":23,"column":2},"end":{"line":25,"column":3}},"type":"if","locations":[{"start":{"line":23,"column":2},"end":{"line":25,"column":3}},{"start":{},"end":{}}]}},"s":{"0":2,"1":2,"2":0,"3":0,"4":2,"5":2,"6":0,"7":0,"8":0,"9":2,"10":2,"11":0,"12":0,"13":0,"14":0,"15":0,"16":2},"f":{"0":0,"1":0,"2":0},"b":{"0":[0,0]}}
,"E:\\woowa\\open_mission\\open_mission\\src\\api\\image\\imageQuery.ts": {"path":"E:\\woowa\\open_mission\\open_mission\\src\\api\\image\\imageQuery.ts","statementMap":{"0":{"start":{"line":1,"column":0},"end":{"line":1,"column":52}},"1":{"start":{"line":2,"column":0},"end":{"line":2,"column":41}},"2":{"start":{"line":5,"column":38},"end":{"line":9,"column":1}},"3":{"start":{"line":6,"column":2},"end":{"line":8,"column":5}},"4":{"start":{"line":7,"column":30},"end":{"line":7,"column":47}},"5":{"start":{"line":5,"column":13},"end":{"line":5,"column":38}}},"fnMap":{"0":{"name":"(anonymous_0)","decl":{"start":{"line":5,"column":38},"end":{"line":5,"column":41}},"loc":{"start":{"line":5,"column":43},"end":{"line":9,"column":1}}},"1":{"name":"(anonymous_1)","decl":{"start":{"line":7,"column":16},"end":{"line":7,"column":17}},"loc":{"start":{"line":7,"column":30},"end":{"line":7,"column":47}}}},"branchMap":{},"s":{"0":3,"1":3,"2":3,"3":1,"4":0,"5":3},"f":{"0":1,"1":0},"b":{}}
,"E:\\woowa\\open_mission\\open_mission\\src\\api\\user\\userApi.ts": {"path":"E:\\woowa\\open_mission\\open_mission\\src\\api\\user\\userApi.ts","statementMap":{"0":{"start":{"line":1,"column":0},"end":{"line":1,"column":47}},"1":{"start":{"line":6,"column":27},"end":{"line":9,"column":1}},"2":{"start":{"line":7,"column":19},"end":{"line":7,"column":88}},"3":{"start":{"line":8,"column":2},"end":{"line":8,"column":23}},"4":{"start":{"line":6,"column":13},"end":{"line":6,"column":27}},"5":{"start":{"line":12,"column":26},"end":{"line":15,"column":1}},"6":{"start":{"line":13,"column":19},"end":{"line":13,"column":99}},"7":{"start":{"line":14,"column":2},"end":{"line":14,"column":23}},"8":{"start":{"line":12,"column":13},"end":{"line":12,"column":26}},"9":{"start":{"line":18,"column":36},"end":{"line":23,"column":1}},"10":{"start":{"line":21,"column":19},"end":{"line":21,"column":117}},"11":{"start":{"line":22,"column":2},"end":{"line":22,"column":23}},"12":{"start":{"line":18,"column":13},"end":{"line":18,"column":36}},"13":{"start":{"line":26,"column":30},"end":{"line":31,"column":1}},"14":{"start":{"line":29,"column":19},"end":{"line":29,"column":112}},"15":{"start":{"line":30,"column":2},"end":{"line":30,"column":23}},"16":{"start":{"line":26,"column":13},"end":{"line":26,"column":30}}},"fnMap":{"0":{"name":"(anonymous_0)","decl":{"start":{"line":6,"column":27},"end":{"line":6,"column":32}},"loc":{"start":{"line":6,"column":80},"end":{"line":9,"column":1}}},"1":{"name":"(anonymous_1)","decl":{"start":{"line":12,"column":26},"end":{"line":12,"column":31}},"loc":{"start":{"line":12,"column":118},"end":{"line":15,"column":1}}},"2":{"name":"(anonymous_2)","decl":{"start":{"line":18,"column":36},"end":{"line":18,"column":41}},"loc":{"start":{"line":20,"column":62},"end":{"line":23,"column":1}}},"3":{"name":"(anonymous_3)","decl":{"start":{"line":26,"column":30},"end":{"line":26,"column":35}},"loc":{"start":{"line":28,"column":56},"end":{"line":31,"column":1}}}},"branchMap":{},"s":{"0":3,"1":3,"2":0,"3":0,"4":3,"5":3,"6":0,"7":0,"8":3,"9":3,"10":0,"11":0,"12":3,"13":3,"14":0,"15":0,"16":3},"f":{"0":0,"1":0,"2":0,"3":0},"b":{}}
,"E:\\woowa\\open_mission\\open_mission\\src\\api\\user\\userQuery.ts": {"path":"E:\\woowa\\open_mission\\open_mission\\src\\api\\user\\userQuery.ts","statementMap":{"0":{"start":{"line":1,"column":0},"end":{"line":1,"column":78}},"1":{"start":{"line":2,"column":0},"end":{"line":2,"column":34}},"2":{"start":{"line":3,"column":0},"end":{"line":3,"column":90}},"3":{"start":{"line":4,"column":0},"end":{"line":4,"column":53}},"4":{"start":{"line":8,"column":27},"end":{"line":29,"column":1}},"5":{"start":{"line":9,"column":24},"end":{"line":9,"column":66}},"6":{"start":{"line":9,"column":46},"end":{"line":9,"column":65}},"7":{"start":{"line":11,"column":16},"end":{"line":18,"column":4}},"8":{"start":{"line":20,"column":2},"end":{"line":26,"column":47}},"9":{"start":{"line":21,"column":4},"end":{"line":25,"column":5}},"10":{"start":{"line":22,"column":6},"end":{"line":22,"column":26}},"11":{"start":{"line":23,"column":11},"end":{"line":25,"column":5}},"12":{"start":{"line":24,"column":6},"end":{"line":24,"column":27}},"13":{"start":{"line":28,"column":2},"end":{"line":28,"column":15}},"14":{"start":{"line":8,"column":13},"end":{"line":8,"column":27}},"15":{"start":{"line":32,"column":23},"end":{"line":42,"column":1}},"16":{"start":{"line":33,"column":37},"end":{"line":33,"column":50}},"17":{"start":{"line":34,"column":21},"end":{"line":34,"column":60}},"18":{"start":{"line":34,"column":43},"end":{"line":34,"column":59}},"19":{"start":{"line":36,"column":2},"end":{"line":41,"column":4}},"20":{"start":{"line":32,"column":13},"end":{"line":32,"column":23}},"21":{"start":{"line":45,"column":29},"end":{"line":54,"column":1}},"22":{"start":{"line":46,"column":22},"end":{"line":46,"column":38}},"23":{"start":{"line":48,"column":2},"end":{"line":53,"column":5}},"24":{"start":{"line":51,"column":6},"end":{"line":51,"column":64}},"25":{"start":{"line":45,"column":13},"end":{"line":45,"column":29}},"26":{"start":{"line":57,"column":39},"end":{"line":66,"column":1}},"27":{"start":{"line":58,"column":22},"end":{"line":58,"column":38}},"28":{"start":{"line":60,"column":2},"end":{"line":65,"column":5}},"29":{"start":{"line":63,"column":6},"end":{"line":63,"column":64}},"30":{"start":{"line":57,"column":13},"end":{"line":57,"column":39}},"31":{"start":{"line":69,"column":33},"end":{"line":78,"column":1}},"32":{"start":{"line":70,"column":22},"end":{"line":70,"column":38}},"33":{"start":{"line":72,"column":2},"end":{"line":77,"column":5}},"34":{"start":{"line":75,"column":6},"end":{"line":75,"column":64}},"35":{"start":{"line":69,"column":13},"end":{"line":69,"column":33}}},"fnMap":{"0":{"name":"(anonymous_0)","decl":{"start":{"line":8,"column":27},"end":{"line":8,"column":30}},"loc":{"start":{"line":8,"column":32},"end":{"line":29,"column":1}}},"1":{"name":"(anonymous_1)","decl":{"start":{"line":9,"column":37},"end":{"line":9,"column":42}},"loc":{"start":{"line":9,"column":46},"end":{"line":9,"column":65}}},"2":{"name":"(anonymous_2)","decl":{"start":{"line":20,"column":12},"end":{"line":20,"column":15}},"loc":{"start":{"line":20,"column":17},"end":{"line":26,"column":3}}},"3":{"name":"(anonymous_3)","decl":{"start":{"line":32,"column":23},"end":{"line":32,"column":26}},"loc":{"start":{"line":32,"column":28},"end":{"line":42,"column":1}}},"4":{"name":"(anonymous_4)","decl":{"start":{"line":34,"column":34},"end":{"line":34,"column":39}},"loc":{"start":{"line":34,"column":43},"end":{"line":34,"column":59}}},"5":{"name":"(anonymous_5)","decl":{"start":{"line":45,"column":29},"end":{"line":45,"column":32}},"loc":{"start":{"line":45,"column":34},"end":{"line":54,"column":1}}},"6":{"name":"(anonymous_6)","decl":{"start":{"line":50,"column":15},"end":{"line":50,"column":18}},"loc":{"start":{"line":50,"column":20},"end":{"line":52,"column":5}}},"7":{"name":"(anonymous_7)","decl":{"start":{"line":57,"column":39},"end":{"line":57,"column":42}},"loc":{"start":{"line":57,"column":44},"end":{"line":66,"column":1}}},"8":{"name":"(anonymous_8)","decl":{"start":{"line":62,"column":15},"end":{"line":62,"column":18}},"loc":{"start":{"line":62,"column":20},"end":{"line":64,"column":5}}},"9":{"name":"(anonymous_9)","decl":{"start":{"line":69,"column":33},"end":{"line":69,"column":36}},"loc":{"start":{"line":69,"column":38},"end":{"line":78,"column":1}}},"10":{"name":"(anonymous_10)","decl":{"start":{"line":74,"column":15},"end":{"line":74,"column":18}},"loc":{"start":{"line":74,"column":20},"end":{"line":76,"column":5}}}},"branchMap":{"0":{"loc":{"start":{"line":21,"column":4},"end":{"line":25,"column":5}},"type":"if","locations":[{"start":{"line":21,"column":4},"end":{"line":25,"column":5}},{"start":{"line":23,"column":11},"end":{"line":25,"column":5}}]},"1":{"loc":{"start":{"line":23,"column":11},"end":{"line":25,"column":5}},"type":"if","locations":[{"start":{"line":23,"column":11},"end":{"line":25,"column":5}},{"start":{},"end":{}}]},"2":{"loc":{"start":{"line":37,"column":10},"end":{"line":37,"column":28}},"type":"binary-expr","locations":[{"start":{"line":37,"column":10},"end":{"line":37,"column":20}},{"start":{"line":37,"column":24},"end":{"line":37,"column":28}}]}},"s":{"0":4,"1":4,"2":4,"3":4,"4":4,"5":4,"6":4,"7":4,"8":4,"9":4,"10":2,"11":2,"12":0,"13":4,"14":4,"15":4,"16":2,"17":2,"18":2,"19":2,"20":4,"21":4,"22":1,"23":1,"24":0,"25":4,"26":4,"27":1,"28":1,"29":0,"30":4,"31":4,"32":1,"33":1,"34":0,"35":4},"f":{"0":4,"1":4,"2":4,"3":2,"4":2,"5":1,"6":0,"7":1,"8":0,"9":1,"10":0},"b":{"0":[2,2],"1":[0,2],"2":[2,1]}}
,"E:\\woowa\\open_mission\\open_mission\\src\\assets\\icons\\index.ts": {"path":"E:\\woowa\\open_mission\\open_mission\\src\\assets\\icons\\index.ts","statementMap":{"0":{"start":{"line":1,"column":0},"end":{"line":1,"column":25}}},"fnMap":{},"branchMap":{},"s":{"0":3},"f":{},"b":{}}
,"E:\\woowa\\open_mission\\open_mission\\src\\assets\\icons\\common\\index.ts": {"path":"E:\\woowa\\open_mission\\open_mission\\src\\assets\\icons\\common\\index.ts","statementMap":{"0":{"start":{"line":2,"column":0},"end":{"line":2,"column":7}},"1":{"start":{"line":22,"column":2},"end":{"line":2,"column":68}},"2":{"start":{"line":3,"column":0},"end":{"line":3,"column":7}},"3":{"start":{"line":23,"column":2},"end":{"line":3,"column":40}},"4":{"start":{"line":4,"column":0},"end":{"line":4,"column":7}},"5":{"start":{"line":24,"column":2},"end":{"line":4,"column":42}},"6":{"start":{"line":5,"column":0},"end":{"line":5,"column":7}},"7":{"start":{"line":25,"column":2},"end":{"line":5,"column":44}},"8":{"start":{"line":6,"column":0},"end":{"line":6,"column":7}},"9":{"start":{"line":26,"column":2},"end":{"line":6,"column":59}},"10":{"start":{"line":7,"column":0},"end":{"line":7,"column":7}},"11":{"start":{"line":27,"column":2},"end":{"line":7,"column":40}},"12":{"start":{"line":8,"column":0},"end":{"line":8,"column":7}},"13":{"start":{"line":28,"column":2},"end":{"line":8,"column":57}},"14":{"start":{"line":9,"column":0},"end":{"line":9,"column":7}},"15":{"start":{"line":29,"column":2},"end":{"line":9,"column":53}},"16":{"start":{"line":10,"column":0},"end":{"line":10,"column":7}},"17":{"start":{"line":30,"column":2},"end":{"line":10,"column":50}},"18":{"start":{"line":11,"column":0},"end":{"line":11,"column":7}},"19":{"start":{"line":31,"column":2},"end":{"line":11,"column":49}},"20":{"start":{"line":12,"column":0},"end":{"line":12,"column":7}},"21":{"start":{"line":32,"column":2},"end":{"line":12,"column":61}},"22":{"start":{"line":13,"column":0},"end":{"line":13,"column":7}},"23":{"start":{"line":33,"column":2},"end":{"line":13,"column":49}},"24":{"start":{"line":14,"column":0},"end":{"line":14,"column":7}},"25":{"start":{"line":34,"column":2},"end":{"line":14,"column":49}},"26":{"start":{"line":15,"column":0},"end":{"line":15,"column":7}},"27":{"start":{"line":35,"column":2},"end":{"line":15,"column":49}},"28":{"start":{"line":16,"column":0},"end":{"line":16,"column":7}},"29":{"start":{"line":36,"column":2},"end":{"line":16,"column":46}},"30":{"start":{"line":17,"column":0},"end":{"line":17,"column":7}},"31":{"start":{"line":37,"column":2},"end":{"line":17,"column":48}},"32":{"start":{"line":18,"column":0},"end":{"line":18,"column":7}},"33":{"start":{"line":38,"column":2},"end":{"line":18,"column":42}},"34":{"start":{"line":19,"column":0},"end":{"line":19,"column":7}},"35":{"start":{"line":39,"column":2},"end":{"line":19,"column":55}}},"fnMap":{},"branchMap":{},"s":{"0":3,"1":3,"2":3,"3":3,"4":3,"5":3,"6":3,"7":3,"8":3,"9":3,"10":3,"11":3,"12":3,"13":3,"14":3,"15":3,"16":3,"17":3,"18":3,"19":3,"20":3,"21":3,"22":3,"23":3,"24":3,"25":3,"26":3,"27":3,"28":3,"29":3,"30":3,"31":3,"32":3,"33":3,"34":3,"35":3},"f":{},"b":{}}
,"E:\\woowa\\open_mission\\open_mission\\src\\assets\\logo\\index.ts": {"path":"E:\\woowa\\open_mission\\open_mission\\src\\assets\\logo\\index.ts","statementMap":{"0":{"start":{"line":1,"column":0},"end":{"line":1,"column":9}},"1":{"start":{"line":1,"column":9},"end":{"line":1,"column":28}}},"fnMap":{"0":{"name":"(anonymous_1)","decl":{"start":{"line":1,"column":9},"end":{"line":1,"column":16}},"loc":{"start":{"line":1,"column":9},"end":{"line":1,"column":28}}}},"branchMap":{},"s":{"0":4,"1":4},"f":{"0":0},"b":{}}
,"E:\\woowa\\open_mission\\open_mission\\src\\components\\index.ts": {"path":"E:\\woowa\\open_mission\\open_mission\\src\\components\\index.ts","statementMap":{"0":{"start":{"line":2,"column":0},"end":{"line":2,"column":9}},"1":{"start":{"line":2,"column":9},"end":{"line":2,"column":26}},"2":{"start":{"line":3,"column":0},"end":{"line":3,"column":9}},"3":{"start":{"line":3,"column":9},"end":{"line":3,"column":27}},"4":{"start":{"line":4,"column":0},"end":{"line":4,"column":9}},"5":{"start":{"line":4,"column":9},"end":{"line":4,"column":32}},"6":{"start":{"line":5,"column":0},"end":{"line":5,"column":9}},"7":{"start":{"line":5,"column":9},"end":{"line":5,"column":36}},"8":{"start":{"line":6,"column":0},"end":{"line":6,"column":9}},"9":{"start":{"line":6,"column":9},"end":{"line":6,"column":72}},"10":{"start":{"line":7,"column":0},"end":{"line":7,"column":9}},"11":{"start":{"line":7,"column":9},"end":{"line":7,"column":70}},"12":{"start":{"line":8,"column":0},"end":{"line":8,"column":9}},"13":{"start":{"line":8,"column":9},"end":{"line":8,"column":24}},"14":{"start":{"line":9,"column":0},"end":{"line":9,"column":9}},"15":{"start":{"line":9,"column":9},"end":{"line":9,"column":76}},"16":{"start":{"line":10,"column":0},"end":{"line":10,"column":9}},"17":{"start":{"line":10,"column":9},"end":{"line":10,"column":25}},"18":{"start":{"line":11,"column":0},"end":{"line":11,"column":9}},"19":{"start":{"line":11,"column":9},"end":{"line":11,"column":30}},"20":{"start":{"line":12,"column":0},"end":{"line":12,"column":9}},"21":{"start":{"line":12,"column":9},"end":{"line":12,"column":34}},"22":{"start":{"line":13,"column":0},"end":{"line":13,"column":9}},"23":{"start":{"line":13,"column":9},"end":{"line":13,"column":36}},"24":{"start":{"line":14,"column":0},"end":{"line":14,"column":9}},"25":{"start":{"line":14,"column":9},"end":{"line":14,"column":35}},"26":{"start":{"line":15,"column":0},"end":{"line":15,"column":9}},"27":{"start":{"line":15,"column":9},"end":{"line":15,"column":30}},"28":{"start":{"line":16,"column":0},"end":{"line":16,"column":9}},"29":{"start":{"line":16,"column":9},"end":{"line":16,"column":36}},"30":{"start":{"line":17,"column":0},"end":{"line":17,"column":9}},"31":{"start":{"line":17,"column":9},"end":{"line":17,"column":26}},"32":{"start":{"line":18,"column":0},"end":{"line":18,"column":9}},"33":{"start":{"line":18,"column":9},"end":{"line":18,"column":26}},"34":{"start":{"line":19,"column":0},"end":{"line":19,"column":9}},"35":{"start":{"line":19,"column":9},"end":{"line":19,"column":29}},"36":{"start":{"line":20,"column":0},"end":{"line":20,"column":9}},"37":{"start":{"line":20,"column":9},"end":{"line":20,"column":28}},"38":{"start":{"line":21,"column":0},"end":{"line":21,"column":9}},"39":{"start":{"line":21,"column":9},"end":{"line":21,"column":27}},"40":{"start":{"line":22,"column":0},"end":{"line":22,"column":9}},"41":{"start":{"line":22,"column":9},"end":{"line":22,"column":25}},"42":{"start":{"line":25,"column":0},"end":{"line":25,"column":9}},"43":{"start":{"line":25,"column":9},"end":{"line":25,"column":37}},"44":{"start":{"line":26,"column":0},"end":{"line":26,"column":9}},"45":{"start":{"line":26,"column":9},"end":{"line":26,"column":38}},"46":{"start":{"line":27,"column":0},"end":{"line":27,"column":9}},"47":{"start":{"line":27,"column":9},"end":{"line":27,"column":35}},"48":{"start":{"line":28,"column":0},"end":{"line":28,"column":9}},"49":{"start":{"line":28,"column":9},"end":{"line":28,"column":32}},"50":{"start":{"line":29,"column":0},"end":{"line":29,"column":9}},"51":{"start":{"line":29,"column":9},"end":{"line":29,"column":31}},"52":{"start":{"line":30,"column":0},"end":{"line":30,"column":9}},"53":{"start":{"line":30,"column":9},"end":{"line":30,"column":35}},"54":{"start":{"line":31,"column":0},"end":{"line":31,"column":9}},"55":{"start":{"line":31,"column":9},"end":{"line":31,"column":28}},"56":{"start":{"line":32,"column":0},"end":{"line":32,"column":9}},"57":{"start":{"line":32,"column":9},"end":{"line":32,"column":28}},"58":{"start":{"line":33,"column":0},"end":{"line":33,"column":9}},"59":{"start":{"line":33,"column":9},"end":{"line":33,"column":31}},"60":{"start":{"line":34,"column":0},"end":{"line":34,"column":9}},"61":{"start":{"line":34,"column":9},"end":{"line":34,"column":30}},"62":{"start":{"line":35,"column":0},"end":{"line":35,"column":9}},"63":{"start":{"line":35,"column":9},"end":{"line":35,"column":29}},"64":{"start":{"line":38,"column":0},"end":{"line":38,"column":9}},"65":{"start":{"line":38,"column":9},"end":{"line":38,"column":35}},"66":{"start":{"line":39,"column":0},"end":{"line":39,"column":9}},"67":{"start":{"line":39,"column":9},"end":{"line":39,"column":30}},"68":{"start":{"line":40,"column":0},"end":{"line":40,"column":9}},"69":{"start":{"line":40,"column":9},"end":{"line":40,"column":32}},"70":{"start":{"line":41,"column":0},"end":{"line":41,"column":9}},"71":{"start":{"line":41,"column":9},"end":{"line":41,"column":33}},"72":{"start":{"line":42,"column":0},"end":{"line":42,"column":9}},"73":{"start":{"line":42,"column":9},"end":{"line":42,"column":30}}},"fnMap":{"0":{"name":"(anonymous_1)","decl":{"start":{"line":2,"column":9},"end":{"line":2,"column":16}},"loc":{"start":{"line":2,"column":9},"end":{"line":2,"column":26}}},"1":{"name":"(anonymous_2)","decl":{"start":{"line":3,"column":9},"end":{"line":3,"column":16}},"loc":{"start":{"line":3,"column":9},"end":{"line":3,"column":27}}},"2":{"name":"(anonymous_3)","decl":{"start":{"line":4,"column":9},"end":{"line":4,"column":16}},"loc":{"start":{"line":4,"column":9},"end":{"line":4,"column":32}}},"3":{"name":"(anonymous_4)","decl":{"start":{"line":5,"column":9},"end":{"line":5,"column":16}},"loc":{"start":{"line":5,"column":9},"end":{"line":5,"column":36}}},"4":{"name":"(anonymous_5)","decl":{"start":{"line":6,"column":9},"end":{"line":6,"column":22}},"loc":{"start":{"line":6,"column":9},"end":{"line":6,"column":72}}},"5":{"name":"(anonymous_6)","decl":{"start":{"line":7,"column":9},"end":{"line":7,"column":21}},"loc":{"start":{"line":7,"column":9},"end":{"line":7,"column":70}}},"6":{"name":"(anonymous_7)","decl":{"start":{"line":8,"column":9},"end":{"line":8,"column":16}},"loc":{"start":{"line":8,"column":9},"end":{"line":8,"column":24}}},"7":{"name":"(anonymous_8)","decl":{"start":{"line":9,"column":9},"end":{"line":9,"column":23}},"loc":{"start":{"line":9,"column":9},"end":{"line":9,"column":76}}},"8":{"name":"(anonymous_9)","decl":{"start":{"line":10,"column":9},"end":{"line":10,"column":16}},"loc":{"start":{"line":10,"column":9},"end":{"line":10,"column":25}}},"9":{"name":"(anonymous_10)","decl":{"start":{"line":11,"column":9},"end":{"line":11,"column":16}},"loc":{"start":{"line":11,"column":9},"end":{"line":11,"column":30}}},"10":{"name":"(anonymous_11)","decl":{"start":{"line":12,"column":9},"end":{"line":12,"column":16}},"loc":{"start":{"line":12,"column":9},"end":{"line":12,"column":34}}},"11":{"name":"(anonymous_12)","decl":{"start":{"line":13,"column":9},"end":{"line":13,"column":16}},"loc":{"start":{"line":13,"column":9},"end":{"line":13,"column":36}}},"12":{"name":"(anonymous_13)","decl":{"start":{"line":14,"column":9},"end":{"line":14,"column":16}},"loc":{"start":{"line":14,"column":9},"end":{"line":14,"column":35}}},"13":{"name":"(anonymous_14)","decl":{"start":{"line":15,"column":9},"end":{"line":15,"column":16}},"loc":{"start":{"line":15,"column":9},"end":{"line":15,"column":30}}},"14":{"name":"(anonymous_15)","decl":{"start":{"line":16,"column":9},"end":{"line":16,"column":16}},"loc":{"start":{"line":16,"column":9},"end":{"line":16,"column":36}}},"15":{"name":"(anonymous_16)","decl":{"start":{"line":17,"column":9},"end":{"line":17,"column":16}},"loc":{"start":{"line":17,"column":9},"end":{"line":17,"column":26}}},"16":{"name":"(anonymous_17)","decl":{"start":{"line":18,"column":9},"end":{"line":18,"column":16}},"loc":{"start":{"line":18,"column":9},"end":{"line":18,"column":26}}},"17":{"name":"(anonymous_18)","decl":{"start":{"line":19,"column":9},"end":{"line":19,"column":16}},"loc":{"start":{"line":19,"column":9},"end":{"line":19,"column":29}}},"18":{"name":"(anonymous_19)","decl":{"start":{"line":20,"column":9},"end":{"line":20,"column":16}},"loc":{"start":{"line":20,"column":9},"end":{"line":20,"column":28}}},"19":{"name":"(anonymous_20)","decl":{"start":{"line":21,"column":9},"end":{"line":21,"column":16}},"loc":{"start":{"line":21,"column":9},"end":{"line":21,"column":27}}},"20":{"name":"(anonymous_21)","decl":{"start":{"line":22,"column":9},"end":{"line":22,"column":16}},"loc":{"start":{"line":22,"column":9},"end":{"line":22,"column":25}}},"21":{"name":"(anonymous_22)","decl":{"start":{"line":25,"column":9},"end":{"line":25,"column":16}},"loc":{"start":{"line":25,"column":9},"end":{"line":25,"column":37}}},"22":{"name":"(anonymous_23)","decl":{"start":{"line":26,"column":9},"end":{"line":26,"column":16}},"loc":{"start":{"line":26,"column":9},"end":{"line":26,"column":38}}},"23":{"name":"(anonymous_24)","decl":{"start":{"line":27,"column":9},"end":{"line":27,"column":16}},"loc":{"start":{"line":27,"column":9},"end":{"line":27,"column":35}}},"24":{"name":"(anonymous_25)","decl":{"start":{"line":28,"column":9},"end":{"line":28,"column":16}},"loc":{"start":{"line":28,"column":9},"end":{"line":28,"column":32}}},"25":{"name":"(anonymous_26)","decl":{"start":{"line":29,"column":9},"end":{"line":29,"column":16}},"loc":{"start":{"line":29,"column":9},"end":{"line":29,"column":31}}},"26":{"name":"(anonymous_27)","decl":{"start":{"line":30,"column":9},"end":{"line":30,"column":16}},"loc":{"start":{"line":30,"column":9},"end":{"line":30,"column":35}}},"27":{"name":"(anonymous_28)","decl":{"start":{"line":31,"column":9},"end":{"line":31,"column":16}},"loc":{"start":{"line":31,"column":9},"end":{"line":31,"column":28}}},"28":{"name":"(anonymous_29)","decl":{"start":{"line":32,"column":9},"end":{"line":32,"column":16}},"loc":{"start":{"line":32,"column":9},"end":{"line":32,"column":28}}},"29":{"name":"(anonymous_30)","decl":{"start":{"line":33,"column":9},"end":{"line":33,"column":16}},"loc":{"start":{"line":33,"column":9},"end":{"line":33,"column":31}}},"30":{"name":"(anonymous_31)","decl":{"start":{"line":34,"column":9},"end":{"line":34,"column":16}},"loc":{"start":{"line":34,"column":9},"end":{"line":34,"column":30}}},"31":{"name":"(anonymous_32)","decl":{"start":{"line":35,"column":9},"end":{"line":35,"column":16}},"loc":{"start":{"line":35,"column":9},"end":{"line":35,"column":29}}},"32":{"name":"(anonymous_33)","decl":{"start":{"line":38,"column":9},"end":{"line":38,"column":16}},"loc":{"start":{"line":38,"column":9},"end":{"line":38,"column":35}}},"33":{"name":"(anonymous_34)","decl":{"start":{"line":39,"column":9},"end":{"line":39,"column":16}},"loc":{"start":{"line":39,"column":9},"end":{"line":39,"column":30}}},"34":{"name":"(anonymous_35)","decl":{"start":{"line":40,"column":9},"end":{"line":40,"column":16}},"loc":{"start":{"line":40,"column":9},"end":{"line":40,"column":32}}},"35":{"name":"(anonymous_36)","decl":{"start":{"line":41,"column":9},"end":{"line":41,"column":16}},"loc":{"start":{"line":41,"column":9},"end":{"line":41,"column":33}}},"36":{"name":"(anonymous_37)","decl":{"start":{"line":42,"column":9},"end":{"line":42,"column":16}},"loc":{"start":{"line":42,"column":9},"end":{"line":42,"column":30}}}},"branchMap":{},"s":{"0":4,"1":36,"2":4,"3":4,"4":4,"5":4,"6":4,"7":4,"8":4,"9":4,"10":4,"11":4,"12":4,"13":5,"14":4,"15":4,"16":4,"17":4,"18":4,"19":4,"20":4,"21":4,"22":4,"23":4,"24":4,"25":4,"26":4,"27":4,"28":4,"29":4,"30":4,"31":18,"32":4,"33":22,"34":4,"35":4,"36":4,"37":4,"38":4,"39":4,"40":4,"41":4,"42":4,"43":4,"44":4,"45":4,"46":4,"47":4,"48":4,"49":4,"50":4,"51":4,"52":4,"53":4,"54":4,"55":4,"56":4,"57":4,"58":4,"59":4,"60":4,"61":4,"62":4,"63":4,"64":4,"65":4,"66":4,"67":4,"68":4,"69":4,"70":4,"71":4,"72":4,"73":4},"f":{"0":32,"1":0,"2":0,"3":0,"4":0,"5":0,"6":1,"7":0,"8":0,"9":0,"10":0,"11":0,"12":0,"13":0,"14":0,"15":14,"16":18,"17":0,"18":0,"19":0,"20":0,"21":0,"22":0,"23":0,"24":0,"25":0,"26":0,"27":0,"28":0,"29":0,"30":0,"31":0,"32":0,"33":0,"34":0,"35":0,"36":0},"b":{}}
,"E:\\woowa\\open_mission\\open_mission\\src\\components\\auth\\KakaoLogin.tsx": {"path":"E:\\woowa\\open_mission\\open_mission\\src\\components\\auth\\KakaoLogin.tsx","statementMap":{"0":{"start":{"line":3,"column":22},"end":{"line":15,"column":1}},"1":{"start":{"line":4,"column":2},"end":{"line":4,"column":21}},"2":{"start":{"line":6,"column":2},"end":{"line":14,"column":4}}},"fnMap":{"0":{"name":"(anonymous_0)","decl":{"start":{"line":3,"column":22},"end":{"line":3,"column":25}},"loc":{"start":{"line":3,"column":27},"end":{"line":15,"column":1}}}},"branchMap":{},"s":{"0":0,"1":0,"2":0},"f":{"0":0},"b":{}}
,"E:\\woowa\\open_mission\\open_mission\\src\\components\\auth\\LoginForm.tsx": {"path":"E:\\woowa\\open_mission\\open_mission\\src\\components\\auth\\LoginForm.tsx","statementMap":{"0":{"start":{"line":1,"column":0},"end":{"line":1,"column":32}},"1":{"start":{"line":2,"column":0},"end":{"line":2,"column":39}},"2":{"start":{"line":3,"column":0},"end":{"line":3,"column":38}},"3":{"start":{"line":4,"column":0},"end":{"line":4,"column":64}},"4":{"start":{"line":5,"column":0},"end":{"line":5,"column":41}},"5":{"start":{"line":6,"column":0},"end":{"line":6,"column":null}},"6":{"start":{"line":28,"column":18},"end":{"line":81,"column":1}},"7":{"start":{"line":50,"column":6},"end":{"line":50,"column":27}},"8":{"start":{"line":52,"column":2},"end":{"line":80,"column":4}},"9":{"start":{"line":56,"column":8},"end":{"line":56,"column":27}},"10":{"start":{"line":57,"column":8},"end":{"line":61,"column":9}},"11":{"start":{"line":58,"column":10},"end":{"line":58,"column":25}},"12":{"start":{"line":60,"column":10},"end":{"line":60,"column":24}},"13":{"start":{"line":83,"column":0},"end":{"line":83,"column":25}}},"fnMap":{"0":{"name":"(anonymous_9)","decl":{"start":{"line":28,"column":18},"end":{"line":28,"column":19}},"loc":{"start":{"line":39,"column":21},"end":{"line":81,"column":1}}},"1":{"name":"(anonymous_10)","decl":{"start":{"line":55,"column":16},"end":{"line":55,"column":17}},"loc":{"start":{"line":55,"column":20},"end":{"line":62,"column":7}}}},"branchMap":{"0":{"loc":{"start":{"line":31,"column":2},"end":{"line":31,"column":25}},"type":"default-arg","locations":[{"start":{"line":31,"column":21},"end":{"line":31,"column":25}}]},"1":{"loc":{"start":{"line":32,"column":2},"end":{"line":32,"column":25}},"type":"default-arg","locations":[{"start":{"line":32,"column":21},"end":{"line":32,"column":25}}]},"2":{"loc":{"start":{"line":33,"column":2},"end":{"line":33,"column":61}},"type":"default-arg","locations":[{"start":{"line":33,"column":20},"end":{"line":33,"column":61}}]},"3":{"loc":{"start":{"line":34,"column":2},"end":{"line":34,"column":61}},"type":"default-arg","locations":[{"start":{"line":34,"column":20},"end":{"line":34,"column":61}}]},"4":{"loc":{"start":{"line":35,"column":2},"end":{"line":35,"column":49}},"type":"default-arg","locations":[{"start":{"line":35,"column":16},"end":{"line":35,"column":49}}]},"5":{"loc":{"start":{"line":57,"column":8},"end":{"line":61,"column":9}},"type":"if","locations":[{"start":{"line":57,"column":8},"end":{"line":61,"column":9}},{"start":{"line":59,"column":15},"end":{"line":61,"column":9}}]},"6":{"loc":{"start":{"line":65,"column":7},"end":{"line":72,"column":null}},"type":"binary-expr","locations":[{"start":{"line":65,"column":7},"end":{"line":65,"column":23}},{"start":{"line":66,"column":8},"end":{"line":71,"column":null}}]},"7":{"loc":{"start":{"line":75,"column":33},"end":{"line":75,"column":60}},"type":"binary-expr","locations":[{"start":{"line":75,"column":33},"end":{"line":75,"column":45}},{"start":{"line":75,"column":49},"end":{"line":75,"column":60}}]},"8":{"loc":{"start":{"line":77,"column":33},"end":{"line":77,"column":65}},"type":"binary-expr","locations":[{"start":{"line":77,"column":33},"end":{"line":77,"column":45}},{"start":{"line":77,"column":49},"end":{"line":77,"column":65}}]},"9":{"loc":{"start":{"line":78,"column":7},"end":{"line":78,"column":66}},"type":"binary-expr","locations":[{"start":{"line":78,"column":7},"end":{"line":78,"column":23}},{"start":{"line":78,"column":27},"end":{"line":78,"column":66}}]}},"s":{"0":4,"1":4,"2":4,"3":4,"4":4,"5":4,"6":4,"7":0,"8":0,"9":0,"10":0,"11":0,"12":0,"13":4},"f":{"0":0,"1":0},"b":{"0":[0],"1":[0],"2":[0],"3":[0],"4":[0],"5":[0,0],"6":[0,0],"7":[0,0],"8":[0,0],"9":[0,0]}}
,"E:\\woowa\\open_mission\\open_mission\\src\\components\\auth\\LoginFormVariants.ts": {"path":"E:\\woowa\\open_mission\\open_mission\\src\\components\\auth\\LoginFormVariants.ts","statementMap":{"0":{"start":{"line":1,"column":0},"end":{"line":1,"column":39}},"1":{"start":{"line":4,"column":20},"end":{"line":4,"column":103}},"2":{"start":{"line":6,"column":2},"end":{"line":6,"column":114}},"3":{"start":{"line":9,"column":13},"end":{"line":11,"column":3}},"4":{"start":{"line":14,"column":13},"end":{"line":30,"column":3}},"5":{"start":{"line":33,"column":13},"end":{"line":35,"column":3}},"6":{"start":{"line":38,"column":13},"end":{"line":40,"column":3}},"7":{"start":{"line":43,"column":13},"end":{"line":45,"column":3}},"8":{"start":{"line":48,"column":13},"end":{"line":60,"column":3}},"9":{"start":{"line":63,"column":23},"end":{"line":63,"column":32}},"10":{"start":{"line":66,"column":13},"end":{"line":68,"column":3}},"11":{"start":{"line":71,"column":13},"end":{"line":73,"column":3}},"12":{"start":{"line":76,"column":13},"end":{"line":88,"column":3}},"13":{"start":{"line":91,"column":13},"end":{"line":93,"column":3}},"14":{"start":{"line":96,"column":13},"end":{"line":106,"column":3}},"15":{"start":{"line":109,"column":13},"end":{"line":111,"column":3}},"16":{"start":{"line":114,"column":13},"end":{"line":116,"column":3}},"17":{"start":{"line":119,"column":13},"end":{"line":121,"column":3}},"18":{"start":{"line":124,"column":13},"end":{"line":126,"column":3}}},"fnMap":{},"branchMap":{},"s":{"0":4,"1":4,"2":4,"3":4,"4":4,"5":4,"6":4,"7":4,"8":4,"9":4,"10":4,"11":4,"12":4,"13":4,"14":4,"15":4,"16":4,"17":4,"18":4},"f":{},"b":{}}
,"E:\\woowa\\open_mission\\open_mission\\src\\components\\auth\\LoginLogo.styles.ts": {"path":"E:\\woowa\\open_mission\\open_mission\\src\\components\\auth\\LoginLogo.styles.ts","statementMap":{"0":{"start":{"line":1,"column":0},"end":{"line":1,"column":32}},"1":{"start":{"line":3,"column":28},"end":{"line":3,"column":75}},"2":{"start":{"line":6,"column":13},"end":{"line":7,"column":110}},"3":{"start":{"line":10,"column":13},"end":{"line":13,"column":2}},"4":{"start":{"line":16,"column":13},"end":{"line":20,"column":2}},"5":{"start":{"line":23,"column":13},"end":{"line":23,"column":85}}},"fnMap":{},"branchMap":{},"s":{"0":4,"1":4,"2":4,"3":4,"4":4,"5":4},"f":{},"b":{}}
,"E:\\woowa\\open_mission\\open_mission\\src\\components\\auth\\LoginLogo.tsx": {"path":"E:\\woowa\\open_mission\\open_mission\\src\\components\\auth\\LoginLogo.tsx","statementMap":{"0":{"start":{"line":1,"column":0},"end":{"line":1,"column":32}},"1":{"start":{"line":2,"column":0},"end":{"line":2,"column":41}},"2":{"start":{"line":3,"column":0},"end":{"line":3,"column":115}},"3":{"start":{"line":9,"column":18},"end":{"line":20,"column":1}},"4":{"start":{"line":10,"column":2},"end":{"line":19,"column":4}},"5":{"start":{"line":22,"column":0},"end":{"line":22,"column":25}}},"fnMap":{"0":{"name":"(anonymous_0)","decl":{"start":{"line":9,"column":18},"end":{"line":9,"column":19}},"loc":{"start":{"line":9,"column":57},"end":{"line":20,"column":1}}}},"branchMap":{"0":{"loc":{"start":{"line":9,"column":21},"end":{"line":9,"column":35}},"type":"default-arg","locations":[{"start":{"line":9,"column":30},"end":{"line":9,"column":35}}]},"1":{"loc":{"start":{"line":13,"column":60},"end":{"line":13,"column":84}},"type":"binary-expr","locations":[{"start":{"line":13,"column":60},"end":{"line":13,"column":66}},{"start":{"line":13,"column":70},"end":{"line":13,"column":84}}]}},"s":{"0":4,"1":4,"2":4,"3":4,"4":0,"5":4},"f":{"0":0},"b":{"0":[0],"1":[0,0]}}
,"E:\\woowa\\open_mission\\open_mission\\src\\components\\auth\\LoginModal.tsx": {"path":"E:\\woowa\\open_mission\\open_mission\\src\\components\\auth\\LoginModal.tsx","statementMap":{"0":{"start":{"line":1,"column":0},"end":{"line":1,"column":31}},"1":{"start":{"line":2,"column":0},"end":{"line":2,"column":32}},"2":{"start":{"line":3,"column":0},"end":{"line":3,"column":58}},"3":{"start":{"line":4,"column":0},"end":{"line":4,"column":47}},"4":{"start":{"line":5,"column":0},"end":{"line":5,"column":44}},"5":{"start":{"line":6,"column":0},"end":{"line":6,"column":43}},"6":{"start":{"line":15,"column":19},"end":{"line":51,"column":1}},"7":{"start":{"line":16,"column":19},"end":{"line":16,"column":47}},"8":{"start":{"line":19,"column":2},"end":{"line":19,"column":28}},"9":{"start":{"line":20,"column":2},"end":{"line":20,"column":33}},"10":{"start":{"line":22,"column":2},"end":{"line":24,"column":3}},"11":{"start":{"line":23,"column":4},"end":{"line":23,"column":16}},"12":{"start":{"line":26,"column":2},"end":{"line":50,"column":4}},"13":{"start":{"line":35,"column":93},"end":{"line":35,"column":112}},"14":{"start":{"line":53,"column":0},"end":{"line":53,"column":26}}},"fnMap":{"0":{"name":"(anonymous_1)","decl":{"start":{"line":15,"column":19},"end":{"line":15,"column":20}},"loc":{"start":{"line":15,"column":76},"end":{"line":51,"column":1}}},"1":{"name":"(anonymous_2)","decl":{"start":{"line":35,"column":88},"end":{"line":35,"column":89}},"loc":{"start":{"line":35,"column":93},"end":{"line":35,"column":112}}}},"branchMap":{"0":{"loc":{"start":{"line":15,"column":22},"end":{"line":15,"column":36}},"type":"default-arg","locations":[{"start":{"line":15,"column":34},"end":{"line":15,"column":36}}]},"1":{"loc":{"start":{"line":22,"column":2},"end":{"line":24,"column":3}},"type":"if","locations":[{"start":{"line":22,"column":2},"end":{"line":24,"column":3}},{"start":{},"end":{}}]}},"s":{"0":4,"1":4,"2":4,"3":4,"4":4,"5":4,"6":4,"7":0,"8":0,"9":0,"10":0,"11":0,"12":0,"13":0,"14":4},"f":{"0":0,"1":0},"b":{"0":[0],"1":[0,0]}}
,"E:\\woowa\\open_mission\\open_mission\\src\\components\\auth\\index.ts": {"path":"E:\\woowa\\open_mission\\open_mission\\src\\components\\auth\\index.ts","statementMap":{"0":{"start":{"line":1,"column":0},"end":{"line":1,"column":9}},"1":{"start":{"line":1,"column":9},"end":{"line":1,"column":30}},"2":{"start":{"line":2,"column":0},"end":{"line":2,"column":9}},"3":{"start":{"line":2,"column":9},"end":{"line":2,"column":29}},"4":{"start":{"line":3,"column":0},"end":{"line":3,"column":9}},"5":{"start":{"line":3,"column":9},"end":{"line":3,"column":29}},"6":{"start":{"line":4,"column":0},"end":{"line":4,"column":36}}},"fnMap":{"0":{"name":"(anonymous_5)","decl":{"start":{"line":1,"column":9},"end":{"line":1,"column":16}},"loc":{"start":{"line":1,"column":9},"end":{"line":1,"column":30}}},"1":{"name":"(anonymous_6)","decl":{"start":{"line":2,"column":9},"end":{"line":2,"column":16}},"loc":{"start":{"line":2,"column":9},"end":{"line":2,"column":29}}},"2":{"name":"(anonymous_7)","decl":{"start":{"line":3,"column":9},"end":{"line":3,"column":16}},"loc":{"start":{"line":3,"column":9},"end":{"line":3,"column":29}}}},"branchMap":{},"s":{"0":3,"1":3,"2":3,"3":3,"4":3,"5":3,"6":3},"f":{"0":0,"1":0,"2":0},"b":{}}
,"E:\\woowa\\open_mission\\open_mission\\src\\components\\auth\\LoginFormComponents\\LoginFormButtons.tsx": {"path":"E:\\woowa\\open_mission\\open_mission\\src\\components\\auth\\LoginFormComponents\\LoginFormButtons.tsx","statementMap":{"0":{"start":{"line":1,"column":0},"end":{"line":1,"column":64}},"1":{"start":{"line":2,"column":0},"end":{"line":2,"column":43}},"2":{"start":{"line":3,"column":0},"end":{"line":3,"column":41}},"3":{"start":{"line":10,"column":32},"end":{"line":15,"column":null}},"4":{"start":{"line":11,"column":2},"end":{"line":14,"column":null}},"5":{"start":{"line":10,"column":13},"end":{"line":10,"column":32}},"6":{"start":{"line":23,"column":32},"end":{"line":31,"column":null}},"7":{"start":{"line":24,"column":2},"end":{"line":30,"column":null}},"8":{"start":{"line":23,"column":13},"end":{"line":23,"column":32}},"9":{"start":{"line":38,"column":28},"end":{"line":41,"column":null}},"10":{"start":{"line":39,"column":2},"end":{"line":40,"column":null}},"11":{"start":{"line":38,"column":13},"end":{"line":38,"column":28}}},"fnMap":{"0":{"name":"(anonymous_9)","decl":{"start":{"line":10,"column":32},"end":{"line":10,"column":33}},"loc":{"start":{"line":11,"column":2},"end":{"line":14,"column":null}}},"1":{"name":"(anonymous_10)","decl":{"start":{"line":23,"column":32},"end":{"line":23,"column":33}},"loc":{"start":{"line":24,"column":2},"end":{"line":30,"column":null}}},"2":{"name":"(anonymous_11)","decl":{"start":{"line":38,"column":28},"end":{"line":38,"column":29}},"loc":{"start":{"line":39,"column":2},"end":{"line":40,"column":null}}}},"branchMap":{},"s":{"0":4,"1":4,"2":4,"3":4,"4":0,"5":4,"6":4,"7":0,"8":4,"9":4,"10":0,"11":4},"f":{"0":0,"1":0,"2":0},"b":{}}
,"E:\\woowa\\open_mission\\open_mission\\src\\components\\auth\\LoginFormComponents\\LoginFormSections.tsx": {"path":"E:\\woowa\\open_mission\\open_mission\\src\\components\\auth\\LoginFormComponents\\LoginFormSections.tsx","statementMap":{"0":{"start":{"line":2,"column":0},"end":{"line":2,"column":32}},"1":{"start":{"line":3,"column":0},"end":{"line":3,"column":64}},"2":{"start":{"line":4,"column":0},"end":{"line":4,"column":41}},"3":{"start":{"line":14,"column":28},"end":{"line":38,"column":null}},"4":{"start":{"line":15,"column":2},"end":{"line":37,"column":null}},"5":{"start":{"line":22,"column":23},"end":{"line":22,"column":52}},"6":{"start":{"line":33,"column":23},"end":{"line":33,"column":55}},"7":{"start":{"line":14,"column":13},"end":{"line":14,"column":28}},"8":{"start":{"line":45,"column":28},"end":{"line":57,"column":1}},"9":{"start":{"line":46,"column":2},"end":{"line":48,"column":3}},"10":{"start":{"line":47,"column":4},"end":{"line":47,"column":16}},"11":{"start":{"line":50,"column":2},"end":{"line":56,"column":4}},"12":{"start":{"line":45,"column":13},"end":{"line":45,"column":28}},"13":{"start":{"line":64,"column":26},"end":{"line":69,"column":null}},"14":{"start":{"line":65,"column":2},"end":{"line":68,"column":null}},"15":{"start":{"line":64,"column":13},"end":{"line":64,"column":26}}},"fnMap":{"0":{"name":"(anonymous_9)","decl":{"start":{"line":14,"column":28},"end":{"line":14,"column":29}},"loc":{"start":{"line":15,"column":2},"end":{"line":37,"column":null}}},"1":{"name":"(anonymous_10)","decl":{"start":{"line":22,"column":18},"end":{"line":22,"column":19}},"loc":{"start":{"line":22,"column":23},"end":{"line":22,"column":52}}},"2":{"name":"(anonymous_11)","decl":{"start":{"line":33,"column":18},"end":{"line":33,"column":19}},"loc":{"start":{"line":33,"column":23},"end":{"line":33,"column":55}}},"3":{"name":"(anonymous_12)","decl":{"start":{"line":45,"column":28},"end":{"line":45,"column":29}},"loc":{"start":{"line":45,"column":63},"end":{"line":57,"column":1}}},"4":{"name":"(anonymous_13)","decl":{"start":{"line":64,"column":26},"end":{"line":64,"column":27}},"loc":{"start":{"line":65,"column":2},"end":{"line":68,"column":null}}}},"branchMap":{"0":{"loc":{"start":{"line":46,"column":2},"end":{"line":48,"column":3}},"type":"if","locations":[{"start":{"line":46,"column":2},"end":{"line":48,"column":3}},{"start":{},"end":{}}]}},"s":{"0":4,"1":4,"2":4,"3":4,"4":0,"5":0,"6":0,"7":4,"8":4,"9":0,"10":0,"11":0,"12":4,"13":4,"14":0,"15":4},"f":{"0":0,"1":0,"2":0,"3":0,"4":0},"b":{"0":[0,0]}}
,"E:\\woowa\\open_mission\\open_mission\\src\\components\\auth\\LoginFormComponents\\index.ts": {"path":"E:\\woowa\\open_mission\\open_mission\\src\\components\\auth\\LoginFormComponents\\index.ts","statementMap":{"0":{"start":{"line":1,"column":0},"end":{"line":1,"column":9}},"1":{"start":{"line":1,"column":9},"end":{"line":1,"column":23}},"2":{"start":{"line":1,"column":23},"end":{"line":1,"column":37}},"3":{"start":{"line":1,"column":37},"end":{"line":1,"column":77}},"4":{"start":{"line":2,"column":0},"end":{"line":2,"column":9}},"5":{"start":{"line":2,"column":9},"end":{"line":2,"column":27}},"6":{"start":{"line":2,"column":27},"end":{"line":2,"column":45}},"7":{"start":{"line":2,"column":45},"end":{"line":2,"column":86}}},"fnMap":{"0":{"name":"(anonymous_0)","decl":{"start":{"line":1,"column":9},"end":{"line":1,"column":21}},"loc":{"start":{"line":1,"column":9},"end":{"line":1,"column":23}}},"1":{"name":"(anonymous_1)","decl":{"start":{"line":1,"column":23},"end":{"line":1,"column":35}},"loc":{"start":{"line":1,"column":23},"end":{"line":1,"column":37}}},"2":{"name":"(anonymous_2)","decl":{"start":{"line":1,"column":37},"end":{"line":1,"column":47}},"loc":{"start":{"line":1,"column":37},"end":{"line":1,"column":77}}},"3":{"name":"(anonymous_3)","decl":{"start":{"line":2,"column":9},"end":{"line":2,"column":25}},"loc":{"start":{"line":2,"column":9},"end":{"line":2,"column":27}}},"4":{"name":"(anonymous_4)","decl":{"start":{"line":2,"column":27},"end":{"line":2,"column":43}},"loc":{"start":{"line":2,"column":27},"end":{"line":2,"column":45}}},"5":{"name":"(anonymous_5)","decl":{"start":{"line":2,"column":45},"end":{"line":2,"column":57}},"loc":{"start":{"line":2,"column":45},"end":{"line":2,"column":86}}}},"branchMap":{},"s":{"0":4,"1":4,"2":4,"3":4,"4":4,"5":4,"6":4,"7":4},"f":{"0":0,"1":0,"2":0,"3":0,"4":0,"5":0},"b":{}}
,"E:\\woowa\\open_mission\\open_mission\\src\\components\\blog\\Comment\\Comment.styles.ts": {"path":"E:\\woowa\\open_mission\\open_mission\\src\\components\\blog\\Comment\\Comment.styles.ts","statementMap":{"0":{"start":{"line":1,"column":0},"end":{"line":1,"column":39}},"1":{"start":{"line":4,"column":13},"end":{"line":12,"column":3}},"2":{"start":{"line":15,"column":13},"end":{"line":24,"column":3}},"3":{"start":{"line":27,"column":13},"end":{"line":34,"column":3}}},"fnMap":{},"branchMap":{},"s":{"0":4,"1":4,"2":4,"3":4},"f":{},"b":{}}
[...]
e":26,"column":24},"end":{"line":26,"column":98}},"type":"binary-expr","locations":[{"start":{"line":26,"column":24},"end":{"line":26,"column":55}},{"start":{"line":26,"column":59},"end":{"line":26,"column":98}}]},"2":{"loc":{"start":{"line":31,"column":24},"end":{"line":31,"column":75}},"type":"binary-expr","locations":[{"start":{"line":31,"column":24},"end":{"line":31,"column":38}},{"start":{"line":31,"column":42},"end":{"line":31,"column":75}}]},"3":{"loc":{"start":{"line":42,"column":2},"end":{"line":44,"column":3}},"type":"if","locations":[{"start":{"line":42,"column":2},"end":{"line":44,"column":3}},{"start":{},"end":{}}]},"4":{"loc":{"start":{"line":46,"column":2},"end":{"line":51,"column":3}},"type":"if","locations":[{"start":{"line":46,"column":2},"end":{"line":51,"column":3}},{"start":{},"end":{}}]},"5":{"loc":{"start":{"line":48,"column":4},"end":{"line":50,"column":5}},"type":"if","locations":[{"start":{"line":48,"column":4},"end":{"line":50,"column":5}},{"start":{},"end":{}}]},"6":{"loc":{"start":{"line":58,"column":11},"end":{"line":58,"column":35}},"type":"binary-expr","locations":[{"start":{"line":58,"column":11},"end":{"line":58,"column":21}},{"start":{"line":58,"column":25},"end":{"line":58,"column":35}}]},"7":{"loc":{"start":{"line":59,"column":14},"end":{"line":59,"column":44}},"type":"binary-expr","locations":[{"start":{"line":59,"column":14},"end":{"line":59,"column":27}},{"start":{"line":59,"column":31},"end":{"line":59,"column":44}}]},"8":{"loc":{"start":{"line":61,"column":15},"end":{"line":61,"column":47}},"type":"binary-expr","locations":[{"start":{"line":61,"column":15},"end":{"line":61,"column":29}},{"start":{"line":61,"column":33},"end":{"line":61,"column":47}}]},"9":{"loc":{"start":{"line":62,"column":10},"end":{"line":62,"column":32}},"type":"binary-expr","locations":[{"start":{"line":62,"column":10},"end":{"line":62,"column":19}},{"start":{"line":62,"column":23},"end":{"line":62,"column":32}}]},"10":{"loc":{"start":{"line":63,"column":18},"end":{"line":63,"column":41}},"type":"binary-expr","locations":[{"start":{"line":63,"column":18},"end":{"line":63,"column":35}},{"start":{"line":63,"column":39},"end":{"line":63,"column":41}}]}},"s":{"0":5,"1":10,"2":10,"3":10,"4":10,"5":10,"6":30,"7":12,"8":5,"9":5,"10":7,"11":1,"12":6,"13":4,"14":4,"15":2,"16":4,"17":5,"18":5,"19":7,"20":5},"f":{"0":10,"1":10,"2":10,"3":10,"4":30,"5":12,"6":7,"7":7},"b":{"0":[10,6],"1":[10,7],"2":[10,4],"3":[1,6],"4":[4,2],"5":[2,2],"6":[7,6],"7":[7,1],"8":[7,5],"9":[7,6],"10":[7,5]}}
,"E:\\woowa\\open_mission\\open_mission\\src\\utils\\schemas.ts": {"path":"E:\\woowa\\open_mission\\open_mission\\src\\utils\\schemas.ts","statementMap":{"0":{"start":{"line":1,"column":0},"end":{"line":1,"column":31}},"1":{"start":{"line":2,"column":0},"end":{"line":2,"column":69}},"2":{"start":{"line":5,"column":13},"end":{"line":18,"column":5}},"3":{"start":{"line":15,"column":18},"end":{"line":15,"column":56}},"4":{"start":{"line":21,"column":13},"end":{"line":24,"column":3}}},"fnMap":{"0":{"name":"(anonymous_0)","decl":{"start":{"line":15,"column":10},"end":{"line":15,"column":14}},"loc":{"start":{"line":15,"column":18},"end":{"line":15,"column":56}}}},"branchMap":{},"s":{"0":6,"1":6,"2":6,"3":14,"4":6},"f":{"0":14},"b":{}}
,"E:\\woowa\\open_mission\\open_mission\\src\\utils\\textFormatter.ts": {"path":"E:\\woowa\\open_mission\\open_mission\\src\\utils\\textFormatter.ts","statementMap":{"0":{"start":{"line":1,"column":35},"end":{"line":10,"column":1}},"1":{"start":{"line":2,"column":2},"end":{"line":9,"column":12}},"2":{"start":{"line":1,"column":13},"end":{"line":1,"column":35}}},"fnMap":{"0":{"name":"(anonymous_0)","decl":{"start":{"line":1,"column":35},"end":{"line":1,"column":36}},"loc":{"start":{"line":1,"column":60},"end":{"line":10,"column":1}}}},"branchMap":{},"s":{"0":1,"1":15,"2":1},"f":{"0":15},"b":{}}
,"E:\\woowa\\open_mission\\open_mission\\src\\utils\\validation.ts": {"path":"E:\\woowa\\open_mission\\open_mission\\src\\utils\\validation.ts","statementMap":{"0":{"start":{"line":1,"column":0},"end":{"line":1,"column":31}},"1":{"start":{"line":3,"column":13},"end":{"line":38,"column":11}},"2":{"start":{"line":40,"column":13},"end":{"line":80,"column":11}},"3":{"start":{"line":41,"column":15},"end":{"line":41,"column":111}},"4":{"start":{"line":44,"column":4},"end":{"line":51,"column":83}},"5":{"start":{"line":53,"column":25},"end":{"line":53,"column":90}},"6":{"start":{"line":55,"column":14},"end":{"line":55,"column":111}},"7":{"start":{"line":58,"column":4},"end":{"line":68,"column":null}},"8":{"start":{"line":64,"column":28},"end":{"line":64,"column":42}},"9":{"start":{"line":65,"column":26},"end":{"line":65,"column":48}},"10":{"start":{"line":66,"column":10},"end":{"line":66,"column":37}},"11":{"start":{"line":72,"column":4},"end":{"line":77,"column":67}},"12":{"start":{"line":79,"column":13},"end":{"line":79,"column":100}}},"fnMap":{"0":{"name":"(anonymous_0)","decl":{"start":{"line":41,"column":9},"end":{"line":41,"column":12}},"loc":{"start":{"line":41,"column":15},"end":{"line":41,"column":111}}},"1":{"name":"(anonymous_1)","decl":{"start":{"line":43,"column":12},"end":{"line":43,"column":15}},"loc":{"start":{"line":44,"column":4},"end":{"line":51,"column":83}}},"2":{"name":"(anonymous_2)","decl":{"start":{"line":53,"column":19},"end":{"line":53,"column":22}},"loc":{"start":{"line":53,"column":25},"end":{"line":53,"column":90}}},"3":{"name":"(anonymous_3)","decl":{"start":{"line":55,"column":8},"end":{"line":55,"column":11}},"loc":{"start":{"line":55,"column":14},"end":{"line":55,"column":111}}},"4":{"name":"(anonymous_4)","decl":{"start":{"line":57,"column":13},"end":{"line":57,"column":16}},"loc":{"start":{"line":58,"column":4},"end":{"line":68,"column":null}}},"5":{"name":"(anonymous_5)","decl":{"start":{"line":63,"column":8},"end":{"line":63,"column":12}},"loc":{"start":{"line":63,"column":15},"end":{"line":67,"column":9}}},"6":{"name":"(anonymous_6)","decl":{"start":{"line":71,"column":12},"end":{"line":71,"column":15}},"loc":{"start":{"line":72,"column":4},"end":{"line":77,"column":67}}},"7":{"name":"(anonymous_7)","decl":{"start":{"line":79,"column":7},"end":{"line":79,"column":10}},"loc":{"start":{"line":79,"column":13},"end":{"line":79,"column":100}}}},"branchMap":{},"s":{"0":8,"1":8,"2":8,"3":7,"4":7,"5":7,"6":7,"7":7,"8":38,"9":38,"10":38,"11":9,"12":8},"f":{"0":7,"1":7,"2":7,"3":7,"4":7,"5":38,"6":9,"7":8},"b":{}}
,"E:\\woowa\\open_mission\\open_mission\\src\\utils\\blogContentParser\\htmlParser.ts": {"path":"E:\\woowa\\open_mission\\open_mission\\src\\utils\\blogContentParser\\htmlParser.ts","statementMap":{"0":{"start":{"line":2,"column":0},"end":{"line":2,"column":68}},"1":{"start":{"line":4,"column":23},"end":{"line":4,"column":104}},"2":{"start":{"line":6,"column":15},"end":{"line":6,"column":30}},"3":{"start":{"line":8,"column":33},"end":{"line":80,"column":1}},"4":{"start":{"line":9,"column":14},"end":{"line":9,"column":58}},"5":{"start":{"line":10,"column":34},"end":{"line":10,"column":36}},"6":{"start":{"line":11,"column":14},"end":{"line":11,"column":15}},"7":{"start":{"line":13,"column":33},"end":{"line":67,"column":3}},"8":{"start":{"line":14,"column":4},"end":{"line":24,"column":5}},"9":{"start":{"line":15,"column":18},"end":{"line":15,"column":42}},"10":{"start":{"line":16,"column":6},"end":{"line":22,"column":7}},"11":{"start":{"line":17,"column":8},"end":{"line":21,"column":11}},"12":{"start":{"line":23,"column":6},"end":{"line":23,"column":13}},"13":{"start":{"line":26,"column":4},"end":{"line":39,"column":5}},"14":{"start":{"line":27,"column":19},"end":{"line":27,"column":43}},"15":{"start":{"line":28,"column":6},"end":{"line":37,"column":7}},"16":{"start":{"line":29,"column":23},"end":{"line":29,"column":69}},"17":{"start":{"line":30,"column":8},"end":{"line":36,"column":11}},"18":{"start":{"line":31,"column":10},"end":{"line":35,"column":13}},"19":{"start":{"line":38,"column":6},"end":{"line":38,"column":13}},"20":{"start":{"line":41,"column":4},"end":{"line":66,"column":5}},"21":{"start":{"line":42,"column":22},"end":{"line":42,"column":41}},"22":{"start":{"line":44,"column":6},"end":{"line":65,"column":7}},"23":{"start":{"line":45,"column":23},"end":{"line":45,"column":51}},"24":{"start":{"line":46,"column":8},"end":{"line":49,"column":9}},"25":{"start":{"line":47,"column":10},"end":{"line":47,"column":95}},"26":{"start":{"line":47,"column":58},"end":{"line":47,"column":93}},"27":{"start":{"line":48,"column":10},"end":{"line":48,"column":17}},"28":{"start":{"line":51,"column":21},"end":{"line":51,"column":48}},"29":{"start":{"line":52,"column":8},"end":{"line":62,"column":9}},"30":{"start":{"line":53,"column":30},"end":{"line":53,"column":54}},"31":{"start":{"line":54,"column":25},"end":{"line":54,"column":78}},"32":{"start":{"line":55,"column":10},"end":{"line":61,"column":13}},"33":{"start":{"line":56,"column":12},"end":{"line":60,"column":15}},"34":{"start":{"line":64,"column":8},"end":{"line":64,"column":103}},"35":{"start":{"line":64,"column":56},"end":{"line":64,"column":101}},"36":{"start":{"line":69,"column":2},"end":{"line":69,"column":80}},"37":{"start":{"line":69,"column":50},"end":{"line":69,"column":78}},"38":{"start":{"line":71,"column":2},"end":{"line":77,"column":3}},"39":{"start":{"line":72,"column":4},"end":{"line":76,"column":7}},"40":{"start":{"line":79,"column":2},"end":{"line":79,"column":18}},"41":{"start":{"line":8,"column":13},"end":{"line":8,"column":33}}},"fnMap":{"0":{"name":"(anonymous_0)","decl":{"start":{"line":8,"column":33},"end":{"line":8,"column":34}},"loc":{"start":{"line":8,"column":68},"end":{"line":80,"column":1}}},"1":{"name":"(anonymous_1)","decl":{"start":{"line":13,"column":33},"end":{"line":13,"column":34}},"loc":{"start":{"line":13,"column":72},"end":{"line":67,"column":3}}},"2":{"name":"(anonymous_2)","decl":{"start":{"line":30,"column":23},"end":{"line":30,"column":28}},"loc":{"start":{"line":30,"column":31},"end":{"line":36,"column":9}}},"3":{"name":"(anonymous_3)","decl":{"start":{"line":47,"column":49},"end":{"line":47,"column":54}},"loc":{"start":{"line":47,"column":58},"end":{"line":47,"column":93}}},"4":{"name":"(anonymous_4)","decl":{"start":{"line":55,"column":25},"end":{"line":55,"column":30}},"loc":{"start":{"line":55,"column":33},"end":{"line":61,"column":11}}},"5":{"name":"(anonymous_5)","decl":{"start":{"line":64,"column":47},"end":{"line":64,"column":52}},"loc":{"start":{"line":64,"column":56},"end":{"line":64,"column":101}}},"6":{"name":"(anonymous_6)","decl":{"start":{"line":69,"column":42},"end":{"line":69,"column":46}},"loc":{"start":{"line":69,"column":50},"end":{"line":69,"column":78}}}},"branchMap":{"0":{"loc":{"start":{"line":13,"column":46},"end":{"line":13,"column":68}},"type":"default-arg","locations":[{"start":{"line":13,"column":63},"end":{"line":13,"column":68}}]},"1":{"loc":{"start":{"line":14,"column":4},"end":{"line":24,"column":5}},"type":"if","locations":[{"start":{"line":14,"column":4},"end":{"line":24,"column":5}},{"start":{},"end":{}}]},"2":{"loc":{"start":{"line":16,"column":6},"end":{"line":22,"column":7}},"type":"if","locations":[{"start":{"line":16,"column":6},"end":{"line":22,"column":7}},{"start":{},"end":{}}]},"3":{"loc":{"start":{"line":26,"column":4},"end":{"line":39,"column":5}},"type":"if","locations":[{"start":{"line":26,"column":4},"end":{"line":39,"column":5}},{"start":{},"end":{}}]},"4":{"loc":{"start":{"line":26,"column":8},"end":{"line":26,"column":58}},"type":"binary-expr","locations":[{"start":{"line":26,"column":8},"end":{"line":26,"column":40}},{"start":{"line":26,"column":44},"end":{"line":26,"column":58}}]},"5":{"loc":{"start":{"line":28,"column":6},"end":{"line":37,"column":7}},"type":"if","locations":[{"start":{"line":28,"column":6},"end":{"line":37,"column":7}},{"start":{},"end":{}}]},"6":{"loc":{"start":{"line":41,"column":4},"end":{"line":66,"column":5}},"type":"if","locations":[{"start":{"line":41,"column":4},"end":{"line":66,"column":5}},{"start":{},"end":{}}]},"7":{"loc":{"start":{"line":44,"column":6},"end":{"line":65,"column":7}},"type":"if","locations":[{"start":{"line":44,"column":6},"end":{"line":65,"column":7}},{"start":{"line":63,"column":13},"end":{"line":65,"column":7}}]},"8":{"loc":{"start":{"line":46,"column":8},"end":{"line":49,"column":9}},"type":"if","locations":[{"start":{"line":46,"column":8},"end":{"line":49,"column":9}},{"start":{},"end":{}}]},"9":{"loc":{"start":{"line":52,"column":8},"end":{"line":62,"column":9}},"type":"if","locations":[{"start":{"line":52,"column":8},"end":{"line":62,"column":9}},{"start":{},"end":{}}]},"10":{"loc":{"start":{"line":71,"column":2},"end":{"line":77,"column":3}},"type":"if","locations":[{"start":{"line":71,"column":2},"end":{"line":77,"column":3}},{"start":{},"end":{}}]}},"s":{"0":4,"1":4,"2":4,"3":4,"4":13,"5":13,"6":13,"7":13,"8":22,"9":6,"10":6,"11":5,"12":6,"13":16,"14":2,"15":2,"16":2,"17":2,"18":2,"19":2,"20":14,"21":14,"22":14,"23":14,"24":14,"25":1,"26":3,"27":1,"28":13,"29":13,"30":12,"31":12,"32":12,"33":12,"34":0,"35":0,"36":13,"37":19,"38":13,"39":2,"40":13,"41":4},"f":{"0":13,"1":22,"2":2,"3":3,"4":12,"5":0,"6":19},"b":{"0":[19],"1":[6,16],"2":[5,1],"3":[2,14],"4":[16,2],"5":[2,0],"6":[14,0],"7":[14,0],"8":[1,13],"9":[12,1],"10":[2,11]}}
,"E:\\woowa\\open_mission\\open_mission\\src\\utils\\blogContentParser\\index.ts": {"path":"E:\\woowa\\open_mission\\open_mission\\src\\utils\\blogContentParser\\index.ts","statementMap":{"0":{"start":{"line":2,"column":0},"end":{"line":2,"column":57}},"1":{"start":{"line":3,"column":0},"end":{"line":3,"column":49}},"2":{"start":{"line":5,"column":34},"end":{"line":13,"column":1}},"3":{"start":{"line":6,"column":23},"end":{"line":6,"column":46}},"4":{"start":{"line":7,"column":19},"end":{"line":7,"column":91}},"5":{"start":{"line":9,"column":2},"end":{"line":12,"column":4}},"6":{"start":{"line":5,"column":13},"end":{"line":5,"column":34}}},"fnMap":{"0":{"name":"(anonymous_0)","decl":{"start":{"line":5,"column":34},"end":{"line":5,"column":35}},"loc":{"start":{"line":5,"column":108},"end":{"line":13,"column":1}}}},"branchMap":{"0":{"loc":{"start":{"line":5,"column":67},"end":{"line":5,"column":85}},"type":"default-arg","locations":[{"start":{"line":5,"column":80},"end":{"line":5,"column":85}}]},"1":{"loc":{"start":{"line":6,"column":23},"end":{"line":6,"column":46}},"type":"binary-expr","locations":[{"start":{"line":6,"column":23},"end":{"line":6,"column":35}},{"start":{"line":6,"column":39},"end":{"line":6,"column":46}}]},"2":{"loc":{"start":{"line":7,"column":19},"end":{"line":7,"column":91}},"type":"cond-expr","locations":[{"start":{"line":7,"column":32},"end":{"line":7,"column":62}},{"start":{"line":7,"column":65},"end":{"line":7,"column":91}}]}},"s":{"0":4,"1":4,"2":4,"3":17,"4":17,"5":17,"6":4},"f":{"0":17},"b":{"0":[0],"1":[17,4],"2":[4,13]}}
,"E:\\woowa\\open_mission\\open_mission\\src\\utils\\blogContentParser\\markdownParser.ts": {"path":"E:\\woowa\\open_mission\\open_mission\\src\\utils\\blogContentParser\\markdownParser.ts","statementMap":{"0":{"start":{"line":2,"column":0},"end":{"line":2,"column":68}},"1":{"start":{"line":4,"column":37},"end":{"line":59,"column":1}},"2":{"start":{"line":5,"column":21},"end":{"line":5,"column":48}},"3":{"start":{"line":6,"column":34},"end":{"line":6,"column":36}},"4":{"start":{"line":7,"column":14},"end":{"line":7,"column":15}},"5":{"start":{"line":8,"column":18},"end":{"line":8,"column":19}},"6":{"start":{"line":11,"column":2},"end":{"line":32,"column":3}},"7":{"start":{"line":12,"column":23},"end":{"line":12,"column":71}},"8":{"start":{"line":14,"column":4},"end":{"line":23,"column":5}},"9":{"start":{"line":15,"column":21},"end":{"line":15,"column":73}},"10":{"start":{"line":16,"column":6},"end":{"line":22,"column":9}},"11":{"start":{"line":17,"column":8},"end":{"line":21,"column":11}},"12":{"start":{"line":25,"column":4},"end":{"line":29,"column":7}},"13":{"start":{"line":31,"column":4},"end":{"line":31,"column":37}},"14":{"start":{"line":34,"column":24},"end":{"line":34,"column":59}},"15":{"start":{"line":35,"column":2},"end":{"line":44,"column":3}},"16":{"start":{"line":36,"column":19},"end":{"line":36,"column":74}},"17":{"start":{"line":37,"column":4},"end":{"line":43,"column":7}},"18":{"start":{"line":38,"column":6},"end":{"line":42,"column":9}},"19":{"start":{"line":46,"column":2},"end":{"line":56,"column":3}},"20":{"start":{"line":47,"column":24},"end":{"line":47,"column":38}},"21":{"start":{"line":48,"column":19},"end":{"line":48,"column":72}},"22":{"start":{"line":49,"column":4},"end":{"line":55,"column":7}},"23":{"start":{"line":50,"column":6},"end":{"line":54,"column":9}},"24":{"start":{"line":58,"column":2},"end":{"line":58,"column":18}},"25":{"start":{"line":4,"column":13},"end":{"line":4,"column":37}}},"fnMap":{"0":{"name":"(anonymous_0)","decl":{"start":{"line":4,"column":37},"end":{"line":4,"column":38}},"loc":{"start":{"line":4,"column":72},"end":{"line":59,"column":1}}},"1":{"name":"(anonymous_1)","decl":{"start":{"line":16,"column":21},"end":{"line":16,"column":26}},"loc":{"start":{"line":16,"column":29},"end":{"line":22,"column":7}}},"2":{"name":"(anonymous_2)","decl":{"start":{"line":37,"column":19},"end":{"line":37,"column":24}},"loc":{"start":{"line":37,"column":27},"end":{"line":43,"column":5}}},"3":{"name":"(anonymous_3)","decl":{"start":{"line":49,"column":19},"end":{"line":49,"column":24}},"loc":{"start":{"line":49,"column":27},"end":{"line":55,"column":5}}}},"branchMap":{"0":{"loc":{"start":{"line":14,"column":4},"end":{"line":23,"column":5}},"type":"if","locations":[{"start":{"line":14,"column":4},"end":{"line":23,"column":5}},{"start":{},"end":{}}]},"1":{"loc":{"start":{"line":35,"column":2},"end":{"line":44,"column":3}},"type":"if","locations":[{"start":{"line":35,"column":2},"end":{"line":44,"column":3}},{"start":{},"end":{}}]},"2":{"loc":{"start":{"line":46,"column":2},"end":{"line":56,"column":3}},"type":"if","locations":[{"start":{"line":46,"column":2},"end":{"line":56,"column":3}},{"start":{},"end":{}}]}},"s":{"0":5,"1":5,"2":12,"3":12,"4":12,"5":12,"6":12,"7":7,"8":7,"9":3,"10":3,"11":3,"12":7,"13":7,"14":12,"15":12,"16":8,"17":8,"18":8,"19":12,"20":1,"21":1,"22":1,"23":0,"24":12,"25":5},"f":{"0":12,"1":3,"2":8,"3":0},"b":{"0":[3,4],"1":[8,4],"2":[1,11]}}
,"E:\\woowa\\open_mission\\open_mission\\src\\utils\\blogContentParser\\shared.ts": {"path":"E:\\woowa\\open_mission\\open_mission\\src\\utils\\blogContentParser\\shared.ts","statementMap":{"0":{"start":{"line":1,"column":27},"end":{"line":1,"column":30}},"1":{"start":{"line":19,"column":9},"end":{"line":19,"column":27}},"2":{"start":{"line":3,"column":36},"end":{"line":17,"column":1}},"3":{"start":{"line":4,"column":27},"end":{"line":4,"column":29}},"4":{"start":{"line":5,"column":18},"end":{"line":5,"column":22}},"5":{"start":{"line":7,"column":2},"end":{"line":10,"column":3}},"6":{"start":{"line":8,"column":4},"end":{"line":8,"column":51}},"7":{"start":{"line":9,"column":4},"end":{"line":9,"column":47}},"8":{"start":{"line":12,"column":2},"end":{"line":14,"column":3}},"9":{"start":{"line":13,"column":4},"end":{"line":13,"column":27}},"10":{"start":{"line":16,"column":2},"end":{"line":16,"column":16}},"11":{"start":{"line":3,"column":13},"end":{"line":3,"column":36}}},"fnMap":{"0":{"name":"(anonymous_0)","decl":{"start":{"line":3,"column":36},"end":{"line":3,"column":37}},"loc":{"start":{"line":3,"column":95},"end":{"line":17,"column":1}}}},"branchMap":{"0":{"loc":{"start":{"line":3,"column":51},"end":{"line":3,"column":81}},"type":"default-arg","locations":[{"start":{"line":3,"column":63},"end":{"line":3,"column":81}}]},"1":{"loc":{"start":{"line":12,"column":2},"end":{"line":14,"column":3}},"type":"if","locations":[{"start":{"line":12,"column":2},"end":{"line":14,"column":3}},{"start":{},"end":{}}]}},"s":{"0":5,"1":5,"2":5,"3":26,"4":26,"5":26,"6":0,"7":0,"8":26,"9":25,"10":26,"11":5},"f":{"0":26},"b":{"0":[0],"1":[25,1]}}
}
