TN:
SF:src\App.tsx
FN:15,App
FNF:1
FNH:0
FNDA:0,App
DA:6,0
DA:16,0
LF:2
LH:0
BRF:0
BRH:0
end_of_record
TN:
SF:src\_mocks_\mockPostDetail.ts
FNF:0
FNH:0
DA:4,0
DA:71,0
DA:100,0
DA:171,0
LF:4
LH:0
BRF:0
BRH:0
end_of_record
TN:
SF:src\_mocks_\mockUser.ts
FNF:0
FNH:0
DA:3,0
LF:1
LH:0
BRF:0
BRH:0
end_of_record
TN:
SF:src\_mocks_\mockposts.ts
FN:33,(anonymous_0)
FN:41,(anonymous_1)
FNF:2
FNH:0
FNDA:0,(anonymous_0)
FNDA:0,(anonymous_1)
DA:4,0
DA:31,0
DA:34,0
DA:36,0
DA:37,0
DA:39,0
DA:41,0
DA:49,0
LF:8
LH:0
BRDA:52,0,0,0
BRDA:52,0,1,0
BRDA:55,1,0,0
BRDA:55,1,1,0
BRF:4
BRH:0
end_of_record
TN:
SF:src\api\apiInstance.ts
FN:13,(anonymous_1)
FN:20,(anonymous_2)
FN:27,(anonymous_3)
FN:38,(anonymous_4)
FN:50,(anonymous_5)
FN:62,(anonymous_6)
FN:78,(anonymous_7)
FN:92,(anonymous_8)
FN:96,(anonymous_9)
FN:100,(anonymous_10)
FN:163,(anonymous_11)
FNF:11
FNH:0
FNDA:0,(anonymous_1)
FNDA:0,(anonymous_2)
FNDA:0,(anonymous_3)
FNDA:0,(anonymous_4)
FNDA:0,(anonymous_5)
FNDA:0,(anonymous_6)
FNDA:0,(anonymous_7)
FNDA:0,(anonymous_8)
FNDA:0,(anonymous_9)
FNDA:0,(anonymous_10)
FNDA:0,(anonymous_11)
DA:1,5
DA:2,5
DA:5,5
DA:13,5
DA:14,0
DA:15,0
DA:17,0
DA:20,5
DA:21,0
DA:22,0
DA:24,0
DA:27,5
DA:28,0
DA:29,0
DA:31,0
DA:32,0
DA:34,0
DA:38,5
DA:39,0
DA:40,0
DA:42,0
DA:43,0
DA:45,0
DA:50,5
DA:51,0
DA:53,0
DA:54,0
DA:57,0
DA:61,5
DA:64,0
DA:65,0
DA:69,0
DA:70,0
DA:76,0
DA:78,0
DA:82,5
DA:92,5
DA:93,0
DA:94,0
DA:96,0
DA:100,5
DA:101,0
DA:104,0
DA:105,0
DA:108,0
DA:109,0
DA:110,0
DA:111,0
DA:112,0
DA:113,0
DA:115,0
DA:118,0
DA:119,0
DA:134,0
DA:136,0
DA:137,0
DA:140,0
DA:141,0
DA:144,0
DA:145,0
DA:148,0
DA:150,0
DA:151,0
DA:152,0
DA:153,0
DA:155,0
DA:160,5
DA:164,0
DA:165,0
DA:167,0
DA:168,0
DA:171,0
LF:72
LH:13
BRDA:14,0,0,0
BRDA:14,0,1,0
BRDA:21,1,0,0
BRDA:21,1,1,0
BRDA:28,2,0,0
BRDA:28,2,1,0
BRDA:31,3,0,0
BRDA:31,3,1,0
BRDA:39,4,0,0
BRDA:39,4,1,0
BRDA:42,5,0,0
BRDA:42,5,1,0
BRDA:53,6,0,0
BRDA:53,6,1,0
BRDA:64,7,0,0
BRDA:64,7,1,0
BRDA:69,8,0,0
BRDA:69,8,1,0
BRDA:69,9,0,0
BRDA:69,9,1,0
BRDA:72,10,0,0
BRDA:72,10,1,0
BRDA:93,11,0,0
BRDA:93,11,1,0
BRDA:104,12,0,0
BRDA:104,12,1,0
BRDA:109,13,0,0
BRDA:109,13,1,0
BRDA:112,14,0,0
BRDA:112,14,1,0
BRDA:134,15,0,0
BRDA:134,15,1,0
BRDA:136,16,0,0
BRDA:136,16,1,0
BRDA:136,17,0,0
BRDA:136,17,1,0
BRDA:144,18,0,0
BRDA:144,18,1,0
BRDA:152,19,0,0
BRDA:152,19,1,0
BRDA:167,20,0,0
BRDA:167,20,1,0
BRF:42
BRH:0
end_of_record
TN:
SF:src\api\auth\authApi.ts
FN:6,(anonymous_0)
FN:16,(anonymous_1)
FN:24,(anonymous_2)
FN:39,(anonymous_3)
FN:45,(anonymous_4)
FN:55,(anonymous_5)
FNF:6
FNH:5
FNDA:2,(anonymous_0)
FNDA:1,(anonymous_1)
FNDA:1,(anonymous_2)
FNDA:1,(anonymous_3)
FNDA:0,(anonymous_4)
FNDA:1,(anonymous_5)
DA:1,4
DA:6,4
DA:7,2
DA:9,1
DA:10,1
DA:11,1
DA:12,1
DA:16,4
DA:19,1
DA:20,1
DA:24,4
DA:27,1
DA:31,1
DA:32,1
DA:33,1
DA:35,1
DA:39,4
DA:40,1
DA:41,1
DA:45,4
DA:48,0
DA:51,0
DA:55,4
DA:58,1
DA:60,1
DA:62,1
DA:63,1
DA:65,1
LF:28
LH:26
BRF:0
BRH:0
end_of_record
TN:
SF:src\api\auth\authQuery.ts
FN:6,(anonymous_0)
FN:11,(anonymous_1)
FN:17,(anonymous_2)
FN:22,(anonymous_3)
FN:28,(anonymous_4)
FN:33,(anonymous_5)
FN:39,(anonymous_6)
FN:45,(anonymous_7)
FNF:8
FNH:5
FNDA:1,(anonymous_0)
FNDA:0,(anonymous_1)
FNDA:1,(anonymous_2)
FNDA:0,(anonymous_3)
FNDA:1,(anonymous_4)
FNDA:0,(anonymous_5)
FNDA:1,(anonymous_6)
FNDA:2,(anonymous_7)
DA:1,4
DA:2,4
DA:6,4
DA:7,1
DA:9,1
DA:12,0
DA:17,4
DA:18,1
DA:20,1
DA:23,0
DA:28,4
DA:29,1
DA:31,1
DA:34,0
DA:39,4
DA:40,1
DA:45,4
DA:49,2
LF:18
LH:15
BRF:0
BRH:0
end_of_record
TN:
SF:src\api\blog\blogApi.ts
FN:6,(anonymous_0)
FN:12,(anonymous_1)
FN:20,(anonymous_2)
FN:28,(anonymous_3)
FN:40,(anonymous_4)
FNF:5
FNH:5
FNDA:2,(anonymous_0)
FNDA:1,(anonymous_1)
FNDA:1,(anonymous_2)
FNDA:2,(anonymous_3)
FNDA:3,(anonymous_4)
DA:1,6
DA:6,6
DA:7,2
DA:8,1
DA:12,6
DA:13,1
DA:16,1
DA:20,6
DA:21,1
DA:24,1
DA:28,6
DA:32,2
DA:33,2
DA:36,2
DA:40,6
DA:45,3
DA:46,3
DA:49,3
LF:18
LH:18
BRDA:32,0,0,1
BRDA:32,0,1,1
BRDA:41,1,0,0
BRDA:42,2,0,0
BRDA:45,3,0,1
BRDA:45,3,1,2
BRF:6
BRH:4
end_of_record
TN:
SF:src\api\blog\blogQuery.ts
FN:6,(anonymous_0)
FN:11,(anonymous_1)
FN:18,(anonymous_2)
FN:22,(anonymous_3)
FN:24,(anonymous_4)
FN:32,(anonymous_5)
FN:37,(anonymous_6)
FN:44,(anonymous_7)
FN:47,(anonymous_8)
FN:53,(anonymous_9)
FN:56,(anonymous_10)
FNF:11
FNH:7
FNDA:1,(anonymous_0)
FNDA:0,(anonymous_1)
FNDA:1,(anonymous_2)
FNDA:0,(anonymous_3)
FNDA:0,(anonymous_4)
FNDA:1,(anonymous_5)
FNDA:0,(anonymous_6)
FNDA:3,(anonymous_7)
FNDA:1,(anonymous_8)
FNDA:3,(anonymous_9)
FNDA:1,(anonymous_10)
DA:1,5
DA:2,5
DA:6,5
DA:7,1
DA:9,1
DA:12,0
DA:18,5
DA:19,1
DA:21,1
DA:23,0
DA:25,0
DA:26,0
DA:32,5
DA:33,1
DA:35,1
DA:38,0
DA:44,5
DA:45,3
DA:47,1
DA:53,5
DA:54,3
DA:56,1
LF:22
LH:17
BRDA:44,0,0,1
BRDA:48,1,0,3
BRDA:48,1,1,2
BRDA:53,2,0,0
BRDA:53,3,0,0
BRDA:53,4,0,0
BRF:6
BRH:3
end_of_record
TN:
SF:src\api\comment\commentApi.ts
FN:6,(anonymous_0)
FN:17,(anonymous_1)
FNF:2
FNH:0
FNDA:0,(anonymous_0)
FNDA:0,(anonymous_1)
DA:1,3
DA:6,3
DA:10,0
DA:13,0
DA:17,3
DA:18,0
DA:21,0
LF:7
LH:3
BRF:0
BRH:0
end_of_record
TN:
SF:src\api\comment\commentQuery.ts
FN:5,(anonymous_0)
FN:9,(anonymous_1)
FN:10,(anonymous_2)
FN:17,(anonymous_3)
FN:21,(anonymous_4)
FN:22,(anonymous_5)
FNF:6
FNH:2
FNDA:1,(anonymous_0)
FNDA:0,(anonymous_1)
FNDA:0,(anonymous_2)
FNDA:1,(anonymous_3)
FNDA:0,(anonymous_4)
FNDA:0,(anonymous_5)
DA:1,4
DA:2,4
DA:5,4
DA:6,1
DA:8,1
DA:9,0
DA:11,0
DA:17,4
DA:18,1
DA:20,1
DA:21,0
DA:23,0
LF:12
LH:8
BRF:0
BRH:0
end_of_record
TN:
SF:src\api\image\imageApi.ts
FN:6,(anonymous_0)
FN:14,(anonymous_1)
FN:29,(anonymous_2)
FNF:3
FNH:0
FNDA:0,(anonymous_0)
FNDA:0,(anonymous_1)
FNDA:0,(anonymous_2)
DA:1,2
DA:6,2
DA:7,0
DA:10,0
DA:14,2
DA:15,0
DA:23,0
DA:24,0
DA:29,2
DA:30,0
DA:31,0
DA:32,0
DA:33,0
DA:34,0
LF:14
LH:4
BRDA:23,0,0,0
BRDA:23,0,1,0
BRF:2
BRH:0
end_of_record
TN:
SF:src\api\image\imageQuery.ts
FN:5,(anonymous_0)
FN:7,(anonymous_1)
FNF:2
FNH:1
FNDA:1,(anonymous_0)
FNDA:0,(anonymous_1)
DA:1,3
DA:2,3
DA:5,3
DA:6,1
DA:7,0
LF:5
LH:4
BRF:0
BRH:0
end_of_record
TN:
SF:src\api\user\userApi.ts
FN:6,(anonymous_0)
FN:12,(anonymous_1)
FN:18,(anonymous_2)
FN:26,(anonymous_3)
FNF:4
FNH:0
FNDA:0,(anonymous_0)
FNDA:0,(anonymous_1)
FNDA:0,(anonymous_2)
FNDA:0,(anonymous_3)
DA:1,3
DA:6,3
DA:7,0
DA:8,0
DA:12,3
DA:13,0
DA:14,0
DA:18,3
DA:21,0
DA:22,0
DA:26,3
DA:29,0
DA:30,0
LF:13
LH:5
BRF:0
BRH:0
end_of_record
TN:
SF:src\api\user\userQuery.ts
FN:8,(anonymous_0)
FN:9,(anonymous_1)
FN:20,(anonymous_2)
FN:32,(anonymous_3)
FN:34,(anonymous_4)
FN:45,(anonymous_5)
FN:50,(anonymous_6)
FN:57,(anonymous_7)
FN:62,(anonymous_8)
FN:69,(anonymous_9)
FN:74,(anonymous_10)
FNF:11
FNH:8
FNDA:4,(anonymous_0)
FNDA:4,(anonymous_1)
FNDA:4,(anonymous_2)
FNDA:2,(anonymous_3)
FNDA:2,(anonymous_4)
FNDA:1,(anonymous_5)
FNDA:0,(anonymous_6)
FNDA:1,(anonymous_7)
FNDA:0,(anonymous_8)
FNDA:1,(anonymous_9)
FNDA:0,(anonymous_10)
DA:1,4
DA:2,4
DA:3,4
DA:4,4
DA:8,4
DA:9,4
DA:11,4
DA:20,4
DA:21,4
DA:22,2
DA:23,2
DA:24,0
DA:28,4
DA:32,4
DA:33,2
DA:34,2
DA:36,2
DA:45,4
DA:46,1
DA:48,1
DA:51,0
DA:57,4
DA:58,1
DA:60,1
DA:63,0
DA:69,4
DA:70,1
DA:72,1
DA:75,0
LF:29
LH:25
BRDA:21,0,0,2
BRDA:21,0,1,2
BRDA:23,1,0,0
BRDA:23,1,1,2
BRDA:37,2,0,2
BRDA:37,2,1,1
BRF:6
BRH:5
end_of_record
TN:
SF:src\assets\icons\index.ts
FNF:0
FNH:0
DA:1,5
LF:1
LH:1
BRF:0
BRH:0
end_of_record
TN:
SF:src\assets\icons\common\index.ts
FNF:0
FNH:0
DA:2,5
DA:3,5
DA:4,5
DA:5,5
DA:6,5
DA:7,5
DA:8,5
DA:9,5
DA:10,5
DA:11,5
DA:12,5
DA:13,5
DA:14,5
DA:15,5
DA:16,5
DA:17,5
DA:18,5
DA:19,5
DA:22,5
DA:23,5
DA:24,5
DA:25,5
DA:26,5
DA:27,5
DA:28,5
DA:29,5
DA:30,5
DA:31,5
DA:32,5
DA:33,5
DA:34,5
DA:35,5
DA:36,5
DA:37,5
DA:38,5
DA:39,5
LF:36
LH:36
BRF:0
BRH:0
end_of_record
TN:
SF:src\assets\logo\index.ts
FN:1,(anonymous_1)
FNF:1
FNH:0
FNDA:0,(anonymous_1)
DA:1,4
LF:1
LH:1
BRF:0
BRH:0
end_of_record
TN:
SF:src\components\index.ts
FN:2,(anonymous_1)
FN:3,(anonymous_2)
FN:4,(anonymous_3)
FN:5,(anonymous_4)
FN:6,(anonymous_5)
FN:7,(anonymous_6)
FN:8,(anonymous_7)
FN:9,(anonymous_8)
FN:10,(anonymous_9)
FN:11,(anonymous_10)
FN:12,(anonymous_11)
FN:13,(anonymous_12)
FN:14,(anonymous_13)
FN:15,(anonymous_14)
FN:16,(anonymous_15)
FN:17,(anonymous_16)
FN:18,(anonymous_17)
FN:19,(anonymous_18)
FN:20,(anonymous_19)
FN:21,(anonymous_20)
FN:22,(anonymous_21)
FN:25,(anonymous_22)
FN:26,(anonymous_23)
FN:27,(anonymous_24)
FN:28,(anonymous_25)
FN:29,(anonymous_26)
FN:30,(anonymous_27)
FN:31,(anonymous_28)
FN:32,(anonymous_29)
FN:33,(anonymous_30)
FN:34,(anonymous_31)
FN:35,(anonymous_32)
FN:38,(anonymous_33)
FN:39,(anonymous_34)
FN:40,(anonymous_35)
FN:41,(anonymous_36)
FN:42,(anonymous_37)
FNF:37
FNH:4
FNDA:32,(anonymous_1)
FNDA:0,(anonymous_2)
FNDA:0,(anonymous_3)
FNDA:0,(anonymous_4)
FNDA:0,(anonymous_5)
FNDA:0,(anonymous_6)
FNDA:1,(anonymous_7)
FNDA:0,(anonymous_8)
FNDA:0,(anonymous_9)
FNDA:0,(anonymous_10)
FNDA:0,(anonymous_11)
FNDA:0,(anonymous_12)
FNDA:0,(anonymous_13)
FNDA:0,(anonymous_14)
FNDA:0,(anonymous_15)
FNDA:14,(anonymous_16)
FNDA:18,(anonymous_17)
FNDA:0,(anonymous_18)
FNDA:0,(anonymous_19)
FNDA:0,(anonymous_20)
FNDA:0,(anonymous_21)
FNDA:0,(anonymous_22)
FNDA:0,(anonymous_23)
FNDA:0,(anonymous_24)
FNDA:0,(anonymous_25)
FNDA:0,(anonymous_26)
FNDA:0,(anonymous_27)
FNDA:0,(anonymous_28)
FNDA:0,(anonymous_29)
FNDA:0,(anonymous_30)
FNDA:0,(anonymous_31)
FNDA:0,(anonymous_32)
FNDA:0,(anonymous_33)
FNDA:0,(anonymous_34)
FNDA:0,(anonymous_35)
FNDA:0,(anonymous_36)
FNDA:0,(anonymous_37)
DA:2,36
DA:3,4
DA:4,4
DA:5,4
DA:6,4
DA:7,4
DA:8,5
DA:9,4
DA:10,4
DA:11,4
DA:12,4
DA:13,4
DA:14,4
DA:15,4
DA:16,4
DA:17,18
DA:18,22
DA:19,4
DA:20,4
DA:21,4
DA:22,4
DA:25,4
DA:26,4
DA:27,4
DA:28,4
DA:29,4
DA:30,4
DA:31,4
DA:32,4
DA:33,4
DA:34,4
DA:35,4
DA:38,4
DA:39,4
DA:40,4
DA:41,4
DA:42,4
LF:37
LH:37
BRF:0
BRH:0
end_of_record
TN:
SF:src\components\auth\KakaoLogin.tsx
FN:3,(anonymous_0)
FNF:1
FNH:0
FNDA:0,(anonymous_0)
DA:3,0
DA:4,0
DA:6,0
LF:3
LH:0
BRF:0
BRH:0
end_of_record
TN:
SF:src\components\auth\LoginForm.tsx
FN:28,(anonymous_9)
FN:55,(anonymous_10)
FNF:2
FNH:0
FNDA:0,(anonymous_9)
FNDA:0,(anonymous_10)
DA:1,4
DA:2,4
DA:3,4
DA:4,4
DA:5,4
DA:6,4
DA:28,4
DA:50,0
DA:52,0
DA:56,0
DA:57,0
DA:58,0
DA:60,0
DA:83,4
LF:14
LH:8
BRDA:31,0,0,0
BRDA:32,1,0,0
BRDA:33,2,0,0
BRDA:34,3,0,0
BRDA:35,4,0,0
BRDA:57,5,0,0
BRDA:57,5,1,0
BRDA:65,6,0,0
BRDA:65,6,1,0
BRDA:75,7,0,0
BRDA:75,7,1,0
BRDA:77,8,0,0
BRDA:77,8,1,0
BRDA:78,9,0,0
BRDA:78,9,1,0
BRF:15
BRH:0
end_of_record
TN:
SF:src\components\auth\LoginFormVariants.ts
FNF:0
FNH:0
DA:1,4
DA:4,4
DA:6,4
DA:9,4
DA:14,4
DA:33,4
DA:38,4
DA:43,4
DA:48,4
DA:63,4
DA:66,4
DA:71,4
DA:76,4
DA:91,4
DA:96,4
DA:109,4
DA:114,4
DA:119,4
DA:124,4
LF:19
LH:19
BRF:0
BRH:0
end_of_record
TN:
SF:src\components\auth\LoginLogo.styles.ts
FNF:0
FNH:0
DA:1,4
DA:3,4
DA:6,4
DA:10,4
DA:16,4
DA:23,4
LF:6
LH:6
BRF:0
BRH:0
end_of_record
TN:
SF:src\components\auth\LoginLogo.tsx
FN:9,(anonymous_0)
FNF:1
FNH:0
FNDA:0,(anonymous_0)
DA:1,4
DA:2,4
DA:3,4
DA:9,4
DA:10,0
DA:22,4
LF:6
LH:5
BRDA:9,0,0,0
BRDA:13,1,0,0
BRDA:13,1,1,0
BRF:3
BRH:0
end_of_record
TN:
SF:src\components\auth\LoginModal.tsx
FN:15,(anonymous_1)
FN:35,(anonymous_2)
FNF:2
FNH:0
FNDA:0,(anonymous_1)
FNDA:0,(anonymous_2)
DA:1,4
DA:2,4
DA:3,4
DA:4,4
DA:5,4
DA:6,4
DA:15,4
DA:16,0
DA:19,0
DA:20,0
DA:22,0
DA:23,0
DA:26,0
DA:35,0
DA:53,4
LF:15
LH:8
BRDA:15,0,0,0
BRDA:22,1,0,0
BRDA:22,1,1,0
BRF:3
BRH:0
end_of_record
TN:
SF:src\components\auth\index.ts
FN:1,(anonymous_5)
FN:2,(anonymous_6)
FN:3,(anonymous_7)
FNF:3
FNH:0
FNDA:0,(anonymous_5)
FNDA:0,(anonymous_6)
FNDA:0,(anonymous_7)
DA:1,3
DA:2,3
DA:3,3
DA:4,3
LF:4
LH:4
BRF:0
BRH:0
end_of_record
TN:
SF:src\components\auth\LoginFormComponents\LoginFormButtons.tsx
FN:10,(anonymous_9)
FN:23,(anonymous_10)
FN:38,(anonymous_11)
FNF:3
FNH:0
FNDA:0,(anonymous_9)
FNDA:0,(anonymous_10)
FNDA:0,(anonymous_11)
DA:1,4
DA:2,4
DA:3,4
DA:10,4
DA:11,0
DA:23,4
DA:24,0
DA:38,4
DA:39,0
LF:9
LH:6
BRF:0
BRH:0
end_of_record
TN:
SF:src\components\auth\LoginFormComponents\LoginFormSections.tsx
FN:14,(anonymous_9)
FN:22,(anonymous_10)
FN:33,(anonymous_11)
FN:45,(anonymous_12)
FN:64,(anonymous_13)
FNF:5
FNH:0
FNDA:0,(anonymous_9)
FNDA:0,(anonymous_10)
FNDA:0,(anonymous_11)
FNDA:0,(anonymous_12)
FNDA:0,(anonymous_13)
DA:2,4
DA:3,4
DA:4,4
DA:14,4
DA:15,0
DA:22,0
DA:33,0
DA:45,4
DA:46,0
DA:47,0
DA:50,0
DA:64,4
DA:65,0
LF:13
LH:6
BRDA:46,0,0,0
BRDA:46,0,1,0
BRF:2
BRH:0
end_of_record
TN:
SF:src\components\auth\LoginFormComponents\index.ts
FN:1,(anonymous_0)
FN:1,(anonymous_1)
FN:1,(anonymous_2)
FN:2,(anonymous_3)
FN:2,(anonymous_4)
FN:2,(anonymous_5)
FNF:6
FNH:0
FNDA:0,(anonymous_0)
FNDA:0,(anonymous_1)
FNDA:0,(anonymous_2)
FNDA:0,(anonymous_3)
FNDA:0,(anonymous_4)
FNDA:0,(anonymous_5)
DA:1,4
DA:2,4
LF:2
LH:2
BRF:0
BRH:0
end_of_record
TN:
SF:src\components\blog\Comment\Comment.styles.ts
FNF:0
FNH:0
DA:1,6
DA:4,6
DA:15,6
DA:27,6
LF:4
LH:4
BRF:0
BRH:0
end_of_record
TN:
SF:src\components\blog\Comment\CommentInput.tsx
FN:8,(anonymous_1)
FN:15,(anonymous_2)
FNF:2
FNH:2
FNDA:16,(anonymous_1)
FNDA:4,(anonymous_2)
DA:1,5
DA:2,5
DA:3,5
DA:4,5
DA:6,5
DA:8,5
DA:9,16
DA:10,16
DA:12,16
DA:13,16
DA:15,16
DA:16,4
DA:17,2
DA:19,2
DA:20,2
DA:21,2
DA:25,16
DA:49,5
LF:18
LH:18
BRDA:16,0,0,2
BRDA:16,0,1,2
BRDA:19,1,0,2
BRDA:19,1,1,0
BRDA:31,2,0,16
BRDA:31,2,1,0
BRDA:40,3,0,3
BRDA:40,3,1,13
BRF:8
BRH:6
end_of_record
TN:
SF:src\components\blog\Comment\CommentItem.tsx
FN:11,(anonymous_1)
FN:14,(anonymous_2)
FN:16,(anonymous_3)
FN:21,(anonymous_4)
FNF:4
FNH:4
FNDA:8,(anonymous_1)
FNDA:8,(anonymous_2)
FNDA:1,(anonymous_3)
FNDA:8,(anonymous_4)
DA:1,5
DA:2,5
DA:3,5
DA:4,5
DA:5,5
DA:7,5
DA:8,5
DA:10,5
DA:12,8
DA:13,8
DA:14,8
DA:16,8
DA:17,1
DA:20,8
DA:21,8
DA:32,8
DA:69,5
DA:71,5
LF:18
LH:18
BRDA:39,0,0,8
BRDA:39,0,1,0
BRDA:48,1,0,8
BRDA:48,1,1,7
BRDA:48,1,2,6
BRF:5
BRH:4
end_of_record
TN:
SF:src\components\blog\Detail\BlogAuthorSection.tsx
FN:17,(anonymous_0)
FN:28,(anonymous_1)
FNF:2
FNH:0
FNDA:0,(anonymous_0)
FNDA:0,(anonymous_1)
DA:1,4
DA:2,4
DA:3,4
DA:11,4
DA:17,4
DA:18,0
DA:20,0
DA:37,4
LF:8
LH:6
BRDA:27,0,0,0
BRDA:27,0,1,0
BRF:2
BRH:0
end_of_record
TN:
SF:src\components\blog\Detail\BlogCommentSection.tsx
FN:33,(anonymous_0)
FN:67,(anonymous_1)
FN:91,(anonymous_2)
FNF:3
FNH:0
FNDA:0,(anonymous_0)
FNDA:0,(anonymous_1)
FNDA:0,(anonymous_2)
DA:1,4
DA:2,4
DA:3,4
DA:4,4
DA:5,4
DA:15,4
DA:33,4
DA:39,0
DA:40,0
DA:41,0
DA:46,0
DA:68,0
DA:91,0
DA:115,4
LF:14
LH:8
BRDA:35,0,0,0
BRDA:36,1,0,0
BRDA:57,2,0,0
BRDA:57,2,1,0
BRDA:82,3,0,0
BRDA:82,3,1,0
BRDA:99,4,0,0
BRDA:99,4,1,0
BRDA:105,5,0,0
BRDA:105,5,1,0
BRF:10
BRH:0
end_of_record
TN:
SF:src\components\blog\Detail\BlogPostSection.tsx
FN:24,(anonymous_0)
FN:28,(anonymous_1)
FN:32,(anonymous_2)
FN:33,(anonymous_3)
FN:53,(anonymous_4)
FN:54,(anonymous_5)
FNF:6
FNH:0
FNDA:0,(anonymous_0)
FNDA:0,(anonymous_1)
FNDA:0,(anonymous_2)
FNDA:0,(anonymous_3)
FNDA:0,(anonymous_4)
FNDA:0,(anonymous_5)
DA:1,4
DA:2,4
DA:4,4
DA:15,4
DA:24,4
DA:25,0
DA:27,0
DA:29,0
DA:30,0
DA:32,0
DA:34,0
DA:40,0
DA:53,0
DA:55,0
DA:56,0
DA:64,4
LF:16
LH:6
BRDA:56,0,0,0
BRDA:56,0,1,0
BRF:2
BRH:0
end_of_record
TN:
SF:src\components\blog\Main\MainPreviewCard.tsx
FN:20,(anonymous_1)
FN:34,(anonymous_2)
FNF:2
FNH:0
FNDA:0,(anonymous_1)
FNDA:0,(anonymous_2)
DA:1,4
DA:2,4
DA:3,4
DA:4,4
DA:19,4
DA:32,0
DA:34,0
DA:35,0
DA:38,0
DA:50,4
DA:52,4
LF:11
LH:7
BRDA:21,0,0,0
BRDA:23,1,0,0
BRDA:30,2,0,0
BRDA:44,3,0,0
BRDA:44,3,1,0
BRF:5
BRH:0
end_of_record
TN:
SF:src\components\blog\Main\MainPreviewImage.tsx
FN:14,(anonymous_1)
FNF:1
FNH:0
FNDA:0,(anonymous_1)
DA:1,4
DA:2,4
DA:3,4
DA:11,4
DA:12,4
DA:14,4
DA:15,0
DA:17,0
DA:30,4
DA:32,4
LF:10
LH:8
BRDA:14,0,0,0
BRDA:15,1,0,0
BRDA:15,1,1,0
BRDA:22,2,0,0
BRDA:22,2,1,0
BRDA:23,3,0,0
BRDA:23,3,1,0
BRF:7
BRH:0
end_of_record
TN:
SF:src\components\blog\Post\PostBody.tsx
FN:10,(anonymous_1)
FNF:1
FNH:0
FNDA:0,(anonymous_1)
DA:1,4
DA:10,4
DA:11,0
DA:14,0
DA:15,0
DA:25,0
DA:28,0
DA:42,4
LF:8
LH:3
BRDA:10,0,0,0
BRDA:10,1,0,0
BRDA:10,2,0,0
BRDA:11,3,0,0
BRDA:11,3,1,0
BRDA:14,4,0,0
BRDA:14,4,1,0
BRDA:14,5,0,0
BRDA:14,5,1,0
BRDA:32,6,0,0
BRDA:32,6,1,0
BRDA:33,7,0,0
BRDA:33,7,1,0
BRDA:34,8,0,0
BRDA:34,8,1,0
BRDA:36,9,0,0
BRDA:36,9,1,0
BRF:17
BRH:0
end_of_record
TN:
SF:src\components\blog\Post\PostCard.tsx
FN:13,(anonymous_0)
FNF:1
FNH:1
FNDA:6,(anonymous_0)
DA:1,5
DA:2,5
DA:3,5
DA:13,5
DA:14,6
DA:22,5
DA:24,5
LF:7
LH:7
BRDA:13,0,0,5
BRDA:16,1,0,1
BRDA:16,1,1,5
BRDA:17,2,0,6
BRDA:17,2,1,1
BRF:5
BRH:5
end_of_record
TN:
SF:src\components\blog\Post\PostCardVariants.ts
FNF:0
FNH:0
DA:1,5
DA:3,5
DA:17,5
DA:30,5
LF:4
LH:4
BRF:0
BRH:0
end_of_record
TN:
SF:src\components\blog\Post\PostDetails.styles.ts
FNF:0
FNH:0
DA:1,4
DA:3,4
DA:5,4
LF:3
LH:3
BRF:0
BRH:0
end_of_record
TN:
SF:src\components\blog\Post\PostDetails.tsx
FN:17,(anonymous_1)
FNF:1
FNH:0
FNDA:0,(anonymous_1)
DA:1,4
DA:2,4
DA:3,4
DA:4,4
DA:5,4
DA:6,4
DA:7,4
DA:17,4
DA:18,0
DA:49,4
DA:51,4
LF:11
LH:10
BRDA:26,0,0,0
BRDA:26,0,1,0
BRF:2
BRH:0
end_of_record
TN:
SF:src\components\blog\Post\PostHeader.tsx
FN:7,(anonymous_0)
FNF:1
FNH:0
FNDA:0,(anonymous_0)
DA:7,4
DA:8,0
DA:16,4
LF:3
LH:2
BRDA:7,0,0,0
BRDA:11,1,0,0
BRDA:11,1,1,0
BRF:3
BRH:0
end_of_record
TN:
SF:src\components\blog\Post\PostInput.tsx
FN:8,(anonymous_0)
FN:13,(anonymous_1)
FNF:2
FNH:2
FNDA:6,(anonymous_0)
FNDA:1,(anonymous_1)
DA:8,5
DA:9,6
DA:13,1
DA:22,5
LF:4
LH:4
BRDA:8,0,0,5
BRDA:8,1,0,5
BRF:2
BRH:2
end_of_record
TN:
SF:src\components\blog\Write\BlogWriteComponents.tsx
FN:39,(anonymous_0)
FN:45,(anonymous_1)
FN:52,(anonymous_2)
FN:57,(anonymous_3)
FN:61,(anonymous_4)
FNF:5
FNH:0
FNDA:0,(anonymous_0)
FNDA:0,(anonymous_1)
FNDA:0,(anonymous_2)
FNDA:0,(anonymous_3)
FNDA:0,(anonymous_4)
DA:21,0
DA:31,0
DA:39,0
DA:40,0
DA:45,0
DA:52,0
DA:53,0
DA:55,0
DA:57,0
DA:61,0
LF:10
LH:0
BRF:0
BRH:0
end_of_record
TN:
SF:src\components\common\Button\Button.tsx
FN:6,(anonymous_0)
FNF:1
FNH:1
FNDA:40,(anonymous_0)
DA:2,4
DA:3,4
DA:4,4
DA:6,4
DA:18,40
DA:34,4
LF:6
LH:6
BRDA:9,0,0,11
BRDA:10,1,0,39
BRDA:11,2,0,38
BRDA:13,3,0,8
BRDA:14,4,0,40
BRDA:15,5,0,26
BRDA:16,6,0,40
BRDA:24,7,0,40
BRDA:24,7,1,1
BRDA:24,7,2,1
BRF:10
BRH:10
end_of_record
TN:
SF:src\components\common\Button\ButtonVariants.ts
FNF:0
FNH:0
DA:1,4
DA:3,4
DA:51,4
DA:56,4
LF:4
LH:4
BRF:0
BRH:0
end_of_record
TN:
SF:src\components\common\Divider\Divider.tsx
FN:5,(anonymous_0)
FNF:1
FNH:1
FNDA:3,(anonymous_0)
DA:5,5
DA:6,3
DA:9,5
LF:3
LH:3
BRDA:5,0,0,2
BRF:1
BRH:1
end_of_record
TN:
SF:src\components\common\Dropdown\DropdownMenu.tsx
FN:6,(anonymous_1)
FN:17,(anonymous_2)
FN:18,(anonymous_3)
FN:25,(anonymous_4)
FN:30,(anonymous_5)
FN:40,(anonymous_6)
FNF:6
FNH:6
FNDA:15,(anonymous_1)
FNDA:6,(anonymous_2)
FNDA:1,(anonymous_3)
FNDA:6,(anonymous_4)
FNDA:3,(anonymous_5)
FNDA:5,(anonymous_6)
DA:1,5
DA:2,5
DA:3,5
DA:6,5
DA:14,15
DA:15,15
DA:17,15
DA:18,6
DA:19,1
DA:20,1
DA:24,6
DA:25,6
DA:26,6
DA:30,15
DA:31,3
DA:32,2
DA:34,3
DA:37,15
DA:40,5
DA:62,5
LF:20
LH:20
BRDA:9,0,0,15
BRDA:10,1,0,15
BRDA:11,2,0,15
BRDA:12,3,0,15
BRDA:19,4,0,1
BRDA:19,4,1,0
BRDA:19,5,0,1
BRDA:19,5,1,1
BRDA:31,6,0,2
BRDA:31,6,1,1
BRDA:31,7,0,3
BRDA:31,7,1,2
BRDA:50,8,0,15
BRDA:50,8,1,5
BRF:14
BRH:13
end_of_record
TN:
SF:src\components\common\Dropdown\DropdownMenuList.tsx
FN:5,(anonymous_1)
FN:34,(anonymous_2)
FN:37,(anonymous_3)
FNF:3
FNH:3
FNDA:7,(anonymous_1)
FNDA:13,(anonymous_2)
FNDA:1,(anonymous_3)
DA:1,5
DA:5,5
DA:6,7
DA:35,13
DA:37,1
DA:63,5
LF:6
LH:6
BRDA:5,0,0,5
BRDA:5,1,0,6
BRDA:12,2,0,6
BRDA:12,2,1,1
BRDA:52,3,0,6
BRDA:52,3,1,7
BRF:6
BRH:6
end_of_record
TN:
SF:src\components\common\Error\ErrorBoundary.tsx
FN:15,(anonymous_0)
FN:34,(anonymous_1)
FN:23,(anonymous_2)
FN:30,(anonymous_3)
FN:41,(anonymous_4)
FNF:5
FNH:5
FNDA:8,(anonymous_0)
FNDA:1,(anonymous_1)
FNDA:6,(anonymous_2)
FNDA:3,(anonymous_3)
FNDA:15,(anonymous_4)
DA:1,5
DA:2,5
DA:14,5
DA:16,8
DA:17,7
DA:24,6
DA:34,7
DA:35,1
DA:42,15
DA:43,6
DA:44,2
DA:47,4
DA:50,9
LF:13
LH:13
BRDA:42,0,0,6
BRDA:42,0,1,9
BRDA:43,1,0,2
BRDA:43,1,1,4
BRDA:47,2,0,4
BRDA:47,2,1,0
BRF:6
BRH:5
end_of_record
TN:
SF:src\components\common\Error\ErrorMessage.tsx
FN:6,(anonymous_0)
FNF:1
FNH:1
FNDA:9,(anonymous_0)
DA:6,6
DA:7,9
LF:2
LH:2
BRDA:6,0,0,4
BRDA:11,1,0,9
BRDA:11,1,1,6
BRF:3
BRH:3
end_of_record
TN:
SF:src\components\common\Icon\Icon.tsx
FN:15,(anonymous_0)
FNF:1
FNH:1
FNDA:8,(anonymous_0)
DA:2,5
DA:4,5
DA:15,5
DA:16,8
DA:18,8
DA:27,5
LF:6
LH:6
BRDA:15,0,0,6
BRDA:15,1,0,7
BRDA:16,2,0,8
BRDA:16,2,1,7
BRF:4
BRH:4
end_of_record
TN:
SF:src\components\common\Icon\IconVariants.ts
FNF:0
FNH:0
DA:1,5
DA:3,5
DA:34,5
LF:3
LH:3
BRF:0
BRH:0
end_of_record
TN:
SF:src\components\common\Loading\LoadingSpinner.tsx
FN:5,(anonymous_0)
FNF:1
FNH:1
FNDA:3,(anonymous_0)
DA:5,5
DA:6,3
LF:2
LH:2
BRDA:5,0,0,1
BRF:1
BRH:1
end_of_record
TN:
SF:src\components\common\Modal\Modal.tsx
FN:26,(anonymous_0)
FN:57,(anonymous_1)
FNF:2
FNH:2
FNDA:15,(anonymous_0)
FNDA:3,(anonymous_1)
DA:1,4
DA:8,4
DA:10,4
DA:11,4
DA:26,4
DA:38,15
DA:40,15
DA:41,1
DA:44,14
DA:57,3
DA:82,4
LF:11
LH:11
BRDA:28,0,0,15
BRDA:32,1,0,14
BRDA:33,2,0,14
BRDA:34,3,0,15
BRDA:40,4,0,1
BRDA:40,4,1,14
BRDA:66,5,0,14
BRDA:66,5,1,3
BRF:8
BRH:8
end_of_record
TN:
SF:src\components\common\Modal\ModalVariants.ts
FNF:0
FNH:0
DA:1,4
DA:4,4
DA:9,4
DA:23,4
DA:28,4
DA:33,4
DA:48,4
LF:7
LH:7
BRF:0
BRH:0
end_of_record
TN:
SF:src\components\common\PageHeader\PageHeader.tsx
FN:4,(anonymous_0)
FNF:1
FNH:0
FNDA:0,(anonymous_0)
DA:1,4
DA:4,4
DA:5,0
DA:13,4
LF:4
LH:3
BRDA:4,0,0,0
BRF:1
BRH:0
end_of_record
TN:
SF:src\components\common\PageHeader\PageHeaderLeft.tsx
FN:6,(anonymous_0)
FN:7,(anonymous_1)
FNF:2
FNH:0
FNDA:0,(anonymous_0)
FNDA:0,(anonymous_1)
DA:1,4
DA:3,4
DA:6,4
DA:7,0
DA:8,0
DA:11,0
DA:29,4
LF:7
LH:4
BRF:0
BRH:0
end_of_record
TN:
SF:src\components\common\PageHeader\PageHeaderLegacy.tsx
FN:11,(anonymous_1)
FNF:1
FNH:0
FNDA:0,(anonymous_1)
DA:1,4
DA:2,4
DA:3,4
DA:5,4
DA:11,4
DA:12,0
DA:13,0
DA:15,0
DA:37,4
LF:9
LH:6
BRDA:11,0,0,0
BRDA:17,1,0,0
BRDA:17,1,1,0
BRF:3
BRH:0
end_of_record
TN:
SF:src\components\common\PageHeader\PageHeaderRight.tsx
FN:4,(anonymous_0)
FNF:1
FNH:0
FNDA:0,(anonymous_0)
DA:1,4
DA:4,4
DA:5,0
DA:8,4
LF:4
LH:3
BRF:0
BRH:0
end_of_record
TN:
SF:src\components\common\PageHeader\PageHeaderRightRenderers.tsx
FN:11,(anonymous_0)
FN:12,(anonymous_1)
FN:13,(anonymous_2)
FN:14,(anonymous_3)
FN:15,(anonymous_4)
FNF:5
FNH:0
FNDA:0,(anonymous_0)
FNDA:0,(anonymous_1)
FNDA:0,(anonymous_2)
FNDA:0,(anonymous_3)
FNDA:0,(anonymous_4)
DA:1,4
DA:10,4
DA:11,0
DA:12,0
DA:13,0
DA:14,0
DA:15,0
LF:7
LH:2
BRF:0
BRH:0
end_of_record
TN:
SF:src\components\common\PageHeader\RightRenders\DetailTypeHeader.tsx
FN:10,(anonymous_0)
FN:11,(anonymous_1)
FNF:2
FNH:2
FNDA:3,(anonymous_0)
FNDA:3,(anonymous_1)
DA:1,5
DA:2,5
DA:3,5
DA:4,5
DA:5,5
DA:6,5
DA:7,5
DA:8,5
DA:10,5
DA:11,3
DA:12,3
DA:13,3
DA:14,3
DA:17,3
DA:18,3
DA:19,3
DA:28,3
DA:30,3
DA:44,3
DA:46,3
LF:20
LH:20
BRDA:17,0,0,3
BRDA:17,0,1,3
BRDA:18,1,0,3
BRDA:18,1,1,3
BRDA:19,2,0,3
BRDA:19,2,1,0
BRDA:19,3,0,3
BRDA:19,3,1,0
BRDA:44,4,0,3
BRDA:44,4,1,3
BRDA:52,5,0,3
BRDA:52,5,1,0
BRF:12
BRH:9
end_of_record
TN:
SF:src\components\common\PageHeader\RightRenders\EditProfileTypeHeader.tsx
FN:9,(anonymous_0)
FN:10,(anonymous_1)
FNF:2
FNH:2
FNDA:5,(anonymous_0)
FNDA:5,(anonymous_1)
DA:1,5
DA:2,5
DA:9,5
DA:10,5
DA:12,5
DA:13,2
DA:20,3
LF:7
LH:7
BRDA:12,0,0,2
BRDA:12,0,1,3
BRF:2
BRH:2
end_of_record
TN:
SF:src\components\common\PageHeader\RightRenders\MainTypeHeader.tsx
FN:10,(anonymous_1)
FN:11,(anonymous_2)
FN:16,(anonymous_3)
FN:24,(anonymous_4)
FN:26,(anonymous_5)
FN:45,(anonymous_6)
FN:54,(anonymous_7)
FNF:7
FNH:3
FNDA:6,(anonymous_1)
FNDA:6,(anonymous_2)
FNDA:3,(anonymous_3)
FNDA:0,(anonymous_4)
FNDA:0,(anonymous_5)
FNDA:0,(anonymous_6)
FNDA:0,(anonymous_7)
DA:1,5
DA:2,5
DA:3,5
DA:4,5
DA:5,5
DA:6,5
DA:7,5
DA:8,5
DA:10,5
DA:11,6
DA:12,6
DA:13,6
DA:14,6
DA:16,6
DA:17,3
DA:18,2
DA:19,2
DA:21,1
DA:24,6
DA:25,0
DA:26,0
DA:27,0
DA:31,6
DA:45,0
DA:54,0
LF:25
LH:20
BRDA:17,0,0,2
BRDA:17,0,1,1
BRF:2
BRH:2
end_of_record
TN:
SF:src\components\common\PageHeader\RightRenders\MypageTypeHeader.tsx
FN:1,(anonymous_0)
FNF:1
FNH:0
FNDA:0,(anonymous_0)
DA:1,4
LF:1
LH:1
BRF:0
BRH:0
end_of_record
TN:
SF:src\components\common\PageHeader\RightRenders\WriteTypeHeader.tsx
FN:5,(anonymous_0)
FNF:1
FNH:1
FNDA:4,(anonymous_0)
DA:1,5
DA:2,5
DA:3,5
DA:5,5
DA:7,4
DA:9,4
LF:6
LH:6
BRDA:20,0,0,4
BRDA:20,0,1,0
BRDA:26,1,0,0
BRDA:26,1,1,0
BRF:4
BRH:1
end_of_record
TN:
SF:src\components\common\PageHeader\RightRenders\index.ts
FN:1,(anonymous_0)
FN:2,(anonymous_1)
FN:3,(anonymous_2)
FN:4,(anonymous_3)
FN:5,(anonymous_4)
FNF:5
FNH:0
FNDA:0,(anonymous_0)
FNDA:0,(anonymous_1)
FNDA:0,(anonymous_2)
FNDA:0,(anonymous_3)
FNDA:0,(anonymous_4)
DA:1,4
DA:2,4
DA:3,4
DA:4,4
DA:5,4
LF:5
LH:5
BRF:0
BRH:0
end_of_record
TN:
SF:src\components\common\Pagination\Pagination.tsx
FN:9,(anonymous_1)
FNF:1
FNH:1
FNDA:3,(anonymous_1)
DA:1,5
DA:3,5
DA:9,5
DA:10,3
DA:21,5
LF:5
LH:5
BRDA:9,0,0,2
BRF:1
BRH:1
end_of_record
TN:
SF:src\components\common\Pagination\PaginationButton.tsx
FN:14,(anonymous_1)
FN:23,(anonymous_2)
FNF:2
FNH:0
FNDA:0,(anonymous_1)
FNDA:0,(anonymous_2)
DA:1,4
DA:3,4
DA:5,4
DA:14,4
DA:23,0
DA:24,0
DA:25,0
DA:26,0
DA:29,0
DA:30,0
DA:46,0
DA:49,0
DA:63,4
LF:13
LH:5
BRDA:24,0,0,0
BRDA:24,0,1,0
BRDA:24,1,0,0
BRDA:24,1,1,0
BRDA:24,1,2,0
BRDA:25,2,0,0
BRDA:25,2,1,0
BRDA:26,3,0,0
BRDA:26,3,1,0
BRDA:29,4,0,0
BRDA:29,4,1,0
BRDA:52,5,0,0
BRDA:52,5,1,0
BRF:13
BRH:0
end_of_record
TN:
SF:src\components\common\Pagination\PaginationButtonVariants.ts
FNF:0
FNH:0
DA:1,4
DA:3,4
LF:2
LH:2
BRF:0
BRH:0
end_of_record
TN:
SF:src\components\common\Portal\Portal.tsx
FN:8,(anonymous_0)
FNF:1
FNH:1
FNDA:14,(anonymous_0)
DA:2,4
DA:8,4
DA:9,14
DA:12,4
LF:4
LH:4
BRF:0
BRH:0
end_of_record
TN:
SF:src\components\common\Spacer\Spacer.tsx
FN:8,(anonymous_1)
FN:9,(anonymous_2)
FNF:2
FNH:2
FNDA:24,(anonymous_1)
FNDA:24,(anonymous_2)
DA:1,5
DA:8,5
DA:9,24
DA:10,24
DA:12,21
DA:14,1
DA:16,1
DA:18,1
DA:20,0
DA:24,24
DA:27,5
LF:11
LH:10
BRDA:8,0,0,23
BRDA:8,1,0,21
BRDA:10,2,0,21
BRDA:10,2,1,1
BRDA:10,2,2,1
BRDA:10,2,3,1
BRDA:10,2,4,0
BRF:7
BRH:6
end_of_record
TN:
SF:src\components\common\Text\TextField.tsx
FN:7,(anonymous_1)
FNF:1
FNH:1
FNDA:12,(anonymous_1)
DA:1,5
DA:3,5
DA:4,5
DA:6,5
DA:28,12
DA:56,5
DA:58,5
LF:7
LH:7
BRDA:9,0,0,11
BRDA:10,1,0,11
BRDA:14,2,0,11
BRDA:15,3,0,10
BRDA:18,4,0,12
BRDA:19,5,0,12
BRDA:20,6,0,12
BRDA:21,7,0,12
BRDA:22,8,0,11
BRDA:23,9,0,12
BRDA:24,10,0,12
BRDA:33,11,0,12
BRDA:33,11,1,2
BRDA:50,12,0,12
BRDA:50,12,1,2
BRDA:50,12,2,1
BRF:16
BRH:16
end_of_record
TN:
SF:src\components\common\Text\TextFieldVariants.ts
FNF:0
FNH:0
DA:1,5
DA:3,5
DA:33,5
LF:3
LH:3
BRF:0
BRH:0
end_of_record
TN:
SF:src\components\common\Text\Textarea.tsx
FN:7,(anonymous_1)
FNF:1
FNH:1
FNDA:10,(anonymous_1)
DA:1,5
DA:3,5
DA:4,5
DA:6,5
DA:26,10
DA:63,5
DA:65,5
LF:7
LH:7
BRDA:10,0,0,9
BRDA:13,1,0,10
BRDA:29,2,0,10
BRDA:29,2,1,1
BRDA:47,3,0,2
BRDA:47,3,1,8
BRDA:52,4,0,8
BRDA:52,4,1,1
BRF:8
BRH:8
end_of_record
TN:
SF:src\components\common\TextBox\TextBox.tsx
FN:18,(anonymous_1)
FNF:1
FNH:1
FNDA:8,(anonymous_1)
DA:1,5
DA:2,5
DA:3,5
DA:4,5
DA:18,5
DA:29,8
DA:35,8
DA:37,8
DA:38,2
DA:45,6
DA:48,5
LF:11
LH:11
BRDA:20,0,0,7
BRDA:21,1,0,6
BRDA:26,2,0,7
BRDA:30,3,0,8
BRDA:30,3,1,2
BRDA:30,4,0,2
BRDA:30,4,1,1
BRDA:37,5,0,2
BRDA:37,5,1,6
BRDA:37,6,0,8
BRDA:37,6,1,7
BRF:11
BRH:11
end_of_record
TN:
SF:src\components\common\TextBox\TextBoxVariants.ts
FNF:0
FNH:0
DA:1,5
DA:3,5
DA:29,5
LF:3
LH:3
BRF:0
BRH:0
end_of_record
TN:
SF:src\components\common\Toast\Toast.tsx
FN:12,(anonymous_0)
FN:13,(anonymous_1)
FNF:2
FNH:2
FNDA:5,(anonymous_0)
FNDA:5,(anonymous_1)
DA:1,5
DA:2,5
DA:5,5
DA:12,5
DA:13,5
DA:14,5
DA:16,3
DA:18,1
DA:20,1
DA:24,5
DA:32,5
LF:11
LH:11
BRDA:12,0,0,4
BRDA:14,1,0,3
BRDA:14,1,1,1
BRDA:14,1,2,1
BRF:4
BRH:4
end_of_record
TN:
SF:src\components\common\Toast\ToastVariants.ts
FNF:0
FNH:0
DA:1,5
DA:3,5
DA:16,5
DA:29,5
LF:4
LH:4
BRF:0
BRH:0
end_of_record
TN:
SF:src\components\mypage\EditProfileForm.tsx
FN:28,(anonymous_10)
FN:31,(anonymous_11)
FN:41,(anonymous_12)
FN:42,(anonymous_13)
FN:48,(anonymous_14)
FN:73,(anonymous_15)
FN:85,(anonymous_16)
FN:108,(anonymous_17)
FN:108,(anonymous_18)
FNF:9
FNH:0
FNDA:0,(anonymous_10)
FNDA:0,(anonymous_11)
FNDA:0,(anonymous_12)
FNDA:0,(anonymous_13)
FNDA:0,(anonymous_14)
FNDA:0,(anonymous_15)
FNDA:0,(anonymous_16)
FNDA:0,(anonymous_17)
FNDA:0,(anonymous_18)
DA:1,4
DA:2,4
DA:3,4
DA:4,4
DA:5,4
DA:6,4
DA:7,4
DA:8,4
DA:9,4
DA:10,4
DA:11,4
DA:13,4
DA:15,4
DA:25,4
DA:26,4
DA:28,4
DA:29,0
DA:30,0
DA:31,0
DA:32,0
DA:41,0
DA:42,0
DA:43,0
DA:48,0
DA:49,0
DA:50,0
DA:52,0
DA:60,0
DA:73,0
DA:74,0
DA:75,0
DA:85,0
DA:86,0
DA:91,0
DA:94,0
DA:108,0
DA:109,0
DA:110,0
DA:112,0
DA:133,4
LF:40
LH:17
BRDA:49,0,0,0
BRDA:49,0,1,0
BRDA:64,1,0,0
BRDA:64,1,1,0
BRDA:65,2,0,0
BRDA:65,2,1,0
BRDA:66,3,0,0
BRDA:66,3,1,0
BRDA:67,4,0,0
BRDA:67,4,1,0
BRDA:68,5,0,0
BRDA:68,5,1,0
BRDA:74,6,0,0
BRDA:74,6,1,0
BRDA:76,7,0,0
BRDA:76,7,1,0
BRDA:77,8,0,0
BRDA:77,8,1,0
BRDA:78,9,0,0
BRDA:78,9,1,0
BRDA:79,10,0,0
BRDA:79,10,1,0
BRDA:80,11,0,0
BRDA:80,11,1,0
BRDA:98,12,0,0
BRDA:98,12,1,0
BRDA:120,13,0,0
BRDA:120,13,1,0
BRF:28
BRH:0
end_of_record
TN:
SF:src\components\mypage\MyPageForm.tsx
FN:14,(anonymous_1)
FN:17,(anonymous_2)
FN:21,(anonymous_3)
FNF:3
FNH:3
FNDA:5,(anonymous_1)
FNDA:1,(anonymous_2)
FNDA:1,(anonymous_3)
DA:1,5
DA:2,5
DA:3,5
DA:4,5
DA:5,5
DA:8,5
DA:14,5
DA:15,5
DA:17,5
DA:18,1
DA:21,5
DA:22,1
DA:25,5
DA:45,5
LF:14
LH:14
BRF:0
BRH:0
end_of_record
TN:
SF:src\components\mypage\MyPageHeader.styles.ts
FNF:0
FNH:0
DA:1,5
LF:1
LH:1
BRF:0
BRH:0
end_of_record
TN:
SF:src\components\mypage\MyPageHeader.tsx
FN:9,(anonymous_1)
FN:27,(anonymous_2)
FN:28,(anonymous_3)
FN:29,(anonymous_4)
FN:34,(anonymous_5)
FN:41,(anonymous_6)
FN:47,(anonymous_7)
FN:78,(anonymous_8)
FN:92,(anonymous_9)
FNF:9
FNH:7
FNDA:10,(anonymous_1)
FNDA:0,(anonymous_2)
FNDA:0,(anonymous_3)
FNDA:2,(anonymous_4)
FNDA:10,(anonymous_5)
FNDA:1,(anonymous_6)
FNDA:1,(anonymous_7)
FNDA:1,(anonymous_8)
FNDA:1,(anonymous_9)
DA:1,5
DA:2,5
DA:3,5
DA:4,5
DA:5,5
DA:7,5
DA:9,5
DA:25,10
DA:26,10
DA:27,10
DA:28,10
DA:29,10
DA:31,10
DA:32,10
DA:34,10
DA:35,10
DA:36,6
DA:37,6
DA:41,10
DA:42,1
DA:43,1
DA:44,1
DA:47,10
DA:48,1
DA:49,1
DA:50,1
DA:53,10
DA:78,1
DA:92,1
DA:125,5
LF:30
LH:30
BRDA:17,0,0,9
BRDA:18,1,0,6
BRDA:25,2,0,10
BRDA:25,2,1,10
BRDA:25,2,2,0
BRDA:26,3,0,10
BRDA:26,3,1,10
BRDA:27,4,0,10
BRDA:27,4,1,10
BRDA:28,5,0,10
BRDA:28,5,1,10
BRDA:29,6,0,10
BRDA:29,6,1,10
BRDA:35,7,0,6
BRDA:35,7,1,4
BRDA:57,8,0,10
BRDA:57,8,1,0
BRDA:58,9,0,10
BRDA:58,9,1,4
BRDA:74,10,0,3
BRDA:74,10,1,7
BRDA:107,11,0,10
BRDA:107,11,1,6
BRDA:107,11,2,5
BRF:24
BRH:22
end_of_record
TN:
SF:src\components\mypage\MyProfileForm.tsx
FN:7,(anonymous_0)
FN:16,(anonymous_1)
FN:21,(anonymous_2)
FNF:3
FNH:3
FNDA:6,(anonymous_0)
FNDA:2,(anonymous_1)
FNDA:1,(anonymous_2)
DA:1,5
DA:3,5
DA:4,5
DA:5,5
DA:7,5
DA:8,6
DA:9,6
DA:11,6
DA:12,2
DA:15,4
DA:16,4
DA:18,4
DA:22,1
DA:23,1
DA:25,1
DA:43,5
LF:16
LH:16
BRDA:11,0,0,2
BRDA:11,0,1,4
BRDA:11,1,0,6
BRDA:11,1,1,5
BRDA:15,2,0,4
BRDA:15,2,1,1
BRF:6
BRH:6
end_of_record
TN:
SF:src\components\mypage\SignupForm.styles.ts
FNF:0
FNH:0
DA:1,5
DA:3,5
LF:2
LH:2
BRF:0
BRH:0
end_of_record
TN:
SF:src\components\mypage\SignupForm.tsx
FN:11,(anonymous_1)
FN:58,(anonymous_2)
FN:65,(anonymous_3)
FNF:3
FNH:1
FNDA:4,(anonymous_1)
FNDA:0,(anonymous_2)
FNDA:0,(anonymous_3)
DA:1,5
DA:2,5
DA:3,5
DA:4,5
DA:5,5
DA:6,5
DA:7,5
DA:8,5
DA:11,5
DA:29,4
DA:31,4
DA:33,4
DA:58,0
DA:65,0
DA:70,5
LF:15
LH:13
BRF:0
BRH:0
end_of_record
TN:
SF:src\components\mypage\SignupFormFields.tsx
FN:24,(anonymous_1)
FN:36,(anonymous_2)
FNF:2
FNH:0
FNDA:0,(anonymous_1)
FNDA:0,(anonymous_2)
DA:2,4
DA:3,4
DA:6,4
DA:24,4
DA:25,0
DA:37,0
DA:52,4
LF:7
LH:5
BRDA:27,0,0,0
BRDA:27,0,1,0
BRF:2
BRH:0
end_of_record
TN:
SF:src\components\mypage\SignupProfileSection.tsx
FN:15,(anonymous_0)
FNF:1
FNH:0
FNDA:0,(anonymous_0)
DA:2,4
DA:3,4
DA:4,4
DA:15,4
DA:22,0
DA:49,4
LF:6
LH:5
BRF:0
BRH:0
end_of_record
TN:
SF:src\constants\auth.constants.ts
FNF:0
FNH:0
DA:1,20
LF:1
LH:1
BRF:0
BRH:0
end_of_record
TN:
SF:src\constants\blog.constants.ts
FNF:0
FNH:0
DA:1,22
DA:37,22
LF:2
LH:2
BRF:0
BRH:0
end_of_record
TN:
SF:src\constants\image.constants.ts
FNF:0
FNH:0
DA:1,20
DA:6,20
LF:2
LH:2
BRF:0
BRH:0
end_of_record
TN:
SF:src\constants\index.ts
FNF:0
FNH:0
DA:1,20
DA:2,20
DA:3,20
DA:4,20
DA:5,20
DA:6,20
DA:7,20
DA:8,20
LF:8
LH:8
BRF:0
BRH:0
end_of_record
TN:
SF:src\constants\mypage.constants.ts
FNF:0
FNH:0
DA:1,20
DA:3,20
DA:36,20
DA:47,20
LF:4
LH:4
BRF:0
BRH:0
end_of_record
TN:
SF:src\constants\oauth.constants.ts
FNF:0
FNH:0
DA:1,20
DA:2,20
DA:4,20
DA:6,20
LF:4
LH:4
BRF:0
BRH:0
end_of_record
TN:
SF:src\constants\pageheader.constants.ts
FNF:0
FNH:0
DA:1,20
LF:1
LH:1
BRF:0
BRH:0
end_of_record
TN:
SF:src\constants\routes.constants.ts
FN:5,(anonymous_0)
FN:6,(anonymous_1)
FNF:2
FNH:1
FNDA:0,(anonymous_0)
FNDA:1,(anonymous_1)
DA:1,20
DA:5,0
DA:6,1
LF:3
LH:2
BRF:0
BRH:0
end_of_record
TN:
SF:src\constants\sidebar.constants.ts
FNF:0
FNH:0
DA:1,20
DA:24,20
LF:2
LH:2
BRF:0
BRH:0
end_of_record
TN:
SF:src\contexts\ToastContext.tsx
FN:13,(anonymous_0)
FN:38,(anonymous_1)
FN:44,(anonymous_2)
FN:48,(anonymous_3)
FN:49,(anonymous_4)
FN:52,(anonymous_5)
FN:57,(anonymous_6)
FNF:7
FNH:7
FNDA:10,(anonymous_0)
FNDA:22,(anonymous_1)
FNDA:5,(anonymous_2)
FNDA:2,(anonymous_3)
FNDA:2,(anonymous_4)
FNDA:2,(anonymous_5)
FNDA:13,(anonymous_6)
DA:1,4
DA:2,4
DA:3,4
DA:11,4
DA:13,4
DA:14,10
DA:15,9
DA:16,4
DA:18,5
DA:25,4
DA:38,4
DA:39,22
DA:40,22
DA:41,22
DA:42,22
DA:44,22
DA:45,5
DA:46,5
DA:47,5
DA:48,5
DA:49,5
DA:50,2
DA:52,5
DA:53,2
DA:57,22
DA:59,22
LF:26
LH:26
BRDA:15,0,0,4
BRDA:15,0,1,5
BRDA:44,1,0,4
BRDA:62,2,0,22
BRDA:62,2,1,7
BRF:5
BRH:5
end_of_record
TN:
SF:src\hooks\index.ts
FN:2,(anonymous_0)
FN:3,(anonymous_1)
FN:4,(anonymous_2)
FN:4,(anonymous_3)
FN:4,(anonymous_4)
FN:5,(anonymous_5)
FN:8,(anonymous_6)
FN:9,(anonymous_7)
FN:10,(anonymous_8)
FN:13,(anonymous_9)
FN:14,(anonymous_10)
FN:15,(anonymous_11)
FN:16,(anonymous_12)
FN:17,(anonymous_13)
FN:20,(anonymous_14)
FN:21,(anonymous_15)
FN:22,(anonymous_16)
FNF:17
FNH:1
FNDA:15,(anonymous_0)
FNDA:0,(anonymous_1)
FNDA:0,(anonymous_2)
FNDA:0,(anonymous_3)
FNDA:0,(anonymous_4)
FNDA:0,(anonymous_5)
FNDA:0,(anonymous_6)
FNDA:0,(anonymous_7)
FNDA:0,(anonymous_8)
FNDA:0,(anonymous_9)
FNDA:0,(anonymous_10)
FNDA:0,(anonymous_11)
FNDA:0,(anonymous_12)
FNDA:0,(anonymous_13)
FNDA:0,(anonymous_14)
FNDA:0,(anonymous_15)
FNDA:0,(anonymous_16)
DA:2,18
DA:3,3
DA:4,3
DA:5,3
DA:8,3
DA:9,3
DA:10,3
DA:13,3
DA:14,3
DA:15,3
DA:16,3
DA:17,3
DA:20,3
DA:21,3
DA:22,3
LF:15
LH:15
BRF:0
BRH:0
end_of_record
TN:
SF:src\hooks\common\useBodyScrollLock.ts
FN:3,(anonymous_0)
FN:4,(anonymous_1)
FN:18,(anonymous_2)
FN:25,(anonymous_3)
FN:29,(anonymous_4)
FN:33,(anonymous_5)
FNF:6
FNH:3
FNDA:22,(anonymous_0)
FNDA:22,(anonymous_1)
FNDA:0,(anonymous_2)
FNDA:0,(anonymous_3)
FNDA:18,(anonymous_4)
FNDA:0,(anonymous_5)
DA:1,4
DA:3,4
DA:4,22
DA:5,22
DA:6,4
DA:9,18
DA:10,18
DA:13,18
DA:15,18
DA:16,18
DA:18,18
DA:19,0
DA:22,18
DA:23,18
DA:25,18
DA:26,0
DA:29,18
DA:30,18
DA:31,18
DA:33,18
DA:34,0
LF:21
LH:18
BRDA:5,0,0,4
BRDA:5,0,1,18
BRF:2
BRH:2
end_of_record
TN:
SF:src\hooks\common\useFocusTrap.ts
FN:3,(anonymous_0)
FN:4,(anonymous_1)
FN:19,(anonymous_2)
FN:40,(anonymous_3)
FNF:4
FNH:4
FNDA:9,(anonymous_0)
FNDA:9,(anonymous_1)
FNDA:4,(anonymous_2)
FNDA:7,(anonymous_3)
DA:1,4
DA:3,4
DA:4,9
DA:5,9
DA:6,2
DA:9,7
DA:10,7
DA:13,7
DA:14,7
DA:17,7
DA:19,7
DA:20,4
DA:21,1
DA:24,3
DA:26,1
DA:27,1
DA:28,1
DA:32,2
DA:33,1
DA:34,1
DA:39,7
DA:40,7
LF:22
LH:22
BRDA:5,0,0,2
BRDA:5,0,1,7
BRDA:5,1,0,9
BRDA:5,1,1,8
BRDA:20,2,0,1
BRDA:20,2,1,3
BRDA:24,3,0,1
BRDA:24,3,1,2
BRDA:26,4,0,1
BRDA:26,4,1,0
BRDA:32,5,0,1
BRDA:32,5,1,1
BRF:12
BRH:11
end_of_record
TN:
SF:src\hooks\common\useImagePreview.ts
FN:3,(anonymous_0)
FN:6,(anonymous_1)
FN:8,(anonymous_2)
FN:14,(anonymous_3)
FNF:4
FNH:4
FNDA:13,(anonymous_0)
FNDA:3,(anonymous_1)
FNDA:3,(anonymous_2)
FNDA:1,(anonymous_3)
DA:1,4
DA:3,4
DA:4,13
DA:6,13
DA:7,3
DA:8,3
DA:9,3
DA:11,3
DA:14,13
DA:15,1
DA:18,13
LF:11
LH:11
BRF:0
BRH:0
end_of_record
TN:
SF:src\hooks\common\useInfiniteScroll.ts
FN:12,(anonymous_0)
FN:17,(anonymous_1)
FN:18,(anonymous_2)
FN:32,(anonymous_3)
FN:34,(anonymous_4)
FN:40,(anonymous_5)
FN:53,(anonymous_6)
FNF:7
FNH:5
FNDA:13,(anonymous_0)
FNDA:8,(anonymous_1)
FNDA:12,(anonymous_2)
FNDA:3,(anonymous_3)
FNDA:10,(anonymous_4)
FNDA:0,(anonymous_5)
FNDA:0,(anonymous_6)
DA:1,1
DA:2,1
DA:3,1
DA:12,1
DA:13,13
DA:15,13
DA:17,8
DA:19,12
DA:20,3
DA:23,9
DA:24,9
DA:26,9
DA:32,13
DA:34,13
DA:35,10
DA:36,10
DA:39,0
DA:41,0
DA:42,0
DA:51,0
DA:53,0
DA:54,0
DA:58,13
LF:23
LH:17
BRDA:12,0,0,12
BRDA:12,1,0,12
BRDA:17,2,0,0
BRDA:19,3,0,3
BRDA:19,3,1,9
BRDA:26,4,0,3
BRDA:26,4,1,6
BRDA:32,5,0,13
BRDA:32,5,1,10
BRDA:32,6,0,3
BRDA:32,6,1,1
BRDA:35,7,0,10
BRDA:35,7,1,0
BRDA:35,8,0,10
BRDA:35,8,1,0
BRDA:35,8,2,0
BRDA:41,9,0,0
BRDA:41,9,1,0
BRDA:41,10,0,0
BRDA:41,10,1,0
BRDA:41,10,2,0
BRF:21
BRH:12
end_of_record
TN:
SF:src\hooks\common\useMediaQuery.ts
FN:3,(anonymous_0)
FN:6,(anonymous_1)
FN:13,(anonymous_2)
FN:21,(anonymous_3)
FN:29,(anonymous_4)
FN:33,(anonymous_5)
FNF:6
FNH:6
FNDA:15,(anonymous_0)
FNDA:11,(anonymous_1)
FNDA:1,(anonymous_2)
FNDA:11,(anonymous_3)
FNDA:3,(anonymous_4)
FNDA:3,(anonymous_5)
DA:1,4
DA:3,4
DA:4,15
DA:6,15
DA:7,11
DA:10,11
DA:13,11
DA:14,1
DA:18,11
DA:21,11
DA:22,11
DA:26,15
DA:29,4
DA:30,3
DA:33,4
DA:34,3
LF:16
LH:16
BRDA:29,0,0,2
BRDA:33,1,0,2
BRF:2
BRH:2
end_of_record
TN:
SF:src\hooks\common\useS3ImageUpload.ts
FN:10,(anonymous_0)
FN:14,(anonymous_1)
FNF:2
FNH:2
FNDA:7,(anonymous_0)
FNDA:6,(anonymous_1)
DA:1,3
DA:2,3
DA:3,3
DA:10,3
DA:11,7
DA:12,7
DA:14,7
DA:15,6
DA:17,6
DA:18,1
DA:19,1
DA:23,5
DA:24,1
DA:25,1
DA:29,4
DA:30,2
DA:33,2
DA:34,1
DA:37,2
DA:39,2
DA:42,2
DA:43,1
DA:45,2
DA:49,7
LF:24
LH:24
BRDA:17,0,0,1
BRDA:17,0,1,5
BRDA:23,1,0,1
BRDA:23,1,1,4
BRDA:33,2,0,1
BRDA:33,2,1,1
BRDA:42,3,0,1
BRDA:42,3,1,1
BRF:8
BRH:8
end_of_record
TN:
SF:src\hooks\common\useSidebar.ts
FN:8,(anonymous_0)
FN:14,(anonymous_1)
FN:16,(anonymous_2)
FN:20,(anonymous_3)
FN:24,(anonymous_4)
FN:28,(anonymous_5)
FN:29,(anonymous_6)
FN:39,(anonymous_7)
FN:45,(anonymous_8)
FN:46,(anonymous_9)
FN:48,(anonymous_10)
FN:53,(anonymous_11)
FN:56,(anonymous_12)
FN:60,(anonymous_13)
FN:65,(anonymous_14)
FN:70,(anonymous_15)
FN:74,(anonymous_16)
FN:75,(anonymous_17)
FNF:18
FNH:18
FNDA:24,(anonymous_0)
FNDA:24,(anonymous_1)
FNDA:2,(anonymous_2)
FNDA:5,(anonymous_3)
FNDA:7,(anonymous_4)
FNDA:24,(anonymous_5)
FNDA:1,(anonymous_6)
FNDA:24,(anonymous_7)
FNDA:13,(anonymous_8)
FNDA:5,(anonymous_9)
FNDA:13,(anonymous_10)
FNDA:4,(anonymous_11)
FNDA:1,(anonymous_12)
FNDA:1,(anonymous_13)
FNDA:1,(anonymous_14)
FNDA:1,(anonymous_15)
FNDA:2,(anonymous_16)
FNDA:1,(anonymous_17)
DA:1,4
DA:2,4
DA:3,4
DA:4,4
DA:5,4
DA:6,4
DA:8,4
DA:9,24
DA:10,24
DA:11,24
DA:12,24
DA:13,24
DA:14,24
DA:16,24
DA:17,2
DA:20,24
DA:21,5
DA:24,24
DA:25,7
DA:28,24
DA:29,24
DA:30,1
DA:31,1
DA:35,24
DA:36,6
DA:39,24
DA:40,24
DA:45,24
DA:46,13
DA:47,13
DA:48,13
DA:49,13
DA:53,24
DA:56,24
DA:57,1
DA:60,24
DA:61,1
DA:62,1
DA:65,24
DA:66,1
DA:67,1
DA:70,24
DA:71,1
DA:74,24
DA:75,2
DA:76,1
DA:77,1
DA:78,1
DA:79,1
DA:80,1
DA:83,2
DA:91,24
LF:52
LH:52
BRDA:30,0,0,1
BRDA:30,0,1,0
BRDA:30,1,0,1
BRDA:30,1,1,1
BRDA:30,1,2,1
BRDA:35,2,0,6
BRDA:35,2,1,18
BRF:7
BRH:6
end_of_record
TN:
SF:src\hooks\form\useKakaoCallback.ts
FN:12,(anonymous_0)
FN:14,(anonymous_1)
FN:21,(anonymous_2)
FN:24,(anonymous_3)
FN:29,(anonymous_4)
FN:41,(anonymous_5)
FN:50,(anonymous_6)
FN:67,(anonymous_7)
FN:72,(anonymous_8)
FNF:9
FNH:4
FNDA:4,(anonymous_0)
FNDA:0,(anonymous_1)
FNDA:4,(anonymous_2)
FNDA:4,(anonymous_3)
FNDA:0,(anonymous_4)
FNDA:0,(anonymous_5)
FNDA:0,(anonymous_6)
FNDA:0,(anonymous_7)
FNDA:4,(anonymous_8)
DA:1,4
DA:2,4
DA:3,4
DA:4,4
DA:5,4
DA:6,4
DA:7,4
DA:12,4
DA:14,4
DA:15,0
DA:16,0
DA:17,0
DA:21,4
DA:22,4
DA:23,4
DA:24,4
DA:25,4
DA:28,4
DA:30,0
DA:31,0
DA:32,0
DA:33,0
DA:34,0
DA:40,4
DA:42,0
DA:43,0
DA:49,4
DA:51,0
DA:53,0
DA:54,0
DA:56,0
DA:57,0
DA:59,0
DA:65,4
DA:68,0
DA:72,4
DA:73,4
DA:74,0
DA:77,4
DA:78,4
DA:79,4
DA:80,4
DA:83,0
DA:84,0
DA:87,4
LF:45
LH:25
BRDA:16,0,0,0
BRDA:16,0,1,0
BRDA:30,1,0,0
BRDA:30,1,1,0
BRDA:31,2,0,0
BRDA:31,2,1,0
BRDA:51,3,0,0
BRDA:51,3,1,0
BRDA:51,3,2,0
BRDA:73,4,0,0
BRDA:73,4,1,4
BRDA:78,5,0,4
BRDA:78,5,1,0
BRF:13
BRH:2
end_of_record
TN:
SF:src\hooks\form\useLoginForm.ts
FN:7,(anonymous_0)
FN:15,(anonymous_1)
FN:21,(anonymous_2)
FN:27,(anonymous_3)
FN:38,(anonymous_4)
FN:44,(anonymous_5)
FN:48,(anonymous_6)
FNF:7
FNH:7
FNDA:20,(anonymous_0)
FNDA:6,(anonymous_1)
FNDA:1,(anonymous_2)
FNDA:3,(anonymous_3)
FNDA:2,(anonymous_4)
FNDA:1,(anonymous_5)
FNDA:2,(anonymous_6)
DA:1,4
DA:2,4
DA:3,4
DA:4,4
DA:5,4
DA:7,4
DA:8,20
DA:9,20
DA:10,20
DA:11,20
DA:13,20
DA:15,20
DA:16,6
DA:18,6
DA:22,1
DA:23,1
DA:24,1
DA:25,1
DA:28,3
DA:29,2
DA:31,1
DA:38,20
DA:39,2
DA:40,1
DA:44,20
DA:45,1
DA:48,20
DA:49,2
DA:50,2
DA:53,20
LF:30
LH:30
BRDA:22,0,0,1
BRDA:22,0,1,0
BRDA:23,1,0,1
BRDA:23,1,1,0
BRDA:28,2,0,2
BRDA:28,2,1,1
BRDA:29,3,0,2
BRDA:29,3,1,1
BRDA:39,4,0,1
BRDA:39,4,1,1
BRF:10
BRH:8
end_of_record
TN:
SF:src\hooks\form\useSignup.ts
FN:30,(anonymous_0)
FN:47,(anonymous_1)
FN:61,(anonymous_2)
FN:78,(anonymous_3)
FN:82,(anonymous_4)
FN:99,(anonymous_5)
FN:108,(anonymous_6)
FN:126,(anonymous_7)
FN:130,(anonymous_8)
FN:138,(anonymous_9)
FN:140,(anonymous_10)
FNF:11
FNH:9
FNDA:36,(anonymous_0)
FNDA:36,(anonymous_1)
FNDA:1,(anonymous_2)
FNDA:1,(anonymous_3)
FNDA:5,(anonymous_4)
FNDA:0,(anonymous_5)
FNDA:0,(anonymous_6)
FNDA:1,(anonymous_7)
FNDA:1,(anonymous_8)
FNDA:1,(anonymous_9)
FNDA:1,(anonymous_10)
DA:1,4
DA:2,4
DA:3,4
DA:4,4
DA:5,4
DA:6,4
DA:7,4
DA:8,4
DA:9,4
DA:10,4
DA:11,4
DA:12,4
DA:13,4
DA:30,4
DA:31,36
DA:32,36
DA:34,36
DA:35,36
DA:36,36
DA:37,36
DA:38,36
DA:39,36
DA:41,36
DA:43,36
DA:44,36
DA:45,36
DA:46,36
DA:47,36
DA:48,36
DA:49,36
DA:51,36
DA:57,36
DA:58,36
DA:61,36
DA:62,1
DA:63,1
DA:64,1
DA:68,0
DA:71,0
DA:72,0
DA:73,0
DA:74,0
DA:78,36
DA:79,1
DA:82,36
DA:83,5
DA:84,2
DA:85,1
DA:88,1
DA:100,0
DA:101,0
DA:102,0
DA:103,0
DA:104,0
DA:105,0
DA:106,0
DA:109,0
DA:115,3
DA:127,1
DA:128,1
DA:131,1
DA:138,36
DA:139,1
DA:140,1
DA:141,1
DA:145,36
LF:66
LH:53
BRDA:38,0,0,4
BRDA:38,0,1,32
BRDA:57,1,0,36
BRDA:57,1,1,0
BRDA:57,2,0,36
BRDA:57,2,1,36
BRDA:63,3,0,1
BRDA:63,3,1,0
BRDA:72,4,0,0
BRDA:72,4,1,0
BRDA:83,5,0,2
BRDA:83,5,1,3
BRDA:84,6,0,1
BRDA:84,6,1,1
BRDA:92,7,0,1
BRDA:92,7,1,1
BRDA:95,8,0,1
BRDA:95,8,1,1
BRDA:102,9,0,0
BRDA:102,9,1,0
BRDA:103,10,0,0
BRDA:103,10,1,0
BRDA:120,11,0,3
BRDA:120,11,1,3
BRDA:123,12,0,3
BRDA:123,12,1,2
BRF:26
BRH:18
end_of_record
TN:
SF:src\hooks\header\useDetailTypeHeader.ts
FN:9,(anonymous_0)
FN:17,(anonymous_1)
FN:25,(anonymous_2)
FN:34,(anonymous_3)
FN:39,(anonymous_4)
FN:56,(anonymous_5)
FNF:6
FNH:6
FNDA:14,(anonymous_0)
FNDA:2,(anonymous_1)
FNDA:2,(anonymous_2)
FNDA:2,(anonymous_3)
FNDA:3,(anonymous_4)
FNDA:1,(anonymous_5)
DA:1,4
DA:2,4
DA:3,4
DA:4,4
DA:5,4
DA:9,4
DA:10,14
DA:11,14
DA:12,14
DA:13,14
DA:14,14
DA:17,14
DA:18,2
DA:19,2
DA:20,1
DA:25,14
DA:26,2
DA:27,1
DA:28,1
DA:30,1
DA:34,14
DA:35,2
DA:39,14
DA:40,3
DA:41,1
DA:42,1
DA:45,2
DA:46,2
DA:47,1
DA:48,1
DA:49,1
DA:51,1
DA:56,14
DA:57,1
DA:60,14
LF:35
LH:35
BRDA:19,0,0,1
BRDA:19,0,1,1
BRDA:26,1,0,1
BRDA:26,1,1,1
BRDA:40,2,0,1
BRDA:40,2,1,2
BRF:6
BRH:6
end_of_record
TN:
SF:src\hooks\header\usePageHeaderType.ts
FN:5,(anonymous_0)
FNF:1
FNH:1
FNDA:8,(anonymous_0)
DA:1,4
DA:2,4
DA:5,4
DA:6,8
DA:8,8
DA:9,1
DA:12,7
DA:13,1
DA:16,6
DA:17,1
DA:20,5
DA:21,1
DA:24,4
DA:25,2
DA:28,2
LF:15
LH:15
BRDA:8,0,0,1
BRDA:8,0,1,7
BRDA:12,1,0,1
BRDA:12,1,1,6
BRDA:16,2,0,1
BRDA:16,2,1,5
BRDA:20,3,0,1
BRDA:20,3,1,4
BRDA:24,4,0,2
BRDA:24,4,1,2
BRF:10
BRH:10
end_of_record
TN:
SF:src\hooks\header\useWriteTypeHeader.ts
FN:10,(anonymous_0)
FN:19,(anonymous_1)
FN:23,(anonymous_2)
FN:33,(anonymous_3)
FNF:4
FNH:4
FNDA:8,(anonymous_0)
FNDA:2,(anonymous_1)
FNDA:1,(anonymous_2)
FNDA:2,(anonymous_3)
DA:1,4
DA:2,4
DA:3,4
DA:4,4
DA:5,4
DA:6,4
DA:7,4
DA:10,4
DA:11,8
DA:12,8
DA:13,8
DA:14,8
DA:15,8
DA:16,8
DA:19,8
DA:20,2
DA:24,1
DA:25,1
DA:26,1
DA:33,8
DA:34,2
DA:35,2
DA:37,2
DA:38,0
DA:39,0
DA:42,2
DA:43,0
DA:44,0
DA:47,2
DA:48,0
DA:49,0
DA:52,2
DA:54,2
DA:55,2
DA:56,0
DA:60,0
DA:62,2
DA:63,1
DA:66,1
DA:67,1
DA:69,1
DA:73,8
LF:42
LH:34
BRDA:37,0,0,0
BRDA:37,0,1,2
BRDA:37,1,0,2
BRDA:37,1,1,0
BRDA:42,2,0,0
BRDA:42,2,1,2
BRDA:47,3,0,0
BRDA:47,3,1,2
BRDA:55,4,0,0
BRDA:55,4,1,2
BRDA:67,5,0,0
BRDA:67,5,1,1
BRF:12
BRH:6
end_of_record
TN:
SF:src\hooks\page\useBlogComment.ts
FN:8,(anonymous_0)
FN:16,(anonymous_1)
FN:31,(anonymous_2)
FN:32,(anonymous_3)
FN:36,(anonymous_4)
FNF:5
FNH:5
FNDA:7,(anonymous_0)
FNDA:3,(anonymous_1)
FNDA:3,(anonymous_2)
FNDA:2,(anonymous_3)
FNDA:2,(anonymous_4)
DA:1,4
DA:2,4
DA:4,4
DA:5,4
DA:8,4
DA:9,7
DA:10,7
DA:11,7
DA:12,7
DA:13,7
DA:16,7
DA:17,3
DA:18,1
DA:19,1
DA:22,2
DA:23,2
DA:24,1
DA:26,1
DA:31,7
DA:32,3
DA:36,7
DA:37,2
DA:38,2
DA:39,1
DA:40,1
DA:42,1
DA:43,1
DA:47,7
LF:28
LH:28
BRDA:12,0,0,7
BRDA:12,0,1,1
BRDA:13,1,0,7
BRDA:13,1,1,1
BRDA:17,2,0,1
BRDA:17,2,1,2
BRF:6
BRH:6
end_of_record
TN:
SF:src\hooks\page\useBlogWrite.ts
FN:12,(anonymous_0)
FN:15,(anonymous_1)
FN:38,(anonymous_2)
FN:58,(anonymous_3)
FN:59,(anonymous_4)
FN:68,(anonymous_5)
FN:72,(anonymous_6)
FN:73,(anonymous_7)
FN:80,(anonymous_8)
FN:94,(anonymous_9)
FN:107,(anonymous_10)
FNF:11
FNH:11
FNDA:10,(anonymous_0)
FNDA:10,(anonymous_1)
FNDA:10,(anonymous_2)
FNDA:10,(anonymous_3)
FNDA:10,(anonymous_4)
FNDA:10,(anonymous_5)
FNDA:10,(anonymous_6)
FNDA:10,(anonymous_7)
FNDA:10,(anonymous_8)
FNDA:10,(anonymous_9)
FNDA:2,(anonymous_10)
DA:1,4
DA:3,4
DA:4,4
DA:5,4
DA:6,4
DA:7,4
DA:8,4
DA:9,4
DA:10,4
DA:12,4
DA:13,10
DA:14,10
DA:15,10
DA:29,10
DA:32,10
DA:35,10
DA:38,10
DA:39,10
DA:40,0
DA:41,0
DA:43,0
DA:44,0
DA:45,0
DA:47,0
DA:48,0
DA:50,0
DA:52,10
DA:53,10
DA:58,10
DA:59,10
DA:60,10
DA:61,0
DA:65,10
DA:67,10
DA:68,10
DA:72,10
DA:73,10
DA:74,10
DA:79,10
DA:80,10
DA:93,10
DA:94,10
DA:103,10
DA:106,10
DA:113,2
DA:122,10
DA:129,10
LF:47
LH:38
BRDA:32,0,0,10
BRDA:32,0,1,10
BRDA:39,1,0,0
BRDA:39,1,1,10
BRDA:39,2,0,10
BRDA:39,2,1,0
BRDA:47,3,0,0
BRDA:47,3,1,0
BRDA:52,4,0,10
BRDA:52,4,1,0
BRDA:60,5,0,0
BRDA:60,5,1,10
BRDA:60,6,0,10
BRDA:60,6,1,0
BRDA:114,7,0,1
BRDA:114,7,1,1
BRDA:115,8,0,1
BRDA:115,8,1,1
BRF:18
BRH:11
end_of_record
TN:
SF:src\hooks\page\useEditProfile.ts
FN:17,(anonymous_9)
FN:32,(anonymous_10)
FN:39,(anonymous_11)
FN:48,(anonymous_12)
FN:63,(anonymous_13)
FN:70,(anonymous_14)
FN:90,(anonymous_15)
FN:111,(anonymous_16)
FN:124,(anonymous_17)
FN:129,(anonymous_18)
FN:141,(anonymous_19)
FN:142,(anonymous_20)
FNF:12
FNH:9
FNDA:12,(anonymous_9)
FNDA:12,(anonymous_10)
FNDA:12,(anonymous_11)
FNDA:1,(anonymous_12)
FNDA:0,(anonymous_13)
FNDA:0,(anonymous_14)
FNDA:0,(anonymous_15)
FNDA:1,(anonymous_16)
FNDA:1,(anonymous_17)
FNDA:3,(anonymous_18)
FNDA:1,(anonymous_19)
FNDA:1,(anonymous_20)
DA:1,4
DA:2,4
DA:3,4
DA:4,4
DA:5,4
DA:6,4
DA:7,4
DA:8,4
DA:9,4
DA:10,4
DA:17,4
DA:18,12
DA:19,12
DA:20,12
DA:21,12
DA:22,12
DA:23,12
DA:24,12
DA:25,12
DA:26,12
DA:27,12
DA:28,12
DA:29,12
DA:32,12
DA:33,12
DA:34,0
DA:39,12
DA:40,12
DA:41,12
DA:42,12
DA:46,12
DA:48,12
DA:49,1
DA:50,0
DA:51,0
DA:54,1
DA:55,1
DA:57,1
DA:58,1
DA:59,1
DA:63,0
DA:64,0
DA:65,0
DA:66,0
DA:67,0
DA:70,0
DA:71,0
DA:74,0
DA:76,0
DA:77,0
DA:78,0
DA:79,0
DA:84,0
DA:85,0
DA:88,0
DA:89,0
DA:90,0
DA:93,0
DA:94,0
DA:95,0
DA:100,0
DA:101,0
DA:102,0
DA:104,0
DA:107,0
DA:111,12
DA:112,1
DA:113,1
DA:114,1
DA:118,0
DA:121,0
DA:124,12
DA:125,1
DA:129,12
DA:130,3
DA:131,3
DA:134,12
DA:141,1
DA:142,1
LF:79
LH:49
BRDA:17,0,0,12
BRDA:17,1,0,12
BRDA:28,2,0,12
BRDA:28,2,1,0
BRDA:29,3,0,12
BRDA:29,3,1,0
BRDA:33,4,0,0
BRDA:33,4,1,12
BRDA:33,5,0,12
BRDA:33,5,1,0
BRDA:40,6,0,12
BRDA:40,6,1,0
BRDA:42,7,0,12
BRDA:42,7,1,0
BRDA:49,8,0,0
BRDA:49,8,1,1
BRDA:57,9,0,1
BRDA:57,9,1,0
BRDA:57,10,0,1
BRDA:57,10,1,1
BRDA:76,11,0,0
BRDA:76,11,1,0
BRDA:78,12,0,0
BRDA:78,12,1,0
BRDA:84,13,0,0
BRDA:84,13,1,0
BRDA:88,14,0,0
BRDA:88,14,1,0
BRDA:88,15,0,0
BRDA:88,15,1,0
BRDA:88,15,2,0
BRDA:93,16,0,0
BRDA:93,16,1,0
BRDA:102,17,0,0
BRDA:102,17,1,0
BRDA:113,18,0,1
BRDA:113,18,1,0
BRDA:131,19,0,2
BRDA:131,19,1,1
BRF:39
BRH:15
end_of_record
TN:
SF:src\hooks\page\useImageUpload.ts
FN:13,(anonymous_0)
FN:18,(anonymous_1)
FN:39,(anonymous_2)
FN:48,(anonymous_3)
FN:69,(anonymous_4)
FN:72,(anonymous_5)
FN:83,(anonymous_6)
FN:85,(anonymous_7)
FNF:8
FNH:8
FNDA:7,(anonymous_0)
FNDA:3,(anonymous_1)
FNDA:1,(anonymous_2)
FNDA:5,(anonymous_3)
FNDA:2,(anonymous_4)
FNDA:2,(anonymous_5)
FNDA:1,(anonymous_6)
FNDA:1,(anonymous_7)
DA:1,4
DA:4,4
DA:13,4
DA:14,7
DA:17,7
DA:19,3
DA:21,3
DA:22,3
DA:24,3
DA:25,3
DA:26,3
DA:29,0
DA:30,0
DA:38,7
DA:40,1
DA:41,1
DA:47,7
DA:50,5
DA:51,5
DA:52,1
DA:56,4
DA:57,3
DA:58,1
DA:59,1
DA:62,4
DA:68,7
DA:70,2
DA:71,2
DA:72,2
DA:74,2
DA:75,1
DA:82,7
DA:84,1
DA:85,1
DA:87,1
DA:88,1
DA:89,1
DA:90,1
DA:91,1
DA:92,1
DA:100,7
LF:41
LH:39
BRDA:21,0,0,3
BRDA:21,0,1,0
BRDA:24,1,0,3
BRDA:24,1,1,0
BRDA:51,2,0,1
BRDA:51,2,1,4
BRDA:56,3,0,3
BRDA:56,3,1,1
BRDA:58,4,0,1
BRDA:58,4,1,0
BRDA:87,5,0,1
BRDA:87,5,1,0
BRDA:91,6,0,1
BRDA:91,6,1,0
BRF:14
BRH:9
end_of_record
TN:
SF:src\hooks\page\useMyPage.ts
FN:6,(anonymous_0)
FN:10,(anonymous_1)
FN:26,(anonymous_2)
FNF:3
FNH:3
FNDA:9,(anonymous_0)
FNDA:9,(anonymous_1)
FNDA:1,(anonymous_2)
DA:1,4
DA:2,4
DA:3,4
DA:4,4
DA:6,4
DA:7,9
DA:8,9
DA:9,9
DA:10,9
DA:13,9
DA:14,9
DA:15,9
DA:19,9
DA:23,9
DA:26,9
DA:27,1
DA:30,9
LF:17
LH:17
BRDA:15,0,0,9
BRDA:15,0,1,6
BRDA:19,1,0,9
BRDA:19,1,1,4
BRDA:23,2,0,4
BRDA:23,2,1,5
BRF:6
BRH:6
end_of_record
TN:
SF:src\layout\Layout.tsx
FN:7,Layout
FN:9,(anonymous_2)
FNF:2
FNH:2
FNDA:4,Layout
FNDA:4,(anonymous_2)
DA:1,1
DA:2,1
DA:3,1
DA:4,1
DA:5,1
DA:7,1
DA:8,4
DA:9,4
DA:11,4
DA:12,4
DA:14,4
LF:11
LH:11
BRDA:17,0,0,0
BRDA:17,0,1,4
BRF:2
BRH:1
end_of_record
TN:
SF:src\layout\Sidebar.styles.ts
FNF:0
FNH:0
DA:1,1
LF:1
LH:1
BRF:0
BRH:0
end_of_record
TN:
SF:src\layout\Sidebar.tsx
FN:16,(anonymous_0)
FNF:1
FNH:1
FNDA:11,(anonymous_0)
DA:1,1
DA:2,1
DA:3,1
DA:4,1
DA:5,1
DA:6,1
DA:7,1
DA:8,1
DA:9,1
DA:16,1
DA:17,11
DA:18,11
DA:19,11
DA:21,11
DA:100,1
LF:15
LH:15
BRDA:16,0,0,10
BRDA:16,1,0,1
BRDA:27,2,0,7
BRDA:27,2,1,4
BRDA:27,3,0,11
BRDA:27,3,1,7
BRDA:37,4,0,7
BRDA:37,4,1,4
BRDA:39,5,0,7
BRDA:39,5,1,0
BRDA:40,6,0,7
BRDA:40,6,1,0
BRDA:50,7,0,7
BRDA:50,7,1,4
BRDA:67,8,0,11
BRDA:67,8,1,7
BRDA:82,9,0,11
BRDA:82,9,1,0
BRDA:84,10,0,11
BRDA:84,10,1,0
BRDA:90,11,0,0
BRDA:90,11,1,0
BRF:22
BRH:16
end_of_record
TN:
SF:src\pages\auth\LoginPage.tsx
FN:9,(anonymous_0)
FNF:1
FNH:0
FNDA:0,(anonymous_0)
DA:1,4
DA:2,4
DA:9,4
DA:10,0
DA:18,4
LF:5
LH:4
BRF:0
BRH:0
end_of_record
TN:
SF:src\pages\blog\BlogDetailPage.tsx
FN:13,(anonymous_0)
FNF:1
FNH:1
FNDA:5,(anonymous_0)
DA:1,1
DA:2,1
DA:10,1
DA:11,1
DA:13,1
DA:14,5
DA:15,5
DA:16,5
DA:18,5
DA:19,2
DA:22,3
DA:23,1
DA:26,2
DA:28,2
DA:50,1
LF:15
LH:15
BRDA:18,0,0,2
BRDA:18,0,1,3
BRDA:18,1,0,5
BRDA:18,1,1,4
BRDA:22,2,0,1
BRDA:22,2,1,2
BRDA:41,3,0,2
BRDA:41,3,1,1
BRF:8
BRH:8
end_of_record
TN:
SF:src\pages\blog\BlogWritePage.tsx
FN:21,(anonymous_1)
FN:63,(anonymous_2)
FN:84,(anonymous_3)
FN:100,(anonymous_4)
FN:105,(anonymous_5)
FNF:5
FNH:1
FNDA:5,(anonymous_1)
FNDA:0,(anonymous_2)
FNDA:0,(anonymous_3)
FNDA:0,(anonymous_4)
FNDA:0,(anonymous_5)
DA:1,1
DA:2,1
DA:3,1
DA:4,1
DA:5,1
DA:6,1
DA:7,1
DA:8,1
DA:9,1
DA:10,1
DA:12,1
DA:21,1
DA:38,5
DA:40,5
DA:41,5
DA:43,5
DA:63,0
DA:84,0
DA:100,0
DA:105,0
DA:119,1
LF:21
LH:17
BRDA:56,0,0,5
BRDA:56,0,1,4
BRDA:59,1,0,1
BRDA:59,1,1,4
BRDA:80,2,0,3
BRDA:80,2,1,1
BRDA:105,3,0,0
BRDA:105,3,1,0
BRF:8
BRH:6
end_of_record
TN:
SF:src\pages\main\MainPage.tsx
FN:7,(anonymous_0)
FN:15,(anonymous_1)
FN:16,(anonymous_2)
FN:45,(anonymous_3)
FNF:4
FNH:4
FNDA:6,(anonymous_0)
FNDA:6,(anonymous_1)
FNDA:4,(anonymous_2)
FNDA:4,(anonymous_3)
DA:1,1
DA:2,1
DA:3,1
DA:4,1
DA:5,1
DA:7,1
DA:8,6
DA:9,6
DA:15,6
DA:16,6
DA:17,4
DA:18,4
DA:20,4
DA:33,6
DA:34,2
DA:37,4
DA:38,1
DA:41,3
DA:46,4
DA:69,1
LF:20
LH:20
BRDA:33,0,0,2
BRDA:33,0,1,4
BRDA:33,1,0,6
BRDA:33,1,1,5
BRDA:37,2,0,1
BRDA:37,2,1,3
BRDA:60,3,0,3
BRDA:60,3,1,2
BRDA:62,4,0,2
BRDA:62,4,1,1
BRF:10
BRH:10
end_of_record
TN:
SF:src\pages\mypage\MyPage.tsx
FN:19,(anonymous_9)
FNF:1
FNH:1
FNDA:4,(anonymous_9)
DA:1,1
DA:2,1
DA:3,1
DA:4,1
DA:5,1
DA:11,1
DA:19,1
DA:21,4
DA:23,4
DA:35,4
DA:37,4
DA:68,1
LF:12
LH:12
BRDA:40,0,0,3
BRDA:40,0,1,1
BRDA:41,1,0,3
BRDA:41,1,1,1
BRDA:43,2,0,3
BRDA:43,2,1,0
BRF:6
BRH:5
end_of_record
TN:
SF:src\routes\PrivateRoute.tsx
FN:9,(anonymous_1)
FNF:1
FNH:1
FNDA:3,(anonymous_1)
DA:1,1
DA:2,1
DA:3,1
DA:9,1
DA:10,3
DA:12,3
DA:13,1
DA:16,2
DA:17,1
DA:20,1
LF:10
LH:10
BRDA:12,0,0,1
BRDA:12,0,1,2
BRDA:16,1,0,1
BRDA:16,1,1,1
BRF:4
BRH:4
end_of_record
TN:
SF:src\routes\PublicRoute.tsx
FN:9,(anonymous_1)
FNF:1
FNH:1
FNDA:3,(anonymous_1)
DA:1,1
DA:2,1
DA:3,1
DA:9,1
DA:10,3
DA:12,3
DA:13,1
DA:16,2
DA:17,1
DA:20,1
LF:10
LH:10
BRDA:12,0,0,1
BRDA:12,0,1,2
BRDA:16,1,0,1
BRDA:16,1,1,1
BRF:4
BRH:4
end_of_record
TN:
SF:src\routes\Route.tsx
FN:9,(anonymous_0)
FN:10,(anonymous_1)
FN:11,(anonymous_2)
FN:12,(anonymous_3)
FNF:4
FNH:0
FNDA:0,(anonymous_0)
FNDA:0,(anonymous_1)
FNDA:0,(anonymous_2)
FNDA:0,(anonymous_3)
DA:9,0
DA:10,0
DA:11,0
DA:12,0
DA:14,0
LF:5
LH:0
BRF:0
BRH:0
end_of_record
TN:
SF:src\stores\useAuthStore.ts
FN:16,(anonymous_0)
FN:20,(anonymous_1)
FN:21,(anonymous_2)
FN:23,(anonymous_3)
FN:34,(anonymous_4)
FNF:5
FNH:5
FNDA:5,(anonymous_0)
FNDA:4,(anonymous_1)
FNDA:4,(anonymous_2)
FNDA:4,(anonymous_3)
FNDA:5,(anonymous_4)
DA:1,5
DA:2,5
DA:3,5
DA:14,5
DA:16,5
DA:20,4
DA:21,4
DA:24,4
DA:25,4
DA:26,4
DA:27,4
DA:29,4
DA:34,5
LF:13
LH:13
BRF:0
BRH:0
end_of_record
TN:
SF:src\stores\useBlogWriteStore.ts
FN:32,(anonymous_0)
FN:35,(anonymous_1)
FN:36,(anonymous_2)
FN:37,(anonymous_3)
FN:38,(anonymous_4)
FN:39,(anonymous_5)
FN:41,(anonymous_6)
FN:43,(anonymous_7)
FNF:8
FNH:8
FNDA:4,(anonymous_0)
FNDA:6,(anonymous_1)
FNDA:10,(anonymous_2)
FNDA:7,(anonymous_3)
FNDA:6,(anonymous_4)
FNDA:5,(anonymous_5)
FNDA:20,(anonymous_6)
FNDA:7,(anonymous_7)
DA:1,4
DA:24,4
DA:32,4
DA:35,6
DA:36,10
DA:37,7
DA:38,6
DA:39,5
DA:41,20
DA:44,7
DA:45,7
LF:11
LH:11
BRDA:45,0,0,4
BRDA:45,0,1,3
BRF:2
BRH:2
end_of_record
TN:
SF:src\stores\useEditModeStore.ts
FN:9,(anonymous_0)
FN:11,(anonymous_1)
FN:12,(anonymous_2)
FN:12,(anonymous_3)
FNF:4
FNH:4
FNDA:5,(anonymous_0)
FNDA:4,(anonymous_1)
FNDA:5,(anonymous_2)
FNDA:5,(anonymous_3)
DA:1,5
DA:9,5
DA:11,4
DA:12,5
LF:4
LH:4
BRF:0
BRH:0
end_of_record
TN:
SF:src\stores\useModalStore.ts
FN:14,(anonymous_0)
FN:19,(anonymous_1)
FN:21,(anonymous_2)
FNF:3
FNH:3
FNDA:4,(anonymous_0)
FNDA:16,(anonymous_1)
FNDA:20,(anonymous_2)
DA:1,4
DA:14,4
DA:20,16
DA:22,20
LF:4
LH:4
BRF:0
BRH:0
end_of_record
TN:
SF:src\styles\editor.styles.ts
FN:7,(anonymous_0)
FNF:1
FNH:0
FNDA:0,(anonymous_0)
DA:1,3
DA:7,3
LF:2
LH:2
BRF:0
BRH:0
end_of_record
TN:
SF:src\utils\blogContentConverter.ts
FN:5,(anonymous_0)
FN:12,(anonymous_1)
FN:13,(anonymous_2)
FN:14,(anonymous_3)
FN:23,(anonymous_4)
FN:24,(anonymous_5)
FN:41,(anonymous_6)
FN:42,(anonymous_7)
FNF:8
FNH:8
FNDA:23,(anonymous_0)
FNDA:33,(anonymous_1)
FNDA:10,(anonymous_2)
FNDA:28,(anonymous_3)
FNDA:5,(anonymous_4)
FNDA:15,(anonymous_5)
FNDA:11,(anonymous_6)
FNDA:18,(anonymous_7)
DA:2,5
DA:5,5
DA:6,23
DA:7,3
DA:11,20
DA:12,33
DA:13,10
DA:14,28
DA:17,20
DA:20,20
DA:21,10
DA:22,10
DA:23,5
DA:25,15
DA:26,13
DA:27,2
DA:28,2
DA:32,10
DA:39,10
DA:40,10
DA:41,11
DA:43,18
DA:44,15
DA:46,15
DA:47,15
DA:48,4
DA:50,3
DA:51,3
DA:55,10
LF:29
LH:29
BRDA:6,0,0,3
BRDA:6,0,1,20
BRDA:6,1,0,23
BRDA:6,1,1,21
BRDA:20,2,0,10
BRDA:20,2,1,10
BRDA:25,3,0,13
BRDA:25,3,1,2
BRDA:27,4,0,2
BRDA:27,4,1,0
BRDA:43,5,0,15
BRDA:43,5,1,3
BRDA:47,6,0,4
BRDA:47,6,1,11
BRDA:47,7,0,15
BRDA:47,7,1,6
BRDA:50,8,0,3
BRDA:50,8,1,0
BRF:18
BRH:16
end_of_record
TN:
SF:src\utils\blogContentExtractor.ts
FN:4,(anonymous_0)
FN:11,(anonymous_1)
FN:33,(anonymous_2)
FN:35,(anonymous_3)
FN:36,(anonymous_4)
FN:37,(anonymous_5)
FN:44,(anonymous_6)
FN:45,(anonymous_7)
FN:50,(anonymous_8)
FNF:9
FNH:9
FNDA:24,(anonymous_0)
FNDA:24,(anonymous_1)
FNDA:24,(anonymous_2)
FNDA:26,(anonymous_3)
FNDA:2,(anonymous_4)
FNDA:24,(anonymous_5)
FNDA:5,(anonymous_6)
FNDA:5,(anonymous_7)
FNDA:12,(anonymous_8)
DA:4,5
DA:5,24
DA:6,24
DA:7,24
DA:11,5
DA:12,24
DA:13,0
DA:16,24
DA:33,5
DA:34,24
DA:35,26
DA:36,2
DA:37,24
DA:40,24
DA:44,5
DA:45,5
DA:46,5
DA:50,5
DA:51,12
DA:52,6
DA:54,6
LF:21
LH:20
BRDA:7,0,0,24
BRDA:7,0,1,0
BRDA:7,0,2,0
BRDA:12,1,0,0
BRDA:12,1,1,24
BRDA:35,2,0,26
BRDA:35,2,1,3
BRDA:50,3,0,1
BRDA:51,4,0,6
BRDA:51,4,1,6
BRF:10
BRH:7
end_of_record
TN:
SF:src\utils\cn.ts
FN:4,cn
FNF:1
FNH:1
FNDA:147,cn
DA:1,10
DA:2,10
DA:4,10
DA:5,147
LF:4
LH:4
BRF:0
BRH:0
end_of_record
TN:
SF:src\utils\date.ts
FN:1,(anonymous_0)
FNF:1
FNH:1
FNDA:11,(anonymous_0)
DA:1,5
DA:2,11
DA:3,11
DA:4,11
DA:5,11
DA:7,11
LF:6
LH:6
BRF:0
BRH:0
end_of_record
TN:
SF:src\utils\markdownDetector.ts
FN:1,(anonymous_0)
FN:20,(anonymous_1)
FNF:2
FNH:2
FNDA:66,(anonymous_0)
FNDA:406,(anonymous_1)
DA:1,7
DA:2,66
DA:3,5
DA:6,61
DA:20,406
LF:5
LH:5
BRDA:2,0,0,5
BRDA:2,0,1,61
BRF:2
BRH:2
end_of_record
TN:
SF:src\utils\profileHelpers.ts
FN:17,(anonymous_0)
FN:21,(anonymous_1)
FN:26,(anonymous_2)
FN:31,(anonymous_3)
FN:36,(anonymous_4)
FN:36,(anonymous_5)
FN:39,(anonymous_6)
FN:56,(anonymous_7)
FNF:8
FNH:8
FNDA:10,(anonymous_0)
FNDA:10,(anonymous_1)
FNDA:10,(anonymous_2)
FNDA:10,(anonymous_3)
FNDA:30,(anonymous_4)
FNDA:12,(anonymous_5)
FNDA:7,(anonymous_6)
FNDA:7,(anonymous_7)
DA:17,5
DA:18,10
DA:21,10
DA:26,10
DA:31,10
DA:36,30
DA:39,5
DA:42,7
DA:43,1
DA:46,6
DA:47,4
DA:48,4
DA:49,2
DA:53,4
DA:56,5
DA:57,7
LF:16
LH:16
BRDA:21,0,0,10
BRDA:21,0,1,6
BRDA:26,1,0,10
BRDA:26,1,1,7
BRDA:31,2,0,10
BRDA:31,2,1,4
BRDA:42,3,0,1
BRDA:42,3,1,6
BRDA:46,4,0,4
BRDA:46,4,1,2
BRDA:48,5,0,2
BRDA:48,5,1,2
BRDA:58,6,0,7
BRDA:58,6,1,6
BRDA:59,7,0,7
BRDA:59,7,1,1
BRDA:61,8,0,7
BRDA:61,8,1,5
BRDA:62,9,0,7
BRDA:62,9,1,6
BRDA:63,10,0,7
BRDA:63,10,1,5
BRF:22
BRH:22
end_of_record
TN:
SF:src\utils\schemas.ts
FN:15,(anonymous_0)
FNF:1
FNH:1
FNDA:14,(anonymous_0)
DA:1,6
DA:2,6
DA:5,6
DA:15,14
DA:21,6
LF:5
LH:5
BRF:0
BRH:0
end_of_record
TN:
SF:src\utils\textFormatter.ts
FN:1,(anonymous_0)
FNF:1
FNH:1
FNDA:15,(anonymous_0)
DA:1,1
DA:2,15
LF:2
LH:2
BRF:0
BRH:0
end_of_record
TN:
SF:src\utils\validation.ts
FN:41,(anonymous_0)
FN:43,(anonymous_1)
FN:53,(anonymous_2)
FN:55,(anonymous_3)
FN:57,(anonymous_4)
FN:63,(anonymous_5)
FN:71,(anonymous_6)
FN:79,(anonymous_7)
FNF:8
FNH:8
FNDA:7,(anonymous_0)
FNDA:7,(anonymous_1)
FNDA:7,(anonymous_2)
FNDA:7,(anonymous_3)
FNDA:7,(anonymous_4)
FNDA:38,(anonymous_5)
FNDA:9,(anonymous_6)
FNDA:8,(anonymous_7)
DA:1,8
DA:3,8
DA:40,8
DA:41,7
DA:44,7
DA:53,7
DA:55,7
DA:58,7
DA:64,38
DA:65,38
DA:66,38
DA:72,9
DA:79,8
LF:13
LH:13
BRF:0
BRH:0
end_of_record
TN:
SF:src\utils\blogContentParser\htmlParser.ts
FN:8,(anonymous_0)
FN:13,(anonymous_1)
FN:30,(anonymous_2)
FN:47,(anonymous_3)
FN:55,(anonymous_4)
FN:64,(anonymous_5)
FN:69,(anonymous_6)
FNF:7
FNH:6
FNDA:13,(anonymous_0)
FNDA:22,(anonymous_1)
FNDA:2,(anonymous_2)
FNDA:3,(anonymous_3)
FNDA:12,(anonymous_4)
FNDA:0,(anonymous_5)
FNDA:19,(anonymous_6)
DA:2,4
DA:4,4
DA:6,4
DA:8,4
DA:9,13
DA:10,13
DA:11,13
DA:13,13
DA:14,22
DA:15,6
DA:16,6
DA:17,5
DA:23,6
DA:26,16
DA:27,2
DA:28,2
DA:29,2
DA:30,2
DA:31,2
DA:38,2
DA:41,14
DA:42,14
DA:44,14
DA:45,14
DA:46,14
DA:47,3
DA:48,1
DA:51,13
DA:52,13
DA:53,12
DA:54,12
DA:55,12
DA:56,12
DA:64,0
DA:69,19
DA:71,13
DA:72,2
DA:79,13
LF:38
LH:37
BRDA:13,0,0,19
BRDA:14,1,0,6
BRDA:14,1,1,16
BRDA:16,2,0,5
BRDA:16,2,1,1
BRDA:26,3,0,2
BRDA:26,3,1,14
BRDA:26,4,0,16
BRDA:26,4,1,2
BRDA:28,5,0,2
BRDA:28,5,1,0
BRDA:41,6,0,14
BRDA:41,6,1,0
BRDA:44,7,0,14
BRDA:44,7,1,0
BRDA:46,8,0,1
BRDA:46,8,1,13
BRDA:52,9,0,12
BRDA:52,9,1,1
BRDA:71,10,0,2
BRDA:71,10,1,11
BRF:21
BRH:18
end_of_record
TN:
SF:src\utils\blogContentParser\index.ts
FN:5,(anonymous_0)
FNF:1
FNH:1
FNDA:17,(anonymous_0)
DA:2,4
DA:3,4
DA:5,4
DA:6,17
DA:7,17
DA:9,17
LF:6
LH:6
BRDA:5,0,0,0
BRDA:6,1,0,17
BRDA:6,1,1,4
BRDA:7,2,0,4
BRDA:7,2,1,13
BRF:5
BRH:4
end_of_record
TN:
SF:src\utils\blogContentParser\markdownParser.ts
FN:4,(anonymous_0)
FN:16,(anonymous_1)
FN:37,(anonymous_2)
FN:49,(anonymous_3)
FNF:4
FNH:3
FNDA:12,(anonymous_0)
FNDA:3,(anonymous_1)
FNDA:8,(anonymous_2)
FNDA:0,(anonymous_3)
DA:2,5
DA:4,5
DA:5,12
DA:6,12
DA:7,12
DA:8,12
DA:11,12
DA:12,7
DA:14,7
DA:15,3
DA:16,3
DA:17,3
DA:25,7
DA:31,7
DA:34,12
DA:35,12
DA:36,8
DA:37,8
DA:38,8
DA:46,12
DA:47,1
DA:48,1
DA:49,1
DA:50,0
DA:58,12
LF:25
LH:24
BRDA:14,0,0,3
BRDA:14,0,1,4
BRDA:35,1,0,8
BRDA:35,1,1,4
BRDA:46,2,0,1
BRDA:46,2,1,11
BRF:6
BRH:6
end_of_record
TN:
SF:src\utils\blogContentParser\shared.ts
FN:3,(anonymous_0)
FNF:1
FNH:1
FNDA:26,(anonymous_0)
DA:1,5
DA:3,5
DA:4,26
DA:5,26
DA:7,26
DA:8,0
DA:9,0
DA:12,26
DA:13,25
DA:16,26
DA:19,5
LF:11
LH:9
BRDA:3,0,0,0
BRDA:12,1,0,25
BRDA:12,1,1,1
BRF:3
BRH:2
end_of_record
